2025-12-05 05:07:49,967 INFO: Loading experimental parameters for 3 qubits from config.py
2025-12-05 05:07:49,968 INFO: Starting pipeline with metadata: {'timestamp': '20251205-050749', 'n_qubits': 3, 'baseline_steps': 60000, 'saboteur_steps': 20480, 'adversarial_gens': 5, 'adversarial_arch_steps': 12000, 'seed': None, 'n_seeds': 5, 'source': 'experiments.config', 'champion_save_last_steps': None, 'hall_of_fame_size': 5}
2025-12-05 05:07:49,969 INFO: Running baseline architect (noiseless)
2025-12-05 05:24:04,908 INFO: Skipping QuantumNAS baseline (disabled by default)
2025-12-05 05:24:04,909 INFO: Running lambda sweep experiment (ExpPlan Part 1, Exp 1.1) with n_seeds=5
2025-12-05 05:24:04,910 INFO: === Lambda Sweep Experiment (ExpPlan Part 1, Exp 1.1) ===
2025-12-05 05:24:04,910 INFO: Target: ghz, Mode: state_preparation
2025-12-05 05:24:04,910 INFO: Experiment label: ghz_state_preparation
2025-12-05 05:24:04,911 INFO: Lambda values: [0.001, 0.005, 0.01, 0.05, 0.1]
2025-12-05 05:24:04,911 INFO: Seeds per lambda: 5
2025-12-05 05:24:04,911 INFO: Qubits: 3
2025-12-05 05:24:04,911 INFO: Training steps per trial: 60000
2025-12-05 05:24:04,911 INFO: Steps per update (PPO n_steps): 2048
2025-12-05 05:24:04,911 INFO: Include rotations: True (types=['Rz', 'Rx'])
2025-12-05 05:24:04,911 INFO: Results directory: results/run_20251205-050749/lambda_sweep
2025-12-05 05:24:04,911 INFO: 
--- Lambda = 0.001 ---
2025-12-05 05:24:04,912 INFO:   Seed 1/5...
2025-12-05 05:40:47,026 INFO:     Best fidelity: 1.0000, CNOT count: 14, Success: True
2025-12-05 05:40:47,026 INFO:   Seed 2/5...
2025-12-05 05:57:56,275 INFO:     Best fidelity: 1.0000, CNOT count: 15, Success: True
2025-12-05 05:57:56,276 INFO:   Seed 3/5...
2025-12-05 06:14:49,760 INFO:     Best fidelity: 1.0000, CNOT count: 14, Success: True
2025-12-05 06:14:49,760 INFO:   Seed 4/5...
2025-12-05 06:31:43,130 INFO:     Best fidelity: 1.0000, CNOT count: 13, Success: True
2025-12-05 06:31:43,131 INFO:   Seed 5/5...
2025-12-05 06:48:39,024 INFO:     Best fidelity: 1.0000, CNOT count: 12, Success: True
2025-12-05 06:48:39,025 INFO:   Summary for λ=0.001:
2025-12-05 06:48:39,025 INFO:     Success rate: 100.00% (n=5)
2025-12-05 06:48:39,025 INFO:     Fidelity: 1.0000 ± 0.0000 (n=5)
2025-12-05 06:48:39,025 INFO:     CNOT count: 13.6000 ± 1.1402 (n=5)
2025-12-05 06:48:39,025 INFO: 
--- Lambda = 0.005 ---
2025-12-05 06:48:39,025 INFO:   Seed 1/5...
2025-12-05 07:05:27,946 INFO:     Best fidelity: 1.0000, CNOT count: 11, Success: True
2025-12-05 07:05:27,946 INFO:   Seed 2/5...
2025-12-05 07:22:28,335 INFO:     Best fidelity: 1.0000, CNOT count: 15, Success: True
2025-12-05 07:22:28,335 INFO:   Seed 3/5...
2025-12-05 07:39:31,982 INFO:     Best fidelity: 1.0000, CNOT count: 15, Success: True
2025-12-05 07:39:31,982 INFO:   Seed 4/5...
2025-12-05 07:56:20,097 INFO:     Best fidelity: 1.0000, CNOT count: 11, Success: True
2025-12-05 07:56:20,098 INFO:   Seed 5/5...
2025-12-05 08:13:10,178 INFO:     Best fidelity: 1.0000, CNOT count: 15, Success: True
2025-12-05 08:13:10,179 INFO:   Summary for λ=0.005:
2025-12-05 08:13:10,179 INFO:     Success rate: 100.00% (n=5)
2025-12-05 08:13:10,179 INFO:     Fidelity: 1.0000 ± 0.0000 (n=5)
2025-12-05 08:13:10,179 INFO:     CNOT count: 13.4000 ± 2.1909 (n=5)
2025-12-05 08:13:10,179 INFO: 
--- Lambda = 0.01 ---
2025-12-05 08:13:10,179 INFO:   Seed 1/5...
2025-12-05 08:29:59,673 INFO:     Best fidelity: 1.0000, CNOT count: 14, Success: True
2025-12-05 08:29:59,673 INFO:   Seed 2/5...
2025-12-05 08:46:45,958 INFO:     Best fidelity: 1.0000, CNOT count: 14, Success: True
2025-12-05 08:46:45,958 INFO:   Seed 3/5...
2025-12-05 09:03:49,507 INFO:     Best fidelity: 1.0000, CNOT count: 15, Success: True
2025-12-05 09:03:49,507 INFO:   Seed 4/5...
2025-12-05 09:21:07,122 INFO:     Best fidelity: 1.0000, CNOT count: 13, Success: True
2025-12-05 09:21:07,122 INFO:   Seed 5/5...
2025-12-05 09:37:45,300 INFO:     Best fidelity: 1.0000, CNOT count: 12, Success: True
2025-12-05 09:37:45,302 INFO:   Summary for λ=0.01:
2025-12-05 09:37:45,302 INFO:     Success rate: 100.00% (n=5)
2025-12-05 09:37:45,302 INFO:     Fidelity: 1.0000 ± 0.0000 (n=5)
2025-12-05 09:37:45,302 INFO:     CNOT count: 13.6000 ± 1.1402 (n=5)
2025-12-05 09:37:45,302 INFO: 
--- Lambda = 0.05 ---
2025-12-05 09:37:45,303 INFO:   Seed 1/5...
2025-12-05 09:54:16,005 INFO:     Best fidelity: 1.0000, CNOT count: 14, Success: True
2025-12-05 09:54:16,005 INFO:   Seed 2/5...
2025-12-05 10:10:52,906 INFO:     Best fidelity: 1.0000, CNOT count: 14, Success: True
2025-12-05 10:10:52,906 INFO:   Seed 3/5...
2025-12-05 10:27:40,334 INFO:     Best fidelity: 1.0000, CNOT count: 13, Success: True
2025-12-05 10:27:40,334 INFO:   Seed 4/5...
2025-12-05 10:44:12,272 INFO:     Best fidelity: 1.0000, CNOT count: 14, Success: True
2025-12-05 10:44:12,272 INFO:   Seed 5/5...
2025-12-05 11:00:44,298 INFO:     Best fidelity: 1.0000, CNOT count: 14, Success: True
2025-12-05 11:00:44,299 INFO:   Summary for λ=0.05:
2025-12-05 11:00:44,299 INFO:     Success rate: 100.00% (n=5)
2025-12-05 11:00:44,299 INFO:     Fidelity: 1.0000 ± 0.0000 (n=5)
2025-12-05 11:00:44,299 INFO:     CNOT count: 13.8000 ± 0.4472 (n=5)
2025-12-05 11:00:44,299 INFO: 
--- Lambda = 0.1 ---
2025-12-05 11:00:44,299 INFO:   Seed 1/5...
2025-12-05 11:17:19,419 INFO:     Best fidelity: 1.0000, CNOT count: 15, Success: True
2025-12-05 11:17:19,419 INFO:   Seed 2/5...
2025-12-05 11:34:18,707 INFO:     Best fidelity: 1.0000, CNOT count: 13, Success: True
2025-12-05 11:34:18,708 INFO:   Seed 3/5...
2025-12-05 11:51:27,448 INFO:     Best fidelity: 1.0000, CNOT count: 13, Success: True
2025-12-05 11:51:27,448 INFO:   Seed 4/5...
2025-12-05 12:08:09,394 INFO:     Best fidelity: 1.0000, CNOT count: 13, Success: True
2025-12-05 12:08:09,394 INFO:   Seed 5/5...
2025-12-05 12:24:41,961 INFO:     Best fidelity: 1.0000, CNOT count: 14, Success: True
2025-12-05 12:24:41,962 INFO:   Summary for λ=0.1:
2025-12-05 12:24:41,962 INFO:     Success rate: 100.00% (n=5)
2025-12-05 12:24:41,962 INFO:     Fidelity: 1.0000 ± 0.0000 (n=5)
2025-12-05 12:24:41,962 INFO:     CNOT count: 13.6000 ± 0.8944 (n=5)
2025-12-05 12:24:42,110 INFO: 
Results saved to results/run_20251205-050749/lambda_sweep/lambda_sweep_results.json
2025-12-05 12:24:42,706 INFO: Plot with error bars saved to results/run_20251205-050749/lambda_sweep/lambda_sweep_plot.png
2025-12-05 12:24:42,718 INFO: Summary files saved to results/run_20251205-050749/lambda_sweep
2025-12-05 12:24:42,718 INFO: Lambda sweep complete. Results saved to results/run_20251205-050749/lambda_sweep
2025-12-05 12:24:42,719 INFO: Running saboteur-only (attacks baseline circuit)
2025-12-05 12:29:07,241 INFO: Running adversarial co-evolution for 5 seeds (5 generations each)
2025-12-05 12:29:07,241 INFO: Adversarial training: seed index 0 (global seed=2042)
2025-12-05 12:29:07,241 INFO: Setting global seed = 2042
2025-12-05 12:50:06,635 INFO: Adversarial training: seed index 1 (global seed=2043)
2025-12-05 12:50:06,635 INFO: Setting global seed = 2043
2025-12-05 13:10:59,319 INFO: Adversarial training: seed index 2 (global seed=2044)
2025-12-05 13:10:59,320 INFO: Setting global seed = 2044
2025-12-05 13:31:54,643 INFO: Adversarial training: seed index 3 (global seed=2045)
2025-12-05 13:31:54,643 INFO: Setting global seed = 2045
2025-12-05 13:52:49,189 INFO: Adversarial training: seed index 4 (global seed=2046)
2025-12-05 13:52:49,190 INFO: Setting global seed = 2046
2025-12-05 14:13:58,455 INFO: Canonical adversarial run (for comparison): results/run_20251205-050749/adversarial/seed_0
2025-12-05 14:13:58,455 INFO: Plotting multi-seed coevolution from results/run_20251205-050749/adversarial
2025-12-05 14:14:02,082 INFO: [plot_coevolution_multiseed] Found runs:
  - results/run_20251205-050749/adversarial/seed_0
  - results/run_20251205-050749/adversarial/seed_1
  - results/run_20251205-050749/adversarial/seed_2
  - results/run_20251205-050749/adversarial/seed_3
  - results/run_20251205-050749/adversarial/seed_4
[plot_coevolution_multiseed] Saved multi-seed figure to results/run_20251205-050749/adversarial/coevolution_multiseed.png

2025-12-05 14:14:03,921 INFO: --- Generating Co-Evolution Plot for results/run_20251205-050749/adversarial/seed_0 ---
[plot_coevolution] Saved plot to results/run_20251205-050749/adversarial/coevolution_seed_0.png
2025-12-05 14:14:05,761 INFO: --- Generating Co-Evolution Plot for results/run_20251205-050749/adversarial/seed_1 ---
[plot_coevolution] Saved plot to results/run_20251205-050749/adversarial/coevolution_seed_1.png
2025-12-05 14:14:07,615 INFO: --- Generating Co-Evolution Plot for results/run_20251205-050749/adversarial/seed_2 ---
[plot_coevolution] Saved plot to results/run_20251205-050749/adversarial/coevolution_seed_2.png
2025-12-05 14:14:09,455 INFO: --- Generating Co-Evolution Plot for results/run_20251205-050749/adversarial/seed_3 ---
[plot_coevolution] Saved plot to results/run_20251205-050749/adversarial/coevolution_seed_3.png
2025-12-05 14:14:11,293 INFO: --- Generating Co-Evolution Plot for results/run_20251205-050749/adversarial/seed_4 ---
[plot_coevolution] Saved plot to results/run_20251205-050749/adversarial/coevolution_seed_4.png
2025-12-05 14:14:11,297 INFO: Robust circuit from results/run_20251205-050749/adversarial/seed_0 copied to results/run_20251205-050749/compare/run_0
2025-12-05 14:14:11,302 INFO: Robust circuit from results/run_20251205-050749/adversarial/seed_1 copied to results/run_20251205-050749/compare/run_1
2025-12-05 14:14:11,306 INFO: Robust circuit from results/run_20251205-050749/adversarial/seed_2 copied to results/run_20251205-050749/compare/run_2
2025-12-05 14:14:11,309 INFO: Robust circuit from results/run_20251205-050749/adversarial/seed_3 copied to results/run_20251205-050749/compare/run_3
2025-12-05 14:14:11,313 INFO: Robust circuit from results/run_20251205-050749/adversarial/seed_4 copied to results/run_20251205-050749/compare/run_4
2025-12-05 14:14:11,314 INFO: Running comparison across runs
2025-12-05 14:14:14,876 INFO: Running parameter recovery experiment
2025-12-05 14:14:14,877 INFO: === Parameter Recovery Experiment ===
2025-12-05 14:14:14,877 INFO: Qubits: 3
2025-12-05 14:14:14,877 INFO: Noise parameters to test: [0.02, 0.05, 0.08, 0.12, 0.16, 0.2, 0.25]
2025-12-05 14:14:14,877 INFO: Shots per trial: 150
2025-12-05 14:14:14,877 INFO: Repetitions per p (seeds): 5
2025-12-05 14:14:14,877 INFO: Base seed: 42
2025-12-05 14:14:14,877 INFO: Results directory: results/run_20251205-050749/parameter_recovery
2025-12-05 14:14:14,877 INFO: Loaded baseline circuit from results/run_20251205-050749/baseline/circuit_vanilla.json
2025-12-05 14:14:14,878 INFO: Loaded robust circuit from results/run_20251205-050749/compare/run_0/circuit_robust.json
2025-12-05 14:14:14,878 INFO: 
  Testing baseline circuit (n_repetitions=5):
2025-12-05 14:14:15,892 INFO:     p=0.020: recovered=0.0200±0.0004 (n=5), fidelity=0.6362±0.0054
2025-12-05 14:14:16,979 INFO:     p=0.050: recovered=0.0498±0.0002 (n=5), fidelity=0.3609±0.0010
2025-12-05 14:14:18,066 INFO:     p=0.080: recovered=0.0799±0.0005 (n=5), fidelity=0.2393±0.0014
2025-12-05 14:14:19,037 INFO:     p=0.120: recovered=0.1225±0.0004 (n=5), fidelity=0.1713±0.0004
2025-12-05 14:14:20,065 INFO:     p=0.160: recovered=0.1582±0.0045 (n=5), fidelity=0.1492±0.0019
2025-12-05 14:14:21,064 INFO:     p=0.200: recovered=0.2053±0.0106 (n=5), fidelity=0.1365±0.0018
2025-12-05 14:14:21,974 INFO:     p=0.250: recovered=0.2385±0.0134 (n=5), fidelity=0.1320±0.0013
2025-12-05 14:14:21,976 INFO: 
  Testing robust circuit (n_repetitions=5):
2025-12-05 14:14:22,158 INFO:     p=0.020: recovered=0.0199±0.0003 (n=5), fidelity=0.9168±0.0014
2025-12-05 14:14:22,325 INFO:     p=0.050: recovered=0.0505±0.0005 (n=5), fidelity=0.8013±0.0018
2025-12-05 14:14:22,499 INFO:     p=0.080: recovered=0.0804±0.0008 (n=5), fidelity=0.7011±0.0026
2025-12-05 14:14:22,667 INFO:     p=0.120: recovered=0.1193±0.0010 (n=5), fidelity=0.5879±0.0027
2025-12-05 14:14:22,835 INFO:     p=0.160: recovered=0.1604±0.0009 (n=5), fidelity=0.4877±0.0020
2025-12-05 14:14:23,018 INFO:     p=0.200: recovered=0.2022±0.0019 (n=5), fidelity=0.4036±0.0035
2025-12-05 14:14:23,185 INFO:     p=0.250: recovered=0.2502±0.0020 (n=5), fidelity=0.3262±0.0028
2025-12-05 14:14:23,189 INFO: 
Results saved to results/run_20251205-050749/parameter_recovery/parameter_recovery_results.json
2025-12-05 14:14:23,481 INFO: Plot saved to results/run_20251205-050749/parameter_recovery/parameter_recovery_plot.png
2025-12-05 14:14:23,490 INFO: Summary saved to results/run_20251205-050749/parameter_recovery/parameter_recovery_summary.txt
2025-12-05 14:14:23,490 INFO: 
=== Parameter Recovery Experiment Complete ===
2025-12-05 14:14:23,491 INFO: Running cross-noise robustness experiment
2025-12-05 14:14:23,491 INFO: === Cross-Noise Robustness Experiment (ExpPlan Part 2, Exp 2.1) ===
2025-12-05 14:14:23,491 INFO: Baseline circuit: results/run_20251205-050749/compare/run_0/circuit_vanilla.json
2025-12-05 14:14:23,491 INFO: Robust circuit: results/run_20251205-050749/compare/run_0/circuit_robust.json
2025-12-05 14:14:23,491 INFO: Output directory: results/run_20251205-050749/cross_noise/cross_noise_20251205-141423
2025-12-05 14:14:23,491 INFO: Number of qubits: 3
2025-12-05 14:14:23,491 INFO: Number of seeds: 5
2025-12-05 14:14:23,491 INFO: Base seed: 42
2025-12-05 14:14:23,492 INFO: Loaded baseline circuit with 16 operations
2025-12-05 14:14:23,493 INFO: Loaded robust circuit with 3 operations
2025-12-05 14:14:23,496 INFO: Clean fidelities — baseline: 1.0000, robust: 1.0000; using shared reference 1.0000
2025-12-05 14:14:23,496 INFO: 
--- Over-rotation sweep (ε ∈ [0.0, 0.2]) ---
2025-12-05 14:14:23,678 INFO: Baseline avg retention ratio (over-rotation): 0.8685
2025-12-05 14:14:23,678 INFO: Robust avg retention ratio (over-rotation): 0.9798
2025-12-05 14:14:23,678 INFO: 
--- Asymmetric Pauli noise sweep (p_x in [0.05], p_y=0.0, p_z=0.0) ---
2025-12-05 14:14:23,780 INFO: p_x=0.050 | Baseline retention: 0.3740 | Robust retention: 0.8170
2025-12-05 14:14:23,782 INFO: 
Results saved to results/run_20251205-050749/cross_noise/cross_noise_20251205-141423/cross_noise_results.json
2025-12-07 00:55:11,741 INFO: Loading experimental parameters for 3 qubits from config.py
2025-12-07 00:55:11,743 INFO: Starting pipeline with metadata: {'timestamp': '20251207-005511', 'n_qubits': 3, 'baseline_steps': 60000, 'saboteur_steps': 20480, 'adversarial_gens': 5, 'adversarial_arch_steps': 12000, 'seed': None, 'n_seeds': 5, 'source': 'experiments.config', 'champion_save_last_steps': None, 'hall_of_fame_size': 5}
2025-12-07 00:55:11,743 INFO: Skipping baseline as requested
2025-12-07 00:55:11,744 INFO: Skipping QuantumNAS baseline (disabled by default)
2025-12-07 00:55:11,744 INFO: Skipping lambda sweep as requested
2025-12-07 00:55:11,744 INFO: Skipping saboteur-only as requested
2025-12-07 00:55:11,745 INFO: Skipping adversarial as requested
2025-12-07 00:55:11,747 INFO: Discovered 5 existing adversarial run(s) with robust circuits
2025-12-07 00:55:11,752 INFO: Robust circuit from results/run_20251205-050749/adversarial/seed_0 copied to results/run_20251205-050749/compare/run_0
2025-12-07 00:55:11,758 INFO: Robust circuit from results/run_20251205-050749/adversarial/seed_1 copied to results/run_20251205-050749/compare/run_1
2025-12-07 00:55:11,762 INFO: Robust circuit from results/run_20251205-050749/adversarial/seed_2 copied to results/run_20251205-050749/compare/run_2
2025-12-07 00:55:11,766 INFO: Robust circuit from results/run_20251205-050749/adversarial/seed_3 copied to results/run_20251205-050749/compare/run_3
2025-12-07 00:55:11,771 INFO: Robust circuit from results/run_20251205-050749/adversarial/seed_4 copied to results/run_20251205-050749/compare/run_4
2025-12-07 00:55:11,771 INFO: Running comparison across runs
2025-12-07 00:55:16,738 INFO: Running cross-noise robustness experiment
2025-12-07 00:55:16,739 INFO: === Cross-Noise Robustness Experiment (ExpPlan Part 2, Exp 2.1) ===
2025-12-07 00:55:16,739 INFO: Baseline circuit: results/run_20251205-050749/compare/run_0/circuit_vanilla.json
2025-12-07 00:55:16,739 INFO: Robust circuit: results/run_20251205-050749/compare/run_0/circuit_robust.json
2025-12-07 00:55:16,739 INFO: Output directory: results/run_20251205-050749/cross_noise/cross_noise_20251207-005516
2025-12-07 00:55:16,739 INFO: Number of qubits: 3
2025-12-07 00:55:16,739 INFO: Number of seeds: 5
2025-12-07 00:55:16,739 INFO: Base seed: 42
2025-12-07 00:55:16,740 INFO: Loaded baseline circuit with 16 operations
2025-12-07 00:55:16,740 INFO: Loaded robust circuit with 3 operations
2025-12-07 00:55:16,743 INFO: Clean fidelities — baseline: 1.0000, robust: 1.0000; using shared reference 1.0000
2025-12-07 00:55:16,743 INFO: 
--- Over-rotation sweep (ε ∈ [0.0, 0.2]) ---
2025-12-07 00:55:16,924 INFO: Baseline avg retention ratio (over-rotation): 0.8685
2025-12-07 00:55:16,924 INFO: Robust avg retention ratio (over-rotation): 0.9798
2025-12-07 00:55:16,924 INFO: 
--- Asymmetric Pauli noise sweep (p_x in [0.05], p_y=0.0, p_z=0.0) ---
2025-12-07 00:55:17,026 INFO: p_x=0.050 | Baseline retention: 0.3740 | Robust retention: 0.8170
2025-12-07 00:55:17,027 INFO: 
Results saved to results/run_20251205-050749/cross_noise/cross_noise_20251207-005516/cross_noise_results.json
2025-12-07 00:55:17,277 INFO: Plot saved to results/run_20251205-050749/cross_noise/cross_noise_20251207-005516/cross_noise_robustness.png
2025-12-07 00:55:17,278 INFO: Summary saved to results/run_20251205-050749/cross_noise/cross_noise_20251207-005516/cross_noise_summary.txt
2025-12-07 00:55:17,283 INFO: 
=== Cross-Noise Robustness Experiment Complete ===
2025-12-07 00:55:17,338 INFO: Fidelity summary written to results/run_20251205-050749/analysis/fidelity_raw_data.csv
2025-12-07 00:55:20,398 ERROR: Error summarizing robustness: module 'cirq' has no attribute 'AmplitudeDamping'
2025-12-07 00:55:20,398 INFO: Pipeline finished. Results in results/run_20251205-050749
2025-12-07 00:56:57,286 INFO: Loading experimental parameters for 3 qubits from config.py
2025-12-07 00:56:57,288 INFO: Starting pipeline with metadata: {'timestamp': '20251207-005657', 'n_qubits': 3, 'baseline_steps': 60000, 'saboteur_steps': 20480, 'adversarial_gens': 5, 'adversarial_arch_steps': 12000, 'seed': None, 'n_seeds': 5, 'source': 'experiments.config', 'champion_save_last_steps': None, 'hall_of_fame_size': 5}
2025-12-07 00:56:57,288 INFO: Skipping baseline as requested
2025-12-07 00:56:57,289 INFO: Skipping QuantumNAS baseline (disabled by default)
2025-12-07 00:56:57,289 INFO: Skipping lambda sweep as requested
2025-12-07 00:56:57,289 INFO: Skipping saboteur-only as requested
2025-12-07 00:56:57,290 INFO: Skipping adversarial as requested
2025-12-07 00:56:57,292 INFO: Discovered 5 existing adversarial run(s) with robust circuits
2025-12-07 00:56:57,297 INFO: Robust circuit from results/run_20251205-050749/adversarial/seed_0 copied to results/run_20251205-050749/compare/run_0
2025-12-07 00:56:57,303 INFO: Robust circuit from results/run_20251205-050749/adversarial/seed_1 copied to results/run_20251205-050749/compare/run_1
2025-12-07 00:56:57,308 INFO: Robust circuit from results/run_20251205-050749/adversarial/seed_2 copied to results/run_20251205-050749/compare/run_2
2025-12-07 00:56:57,312 INFO: Robust circuit from results/run_20251205-050749/adversarial/seed_3 copied to results/run_20251205-050749/compare/run_3
2025-12-07 00:56:57,316 INFO: Robust circuit from results/run_20251205-050749/adversarial/seed_4 copied to results/run_20251205-050749/compare/run_4
2025-12-07 00:56:57,316 INFO: Running comparison across runs
2025-12-07 00:57:02,041 INFO: Running cross-noise robustness experiment
2025-12-07 00:57:02,041 INFO: === Cross-Noise Robustness Experiment (ExpPlan Part 2, Exp 2.1) ===
2025-12-07 00:57:02,041 INFO: Baseline circuit: results/run_20251205-050749/compare/run_0/circuit_vanilla.json
2025-12-07 00:57:02,041 INFO: Robust circuit: results/run_20251205-050749/compare/run_0/circuit_robust.json
2025-12-07 00:57:02,041 INFO: Output directory: results/run_20251205-050749/cross_noise/cross_noise_20251207-005702
2025-12-07 00:57:02,041 INFO: Number of qubits: 3
2025-12-07 00:57:02,041 INFO: Number of seeds: 5
2025-12-07 00:57:02,041 INFO: Base seed: 42
2025-12-07 00:57:02,042 INFO: Loaded baseline circuit with 16 operations
2025-12-07 00:57:02,043 INFO: Loaded robust circuit with 3 operations
2025-12-07 00:57:02,045 INFO: Clean fidelities — baseline: 1.0000, robust: 1.0000; using shared reference 1.0000
2025-12-07 00:57:02,046 INFO: 
--- Over-rotation sweep (ε ∈ [0.0, 0.2]) ---
2025-12-07 00:57:02,229 INFO: Baseline avg retention ratio (over-rotation): 0.8685
2025-12-07 00:57:02,229 INFO: Robust avg retention ratio (over-rotation): 0.9798
2025-12-07 00:57:02,229 INFO: 
--- Asymmetric Pauli noise sweep (p_x in [0.05], p_y=0.0, p_z=0.0) ---
2025-12-07 00:57:02,331 INFO: p_x=0.050 | Baseline retention: 0.3740 | Robust retention: 0.8170
2025-12-07 00:57:02,332 INFO: 
Results saved to results/run_20251205-050749/cross_noise/cross_noise_20251207-005702/cross_noise_results.json
2025-12-07 00:57:02,584 INFO: Plot saved to results/run_20251205-050749/cross_noise/cross_noise_20251207-005702/cross_noise_robustness.png
2025-12-07 00:57:02,586 INFO: Summary saved to results/run_20251205-050749/cross_noise/cross_noise_20251207-005702/cross_noise_summary.txt
2025-12-07 00:57:02,595 INFO: 
=== Cross-Noise Robustness Experiment Complete ===
2025-12-07 00:57:02,652 INFO: Fidelity summary written to results/run_20251205-050749/analysis/fidelity_raw_data.csv
2025-12-07 00:57:09,167 INFO: Robustness sweep written to results/run_20251205-050749/analysis/robustness_sweep.json/results/run_20251205-050749/analysis/robustness_sweep.csv (legacy compare uses family=depolarizing, budget=1)
2025-12-07 00:57:09,167 INFO: Pipeline finished. Results in results/run_20251205-050749
2025-12-07 01:41:33,009 INFO: Loading experimental parameters for 3 qubits from config.py
2025-12-07 01:41:33,011 INFO: Starting pipeline with metadata: {'timestamp': '20251207-014133', 'n_qubits': 3, 'baseline_steps': 60000, 'saboteur_steps': 20480, 'adversarial_gens': 5, 'adversarial_arch_steps': 12000, 'seed': None, 'n_seeds': 5, 'source': 'experiments.config', 'champion_save_last_steps': None, 'hall_of_fame_size': 5}
2025-12-07 01:41:33,011 INFO: Skipping baseline as requested
2025-12-07 01:41:33,011 INFO: Skipping QuantumNAS baseline (disabled by default)
2025-12-07 01:41:33,011 INFO: Skipping lambda sweep as requested
2025-12-07 01:41:33,012 INFO: Skipping saboteur-only as requested
2025-12-07 01:41:33,012 INFO: Skipping adversarial as requested
2025-12-07 01:41:33,015 INFO: Discovered 5 existing adversarial run(s) with robust circuits
2025-12-07 01:41:33,020 INFO: Robust circuit from results/1/adversarial/seed_0 copied to results/1/compare/run_0
2025-12-07 01:41:33,024 INFO: Robust circuit from results/1/adversarial/seed_1 copied to results/1/compare/run_1
2025-12-07 01:41:33,027 INFO: Robust circuit from results/1/adversarial/seed_2 copied to results/1/compare/run_2
2025-12-07 01:41:33,030 INFO: Robust circuit from results/1/adversarial/seed_3 copied to results/1/compare/run_3
2025-12-07 01:41:33,036 INFO: Robust circuit from results/1/adversarial/seed_4 copied to results/1/compare/run_4
2025-12-07 01:41:33,036 INFO: Running comparison across runs
2025-12-07 01:41:36,697 INFO: Running cross-noise robustness experiment
2025-12-07 01:41:36,698 INFO: === Cross-Noise Robustness Experiment (ExpPlan Part 2, Exp 2.1) ===
2025-12-07 01:41:36,698 INFO: Baseline circuit: results/1/compare/run_0/circuit_vanilla.json
2025-12-07 01:41:36,698 INFO: Robust circuit: results/1/compare/run_0/circuit_robust.json
2025-12-07 01:41:36,698 INFO: Output directory: results/1/cross_noise/cross_noise_20251207-014136
2025-12-07 01:41:36,698 INFO: Number of qubits: 3
2025-12-07 01:41:36,698 INFO: Number of seeds: 5
2025-12-07 01:41:36,698 INFO: Base seed: 42
2025-12-07 01:41:36,699 INFO: Loaded baseline circuit with 16 operations
2025-12-07 01:41:36,699 INFO: Loaded robust circuit with 3 operations
2025-12-07 01:41:36,702 INFO: Clean fidelities — baseline: 1.0000, robust: 1.0000; using shared reference 1.0000
2025-12-07 01:41:36,702 INFO: 
--- Over-rotation sweep (ε ∈ [0.0, 0.2]) ---
2025-12-07 01:41:36,880 INFO: Baseline avg retention ratio (over-rotation): 0.8685
2025-12-07 01:41:36,880 INFO: Robust avg retention ratio (over-rotation): 0.9798
2025-12-07 01:41:36,880 INFO: 
--- Asymmetric Pauli noise sweep (p_x in [0.05], p_y=0.0, p_z=0.0) ---
2025-12-07 01:41:36,980 INFO: p_x=0.050 | Baseline retention: 0.3740 | Robust retention: 0.8170
2025-12-07 01:41:36,982 INFO: 
Results saved to results/1/cross_noise/cross_noise_20251207-014136/cross_noise_results.json
2025-12-07 01:41:37,229 INFO: Plot saved to results/1/cross_noise/cross_noise_20251207-014136/cross_noise_robustness.png
2025-12-07 01:41:37,230 INFO: Summary saved to results/1/cross_noise/cross_noise_20251207-014136/cross_noise_summary.txt
2025-12-07 01:41:37,234 INFO: 
=== Cross-Noise Robustness Experiment Complete ===
2025-12-07 01:41:37,289 INFO: Fidelity summary written to results/1/analysis/fidelity_raw_data.csv
2025-12-07 01:41:45,513 INFO: Robustness sweep written to results/1/analysis/robustness_sweep.json/results/1/analysis/robustness_sweep.csv (legacy compare uses family=depolarizing, budget=1)
2025-12-07 01:41:45,513 INFO: Pipeline finished. Results in results/1
2025-12-08 02:34:32,969 INFO: Loading experimental parameters for 3 qubits from config.py
2025-12-08 02:34:32,970 INFO: Starting pipeline with metadata: {'timestamp': '20251208-023432', 'n_qubits': 3, 'baseline_steps': 60000, 'saboteur_steps': 20480, 'adversarial_gens': 5, 'adversarial_arch_steps': 12000, 'seed': None, 'n_seeds': 5, 'source': 'experiments.config', 'champion_save_last_steps': None, 'hall_of_fame_size': 5}
2025-12-08 02:34:32,971 INFO: Skipping baseline as requested
2025-12-08 02:34:32,971 INFO: Running QuantumNAS baseline
2025-12-08 02:34:32,971 INFO: Running simple TorchQuantum baseline (task=ghz, epochs=400, depth=4, lr=0.0500, augment_depth=True)
2025-12-08 02:34:44,803 INFO: [GHZ] epoch 40/400 fidelity 0.988890
[GHZ] epoch 80/400 fidelity 0.999782
[GHZ] epoch 120/400 fidelity 0.999992
[GHZ] epoch 160/400 fidelity 0.999998
[GHZ] epoch 200/400 fidelity 0.999999
[GHZ] epoch 240/400 fidelity 0.999999
[GHZ] epoch 280/400 fidelity 0.999999
[GHZ] epoch 320/400 fidelity 0.999999
[GHZ] epoch 360/400 fidelity 1.000000
[GHZ] epoch 400/400 fidelity 1.000000
[GHZ] Saved circuit to results/1/quantumnas/circuit_quantumnas.json
2025-12-08 02:34:44,804 INFO: QuantumNAS circuit saved to results/1/quantumnas/circuit_quantumnas.json
2025-12-08 02:34:44,808 INFO: Truncated circuit at results/1/quantumnas/circuit_quantumnas.json from 20 to 15 gates
2025-12-08 02:34:44,809 INFO: Skipping lambda sweep as requested
2025-12-08 02:34:44,809 INFO: Skipping saboteur-only as requested
2025-12-08 02:34:44,809 INFO: Skipping adversarial as requested
2025-12-08 02:34:44,811 INFO: Discovered 5 existing adversarial run(s) with robust circuits
2025-12-08 02:34:44,815 INFO: Robust circuit from results/1/adversarial/seed_0 copied to results/1/compare/run_0
2025-12-08 02:34:44,819 INFO: Robust circuit from results/1/adversarial/seed_1 copied to results/1/compare/run_1
2025-12-08 02:34:44,822 INFO: Robust circuit from results/1/adversarial/seed_2 copied to results/1/compare/run_2
2025-12-08 02:34:44,825 INFO: Robust circuit from results/1/adversarial/seed_3 copied to results/1/compare/run_3
2025-12-08 02:34:44,828 INFO: Robust circuit from results/1/adversarial/seed_4 copied to results/1/compare/run_4
2025-12-08 02:34:44,839 INFO: QuantumNAS circuit copied into compare runs for analysis.
2025-12-08 02:34:44,839 INFO: Running comparison across runs
2025-12-08 02:34:54,409 INFO: Running cross-noise robustness experiment
2025-12-08 02:34:54,410 INFO: === Cross-Noise Robustness Experiment (ExpPlan Part 2, Exp 2.1) ===
2025-12-08 02:34:54,410 INFO: Baseline circuit: results/1/compare/run_0/circuit_vanilla.json
2025-12-08 02:34:54,410 INFO: Robust circuit: results/1/compare/run_0/circuit_robust.json
2025-12-08 02:34:54,410 INFO: Output directory: results/1/cross_noise/cross_noise_20251208-023454
2025-12-08 02:34:54,410 INFO: Number of qubits: 3
2025-12-08 02:34:54,410 INFO: Number of seeds: 5
2025-12-08 02:34:54,410 INFO: Base seed: 42
2025-12-08 02:34:54,411 INFO: Loaded baseline circuit with 16 operations
2025-12-08 02:34:54,412 INFO: Loaded robust circuit with 3 operations
2025-12-08 02:34:54,413 INFO: Loaded QuantumNAS circuit with 15 operations
2025-12-08 02:34:54,421 INFO: Clean fidelities — baseline: 1.0000, robust: 1.0000, quantumnas: 0.0259; using shared reference 1.0000
2025-12-08 02:34:54,421 INFO: 
--- Over-rotation sweep (ε ∈ [0.0, 0.2]) ---
2025-12-08 02:34:54,736 INFO: Baseline avg retention ratio (over-rotation): 0.8685
2025-12-08 02:34:54,737 INFO: Robust avg retention ratio (over-rotation): 0.9798
2025-12-08 02:34:54,737 INFO: 
--- Asymmetric Pauli noise sweep (p_x in [0.05], p_y=0.0, p_z=0.0) ---
2025-12-08 02:34:55,033 INFO: p_x=0.050 | Baseline retention: 0.3740 | Robust retention: 0.8170 | QuantumNAS retention: 0.1255
2025-12-08 02:34:55,254 INFO: 
Results saved to results/1/cross_noise/cross_noise_20251208-023454/cross_noise_results.json
2025-12-08 02:34:55,743 INFO: Plot saved to results/1/cross_noise/cross_noise_20251208-023454/cross_noise_robustness.png
2025-12-08 02:34:55,744 INFO: Summary saved to results/1/cross_noise/cross_noise_20251208-023454/cross_noise_summary.txt
2025-12-08 02:34:55,752 INFO: 
=== Cross-Noise Robustness Experiment Complete ===
2025-12-08 02:34:55,832 INFO: Fidelity summary written to results/1/analysis/fidelity_raw_data.csv
2025-12-08 02:35:19,600 INFO: Robustness sweep written to results/1/analysis/robustness_sweep.json/results/1/analysis/robustness_sweep.csv (legacy compare uses family=depolarizing, budget=1)
2025-12-08 02:35:19,600 INFO: Pipeline finished. Results in results/1
2025-12-08 02:37:04,716 INFO: Loading experimental parameters for 3 qubits from config.py
2025-12-08 02:37:04,717 INFO: Starting pipeline with metadata: {'timestamp': '20251208-023704', 'n_qubits': 3, 'baseline_steps': 60000, 'saboteur_steps': 20480, 'adversarial_gens': 5, 'adversarial_arch_steps': 12000, 'seed': None, 'n_seeds': 5, 'source': 'experiments.config', 'champion_save_last_steps': None, 'hall_of_fame_size': 5}
2025-12-08 02:37:04,717 INFO: Skipping baseline as requested
2025-12-08 02:37:04,718 INFO: Running QuantumNAS baseline
2025-12-08 02:37:04,718 INFO: Running simple TorchQuantum baseline (task=ghz, epochs=400, depth=4, lr=0.0500, augment_depth=True)
2025-12-08 02:37:14,367 INFO: [GHZ] epoch 40/400 fidelity 0.996363
[GHZ] epoch 80/400 fidelity 0.999748
[GHZ] epoch 120/400 fidelity 0.999965
[GHZ] epoch 160/400 fidelity 0.999983
[GHZ] epoch 200/400 fidelity 0.999990
[GHZ] epoch 240/400 fidelity 0.999994
[GHZ] epoch 280/400 fidelity 0.999997
[GHZ] epoch 320/400 fidelity 0.999998
[GHZ] epoch 360/400 fidelity 0.999999
[GHZ] epoch 400/400 fidelity 0.999999
[GHZ] Saved circuit to results/1/quantumnas/circuit_quantumnas.json
2025-12-08 02:37:14,367 INFO: QuantumNAS circuit saved to results/1/quantumnas/circuit_quantumnas.json
2025-12-08 02:37:14,372 INFO: Truncated circuit at results/1/quantumnas/circuit_quantumnas.json from 20 to 15 gates
2025-12-08 02:37:14,372 INFO: Skipping lambda sweep as requested
2025-12-08 02:37:14,373 INFO: Skipping saboteur-only as requested
2025-12-08 02:37:14,373 INFO: Skipping adversarial as requested
2025-12-08 02:37:14,375 INFO: Discovered 5 existing adversarial run(s) with robust circuits
2025-12-08 02:37:14,380 INFO: Robust circuit from results/1/adversarial/seed_0 copied to results/1/compare/run_0
2025-12-08 02:37:14,385 INFO: Robust circuit from results/1/adversarial/seed_1 copied to results/1/compare/run_1
2025-12-08 02:37:14,388 INFO: Robust circuit from results/1/adversarial/seed_2 copied to results/1/compare/run_2
2025-12-08 02:37:14,391 INFO: Robust circuit from results/1/adversarial/seed_3 copied to results/1/compare/run_3
2025-12-08 02:37:14,394 INFO: Robust circuit from results/1/adversarial/seed_4 copied to results/1/compare/run_4
2025-12-08 02:37:14,405 INFO: QuantumNAS circuit copied into compare runs for analysis.
2025-12-08 02:37:14,405 INFO: Running comparison across runs
2025-12-08 02:37:21,616 INFO: Running cross-noise robustness experiment
2025-12-08 02:37:21,617 INFO: === Cross-Noise Robustness Experiment (ExpPlan Part 2, Exp 2.1) ===
2025-12-08 02:37:21,617 INFO: Baseline circuit: results/1/compare/run_0/circuit_vanilla.json
2025-12-08 02:37:21,617 INFO: Robust circuit: results/1/compare/run_0/circuit_robust.json
2025-12-08 02:37:21,617 INFO: Output directory: results/1/cross_noise/cross_noise_20251208-023721
2025-12-08 02:37:21,617 INFO: Number of qubits: 3
2025-12-08 02:37:21,617 INFO: Number of seeds: 5
2025-12-08 02:37:21,617 INFO: Base seed: 42
2025-12-08 02:37:21,619 INFO: Loaded baseline circuit with 16 operations
2025-12-08 02:37:21,619 INFO: Loaded robust circuit with 3 operations
2025-12-08 02:37:21,620 INFO: Loaded QuantumNAS circuit with 15 operations
2025-12-08 02:37:21,626 INFO: Clean fidelities — baseline: 1.0000, robust: 1.0000, quantumnas: 0.2183; using shared reference 1.0000
2025-12-08 02:37:21,626 INFO: 
--- Over-rotation sweep (ε ∈ [0.0, 0.2]) ---
2025-12-08 02:37:21,860 INFO: Baseline avg retention ratio (over-rotation): 0.8685
2025-12-08 02:37:21,860 INFO: Robust avg retention ratio (over-rotation): 0.9798
2025-12-08 02:37:21,860 INFO: 
--- Asymmetric Pauli noise sweep (p_x in [0.05], p_y=0.0, p_z=0.0) ---
2025-12-08 02:37:22,075 INFO: p_x=0.050 | Baseline retention: 0.3740 | Robust retention: 0.8170 | QuantumNAS retention: 0.1563
2025-12-08 02:37:22,239 INFO: 
Results saved to results/1/cross_noise/cross_noise_20251208-023721/cross_noise_results.json
2025-12-08 02:37:22,591 INFO: Plot saved to results/1/cross_noise/cross_noise_20251208-023721/cross_noise_robustness.png
2025-12-08 02:37:22,592 INFO: Summary saved to results/1/cross_noise/cross_noise_20251208-023721/cross_noise_summary.txt
2025-12-08 02:37:22,601 INFO: 
=== Cross-Noise Robustness Experiment Complete ===
2025-12-08 02:37:22,668 INFO: Fidelity summary written to results/1/analysis/fidelity_raw_data.csv
2025-12-08 02:37:40,345 INFO: Robustness sweep written to results/1/analysis/robustness_sweep.json/results/1/analysis/robustness_sweep.csv (legacy compare uses family=depolarizing, budget=1)
2025-12-08 02:37:40,345 INFO: Pipeline finished. Results in results/1
2025-12-08 02:38:45,553 INFO: Loading experimental parameters for 3 qubits from config.py
2025-12-08 02:38:45,554 INFO: Starting pipeline with metadata: {'timestamp': '20251208-023845', 'n_qubits': 3, 'baseline_steps': 60000, 'saboteur_steps': 20480, 'adversarial_gens': 5, 'adversarial_arch_steps': 12000, 'seed': None, 'n_seeds': 5, 'source': 'experiments.config', 'champion_save_last_steps': None, 'hall_of_fame_size': 5}
2025-12-08 02:38:45,555 INFO: Skipping baseline as requested
2025-12-08 02:38:45,555 INFO: Running QuantumNAS baseline
2025-12-08 02:38:45,555 INFO: Running simple TorchQuantum baseline (task=ghz, epochs=400, depth=4, lr=0.0500, augment_depth=True)
2025-12-08 02:38:54,911 INFO: [GHZ] epoch 40/400 fidelity 0.996423
[GHZ] epoch 80/400 fidelity 0.999808
[GHZ] epoch 120/400 fidelity 0.999955
[GHZ] epoch 160/400 fidelity 0.999964
[GHZ] epoch 200/400 fidelity 0.999970
[GHZ] epoch 240/400 fidelity 0.999975
[GHZ] epoch 280/400 fidelity 0.999979
[GHZ] epoch 320/400 fidelity 0.999983
[GHZ] epoch 360/400 fidelity 0.999985
[GHZ] epoch 400/400 fidelity 0.999987
[GHZ] Saved circuit to results/1/quantumnas/circuit_quantumnas.json
2025-12-08 02:38:54,911 INFO: QuantumNAS circuit saved to results/1/quantumnas/circuit_quantumnas.json
2025-12-08 02:38:54,916 INFO: Truncated circuit at results/1/quantumnas/circuit_quantumnas.json from 20 to 15 gates
2025-12-08 02:38:54,916 INFO: Skipping lambda sweep as requested
2025-12-08 02:38:54,917 INFO: Skipping saboteur-only as requested
2025-12-08 02:38:54,917 INFO: Skipping adversarial as requested
2025-12-08 02:38:54,919 INFO: Discovered 5 existing adversarial run(s) with robust circuits
2025-12-08 02:38:54,924 INFO: Robust circuit from results/1/adversarial/seed_0 copied to results/1/compare/run_0
2025-12-08 02:38:54,930 INFO: Robust circuit from results/1/adversarial/seed_1 copied to results/1/compare/run_1
2025-12-08 02:38:54,934 INFO: Robust circuit from results/1/adversarial/seed_2 copied to results/1/compare/run_2
2025-12-08 02:38:54,937 INFO: Robust circuit from results/1/adversarial/seed_3 copied to results/1/compare/run_3
2025-12-08 02:38:54,941 INFO: Robust circuit from results/1/adversarial/seed_4 copied to results/1/compare/run_4
2025-12-08 02:38:54,953 INFO: QuantumNAS circuit copied into compare runs for analysis.
2025-12-08 02:38:54,953 INFO: Running comparison across runs
2025-12-08 02:39:02,079 INFO: Running cross-noise robustness experiment
2025-12-08 02:39:02,080 INFO: === Cross-Noise Robustness Experiment (ExpPlan Part 2, Exp 2.1) ===
2025-12-08 02:39:02,080 INFO: Baseline circuit: results/1/compare/run_0/circuit_vanilla.json
2025-12-08 02:39:02,080 INFO: Robust circuit: results/1/compare/run_0/circuit_robust.json
2025-12-08 02:39:02,080 INFO: Output directory: results/1/cross_noise/cross_noise_20251208-023902
2025-12-08 02:39:02,080 INFO: Number of qubits: 3
2025-12-08 02:39:02,080 INFO: Number of seeds: 5
2025-12-08 02:39:02,080 INFO: Base seed: 42
2025-12-08 02:39:02,081 INFO: Loaded baseline circuit with 16 operations
2025-12-08 02:39:02,082 INFO: Loaded robust circuit with 3 operations
2025-12-08 02:39:02,083 INFO: Loaded QuantumNAS circuit with 15 operations
2025-12-08 02:39:02,089 INFO: Clean fidelities — baseline: 1.0000, robust: 1.0000, quantumnas: 0.1466; using shared reference 1.0000
2025-12-08 02:39:02,089 INFO: 
--- Over-rotation sweep (ε ∈ [0.0, 0.2]) ---
2025-12-08 02:39:02,325 INFO: Baseline avg retention ratio (over-rotation): 0.8685
2025-12-08 02:39:02,325 INFO: Robust avg retention ratio (over-rotation): 0.9798
2025-12-08 02:39:02,325 INFO: 
--- Asymmetric Pauli noise sweep (p_x in [0.05], p_y=0.0, p_z=0.0) ---
2025-12-08 02:39:02,543 INFO: p_x=0.050 | Baseline retention: 0.3740 | Robust retention: 0.8170 | QuantumNAS retention: 0.1260
2025-12-08 02:39:02,708 INFO: 
Results saved to results/1/cross_noise/cross_noise_20251208-023902/cross_noise_results.json
2025-12-08 02:39:03,061 INFO: Plot saved to results/1/cross_noise/cross_noise_20251208-023902/cross_noise_robustness.png
2025-12-08 02:39:03,062 INFO: Summary saved to results/1/cross_noise/cross_noise_20251208-023902/cross_noise_summary.txt
2025-12-08 02:39:03,068 INFO: 
=== Cross-Noise Robustness Experiment Complete ===
2025-12-08 02:39:03,155 INFO: Fidelity summary written to results/1/analysis/fidelity_raw_data.csv
2025-12-08 02:39:20,748 INFO: Robustness sweep written to results/1/analysis/robustness_sweep.json/results/1/analysis/robustness_sweep.csv (legacy compare uses family=depolarizing, budget=1)
2025-12-08 02:39:20,749 INFO: Pipeline finished. Results in results/1
2025-12-08 03:01:59,486 INFO: Loading experimental parameters for 3 qubits from config.py
2025-12-08 03:01:59,488 INFO: Starting pipeline with metadata: {'timestamp': '20251208-030159', 'n_qubits': 3, 'baseline_steps': 60000, 'saboteur_steps': 20480, 'adversarial_gens': 5, 'adversarial_arch_steps': 12000, 'seed': None, 'n_seeds': 5, 'source': 'experiments.config', 'champion_save_last_steps': None, 'hall_of_fame_size': 5}
2025-12-08 03:01:59,489 INFO: Skipping baseline as requested
2025-12-08 03:01:59,489 INFO: Running QuantumNAS baseline
2025-12-08 03:01:59,489 INFO: Running simple TorchQuantum baseline (task=ghz, epochs=400, depth=4, lr=0.0500, augment_depth=True)
2025-12-08 03:02:09,182 INFO: [GHZ] epoch 40/400 fidelity 0.998021
[GHZ] epoch 80/400 fidelity 0.999886
[GHZ] epoch 120/400 fidelity 0.999994
[GHZ] epoch 160/400 fidelity 0.999995
[GHZ] epoch 200/400 fidelity 0.999997
[GHZ] epoch 240/400 fidelity 0.999998
[GHZ] epoch 280/400 fidelity 0.999998
[GHZ] epoch 320/400 fidelity 0.999999
[GHZ] epoch 360/400 fidelity 0.999999
[GHZ] epoch 400/400 fidelity 0.999999
[GHZ] Saved circuit to results/1/quantumnas/circuit_quantumnas.json
2025-12-08 03:02:09,183 INFO: QuantumNAS circuit saved to results/1/quantumnas/circuit_quantumnas.json
2025-12-08 03:02:09,192 INFO: Truncated circuit at results/1/quantumnas/circuit_quantumnas.json from 20 to 15 gates
2025-12-08 03:02:09,193 INFO: Skipping lambda sweep as requested
2025-12-08 03:02:09,194 INFO: Skipping saboteur-only as requested
2025-12-08 03:02:09,194 INFO: Skipping adversarial as requested
2025-12-08 03:02:09,197 INFO: Discovered 5 existing adversarial run(s) with robust circuits
2025-12-08 03:02:09,203 INFO: Robust circuit from results/1/adversarial/seed_0 copied to results/1/compare/run_0
2025-12-08 03:02:09,210 INFO: Robust circuit from results/1/adversarial/seed_1 copied to results/1/compare/run_1
2025-12-08 03:02:09,215 INFO: Robust circuit from results/1/adversarial/seed_2 copied to results/1/compare/run_2
2025-12-08 03:02:09,220 INFO: Robust circuit from results/1/adversarial/seed_3 copied to results/1/compare/run_3
2025-12-08 03:02:09,224 INFO: Robust circuit from results/1/adversarial/seed_4 copied to results/1/compare/run_4
2025-12-08 03:02:09,240 INFO: QuantumNAS circuit copied into compare runs for analysis.
2025-12-08 03:02:09,240 INFO: Running comparison across runs
2025-12-08 03:02:15,760 INFO: Running cross-noise robustness experiment
2025-12-08 03:02:15,760 INFO: === Cross-Noise Robustness Experiment (ExpPlan Part 2, Exp 2.1) ===
2025-12-08 03:02:15,761 INFO: Baseline circuit: results/1/compare/run_0/circuit_vanilla.json
2025-12-08 03:02:15,761 INFO: Robust circuit: results/1/compare/run_0/circuit_robust.json
2025-12-08 03:02:15,761 INFO: Output directory: results/1/cross_noise/cross_noise_20251208-030215
2025-12-08 03:02:15,761 INFO: Number of qubits: 3
2025-12-08 03:02:15,761 INFO: Number of seeds: 5
2025-12-08 03:02:15,761 INFO: Base seed: 42
2025-12-08 03:02:15,762 INFO: Loaded baseline circuit with 16 operations
2025-12-08 03:02:15,763 INFO: Loaded robust circuit with 3 operations
2025-12-08 03:02:15,763 INFO: Loaded QuantumNAS circuit with 15 operations
2025-12-08 03:02:15,768 INFO: Clean fidelities — baseline: 1.0000, robust: 1.0000, quantumnas: 0.0179; using shared reference 1.0000
2025-12-08 03:02:15,768 INFO: 
--- Over-rotation sweep (ε ∈ [0.0, 0.2]) ---
2025-12-08 03:02:15,947 INFO: Baseline avg retention ratio (over-rotation): 0.8685
2025-12-08 03:02:15,947 INFO: Robust avg retention ratio (over-rotation): 0.9798
2025-12-08 03:02:15,947 INFO: 
--- Asymmetric Pauli noise sweep (p_x in [0.05], p_y=0.0, p_z=0.0) ---
2025-12-08 03:02:16,111 INFO: p_x=0.050 | Baseline retention: 0.3740 | Robust retention: 0.8170 | QuantumNAS retention: 0.0603
2025-12-08 03:02:16,237 INFO: 
Results saved to results/1/cross_noise/cross_noise_20251208-030215/cross_noise_results.json
2025-12-08 03:02:16,504 INFO: Plot saved to results/1/cross_noise/cross_noise_20251208-030215/cross_noise_robustness.png
2025-12-08 03:02:16,505 INFO: Summary saved to results/1/cross_noise/cross_noise_20251208-030215/cross_noise_summary.txt
2025-12-08 03:02:16,516 INFO: 
=== Cross-Noise Robustness Experiment Complete ===
2025-12-08 03:02:16,582 INFO: Fidelity summary written to results/1/analysis/fidelity_raw_data.csv
2025-12-08 03:02:29,960 INFO: Robustness sweep written to results/1/analysis/robustness_sweep.json/results/1/analysis/robustness_sweep.csv (legacy compare uses family=depolarizing, budget=1)
2025-12-08 03:02:29,960 INFO: Pipeline finished. Results in results/1
2025-12-08 03:06:28,744 INFO: Loading experimental parameters for 3 qubits from config.py
2025-12-08 03:06:28,747 INFO: Starting pipeline with metadata: {'timestamp': '20251208-030628', 'n_qubits': 3, 'baseline_steps': 60000, 'saboteur_steps': 20480, 'adversarial_gens': 5, 'adversarial_arch_steps': 12000, 'seed': None, 'n_seeds': 5, 'source': 'experiments.config', 'champion_save_last_steps': None, 'hall_of_fame_size': 5}
2025-12-08 03:06:28,748 INFO: Skipping baseline as requested
2025-12-08 03:06:28,748 INFO: Running QuantumNAS baseline
2025-12-08 03:06:28,749 INFO: Running simple TorchQuantum baseline (task=ghz, epochs=400, depth=4, lr=0.0500, augment_depth=True)
2025-12-08 03:06:37,669 INFO: [GHZ] epoch 40/400 fidelity 0.987323
[GHZ] epoch 80/400 fidelity 0.999689
[GHZ] epoch 120/400 fidelity 0.999994
[GHZ] epoch 160/400 fidelity 1.000000
[GHZ] epoch 200/400 fidelity 1.000000
[GHZ] epoch 240/400 fidelity 1.000000
[GHZ] epoch 280/400 fidelity 1.000000
[GHZ] epoch 320/400 fidelity 1.000000
[GHZ] epoch 360/400 fidelity 1.000000
[GHZ] epoch 400/400 fidelity 1.000000
[GHZ] Saved circuit to results/1/quantumnas/circuit_quantumnas.json (depth=4, max_gates=None)
2025-12-08 03:06:37,670 INFO: QuantumNAS circuit saved to results/1/quantumnas/circuit_quantumnas.json
2025-12-08 03:06:37,678 INFO: Truncated circuit at results/1/quantumnas/circuit_quantumnas.json from 20 to 15 gates
2025-12-08 03:06:37,679 INFO: Skipping lambda sweep as requested
2025-12-08 03:06:37,679 INFO: Skipping saboteur-only as requested
2025-12-08 03:06:37,679 INFO: Skipping adversarial as requested
2025-12-08 03:06:37,681 INFO: Discovered 5 existing adversarial run(s) with robust circuits
2025-12-08 03:06:37,686 INFO: Robust circuit from results/1/adversarial/seed_0 copied to results/1/compare/run_0
2025-12-08 03:06:37,690 INFO: Robust circuit from results/1/adversarial/seed_1 copied to results/1/compare/run_1
2025-12-08 03:06:37,694 INFO: Robust circuit from results/1/adversarial/seed_2 copied to results/1/compare/run_2
2025-12-08 03:06:37,697 INFO: Robust circuit from results/1/adversarial/seed_3 copied to results/1/compare/run_3
2025-12-08 03:06:37,701 INFO: Robust circuit from results/1/adversarial/seed_4 copied to results/1/compare/run_4
2025-12-08 03:06:37,716 INFO: QuantumNAS circuit copied into compare runs for analysis.
2025-12-08 03:06:37,716 INFO: Running comparison across runs
2025-12-08 03:06:43,909 INFO: Running cross-noise robustness experiment
2025-12-08 03:06:43,910 INFO: === Cross-Noise Robustness Experiment (ExpPlan Part 2, Exp 2.1) ===
2025-12-08 03:06:43,910 INFO: Baseline circuit: results/1/compare/run_0/circuit_vanilla.json
2025-12-08 03:06:43,910 INFO: Robust circuit: results/1/compare/run_0/circuit_robust.json
2025-12-08 03:06:43,910 INFO: Output directory: results/1/cross_noise/cross_noise_20251208-030643
2025-12-08 03:06:43,910 INFO: Number of qubits: 3
2025-12-08 03:06:43,910 INFO: Number of seeds: 5
2025-12-08 03:06:43,910 INFO: Base seed: 42
2025-12-08 03:06:43,910 INFO: Loaded baseline circuit with 16 operations
2025-12-08 03:06:43,911 INFO: Loaded robust circuit with 3 operations
2025-12-08 03:06:43,912 INFO: Loaded QuantumNAS circuit with 15 operations
2025-12-08 03:06:43,916 INFO: Clean fidelities — baseline: 1.0000, robust: 1.0000, quantumnas: 0.1181; using shared reference 1.0000
2025-12-08 03:06:43,916 INFO: 
--- Over-rotation sweep (ε ∈ [0.0, 0.2]) ---
2025-12-08 03:06:44,098 INFO: Baseline avg retention ratio (over-rotation): 0.8685
2025-12-08 03:06:44,098 INFO: Robust avg retention ratio (over-rotation): 0.9798
2025-12-08 03:06:44,098 INFO: 
--- Asymmetric Pauli noise sweep (p_x in [0.05], p_y=0.0, p_z=0.0) ---
2025-12-08 03:06:44,266 INFO: p_x=0.050 | Baseline retention: 0.3740 | Robust retention: 0.8170 | QuantumNAS retention: 0.1472
2025-12-08 03:06:44,393 INFO: 
Results saved to results/1/cross_noise/cross_noise_20251208-030643/cross_noise_results.json
2025-12-08 03:06:44,661 INFO: Plot saved to results/1/cross_noise/cross_noise_20251208-030643/cross_noise_robustness.png
2025-12-08 03:06:44,662 INFO: Summary saved to results/1/cross_noise/cross_noise_20251208-030643/cross_noise_summary.txt
2025-12-08 03:06:44,667 INFO: 
=== Cross-Noise Robustness Experiment Complete ===
2025-12-08 03:06:44,729 INFO: Fidelity summary written to results/1/analysis/fidelity_raw_data.csv
2025-12-08 03:06:58,367 INFO: Robustness sweep written to results/1/analysis/robustness_sweep.json/results/1/analysis/robustness_sweep.csv (legacy compare uses family=depolarizing, budget=1)
2025-12-08 03:06:58,367 INFO: Pipeline finished. Results in results/1
2025-12-08 03:09:39,114 INFO: Loading experimental parameters for 3 qubits from config.py
2025-12-08 03:09:39,118 INFO: Starting pipeline with metadata: {'timestamp': '20251208-030939', 'n_qubits': 3, 'baseline_steps': 60000, 'saboteur_steps': 20480, 'adversarial_gens': 5, 'adversarial_arch_steps': 12000, 'seed': None, 'n_seeds': 5, 'source': 'experiments.config', 'champion_save_last_steps': None, 'hall_of_fame_size': 5}
2025-12-08 03:09:39,119 INFO: Skipping baseline as requested
2025-12-08 03:09:39,119 INFO: Running QuantumNAS baseline
2025-12-08 03:09:39,119 INFO: Running simple TorchQuantum baseline (task=ghz, epochs=400, depth=4, lr=0.0500, augment_depth=True)
2025-12-08 03:09:50,103 INFO: [GHZ] epoch 40/400 fidelity 0.998656
[GHZ] epoch 80/400 fidelity 0.999929
[GHZ] epoch 120/400 fidelity 0.999999
[GHZ] epoch 160/400 fidelity 1.000000
[GHZ] epoch 200/400 fidelity 1.000000
[GHZ] epoch 240/400 fidelity 1.000000
[GHZ] epoch 280/400 fidelity 1.000000
[GHZ] epoch 320/400 fidelity 1.000000
[GHZ] epoch 360/400 fidelity 1.000000
[GHZ] epoch 400/400 fidelity 1.000000
[GHZ] Saved circuit to results/1/quantumnas/circuit_quantumnas.json (depth=4, max_gates=None)
2025-12-08 03:09:50,104 INFO: QuantumNAS circuit saved to results/1/quantumnas/circuit_quantumnas.json
2025-12-08 03:09:50,114 INFO: Truncated circuit at results/1/quantumnas/circuit_quantumnas.json from 20 to 15 gates
2025-12-08 03:09:50,115 INFO: Skipping lambda sweep as requested
2025-12-08 03:09:50,115 INFO: Skipping saboteur-only as requested
2025-12-08 03:09:50,116 INFO: Skipping adversarial as requested
2025-12-08 03:09:50,119 INFO: Discovered 5 existing adversarial run(s) with robust circuits
2025-12-08 03:09:50,125 INFO: Robust circuit from results/1/adversarial/seed_0 copied to results/1/compare/run_0
2025-12-08 03:09:50,132 INFO: Robust circuit from results/1/adversarial/seed_1 copied to results/1/compare/run_1
2025-12-08 03:09:50,137 INFO: Robust circuit from results/1/adversarial/seed_2 copied to results/1/compare/run_2
2025-12-08 03:09:50,141 INFO: Robust circuit from results/1/adversarial/seed_3 copied to results/1/compare/run_3
2025-12-08 03:09:50,145 INFO: Robust circuit from results/1/adversarial/seed_4 copied to results/1/compare/run_4
2025-12-08 03:09:50,163 INFO: QuantumNAS circuit copied into compare runs for analysis.
2025-12-08 03:09:50,163 INFO: Running comparison across runs
2025-12-08 03:09:55,803 INFO: Running cross-noise robustness experiment
2025-12-08 03:09:55,804 INFO: === Cross-Noise Robustness Experiment (ExpPlan Part 2, Exp 2.1) ===
2025-12-08 03:09:55,804 INFO: Baseline circuit: results/1/compare/run_0/circuit_vanilla.json
2025-12-08 03:09:55,804 INFO: Robust circuit: results/1/compare/run_0/circuit_robust.json
2025-12-08 03:09:55,804 INFO: Output directory: results/1/cross_noise/cross_noise_20251208-030955
2025-12-08 03:09:55,804 INFO: Number of qubits: 3
2025-12-08 03:09:55,804 INFO: Number of seeds: 5
2025-12-08 03:09:55,804 INFO: Base seed: 42
2025-12-08 03:09:55,804 INFO: Loaded baseline circuit with 16 operations
2025-12-08 03:09:55,805 INFO: Loaded robust circuit with 3 operations
2025-12-08 03:09:55,806 INFO: Loaded QuantumNAS circuit with 15 operations
2025-12-08 03:09:55,810 INFO: Clean fidelities — baseline: 1.0000, robust: 1.0000, quantumnas: 0.0010; using shared reference 1.0000
2025-12-08 03:09:55,811 INFO: 
--- Over-rotation sweep (ε ∈ [0.0, 0.2]) ---
2025-12-08 03:09:55,993 INFO: Baseline avg retention ratio (over-rotation): 0.8685
2025-12-08 03:09:55,993 INFO: Robust avg retention ratio (over-rotation): 0.9798
2025-12-08 03:09:55,993 INFO: 
--- Asymmetric Pauli noise sweep (p_x in [0.05], p_y=0.0, p_z=0.0) ---
2025-12-08 03:09:56,163 INFO: p_x=0.050 | Baseline retention: 0.3740 | Robust retention: 0.8170 | QuantumNAS retention: 0.1165
2025-12-08 03:09:56,292 INFO: 
Results saved to results/1/cross_noise/cross_noise_20251208-030955/cross_noise_results.json
2025-12-08 03:09:56,559 INFO: Plot saved to results/1/cross_noise/cross_noise_20251208-030955/cross_noise_robustness.png
2025-12-08 03:09:56,560 INFO: Summary saved to results/1/cross_noise/cross_noise_20251208-030955/cross_noise_summary.txt
2025-12-08 03:09:56,569 INFO: 
=== Cross-Noise Robustness Experiment Complete ===
2025-12-08 03:09:56,634 INFO: Fidelity summary written to results/1/analysis/fidelity_raw_data.csv
2025-12-08 03:10:11,325 INFO: Robustness sweep written to results/1/analysis/robustness_sweep.json/results/1/analysis/robustness_sweep.csv (legacy compare uses family=depolarizing, budget=1)
2025-12-08 03:10:11,325 INFO: Pipeline finished. Results in results/1
2025-12-08 03:14:27,074 INFO: Loading experimental parameters for 3 qubits from config.py
2025-12-08 03:14:27,075 INFO: Starting pipeline with metadata: {'timestamp': '20251208-031427', 'n_qubits': 3, 'baseline_steps': 60000, 'saboteur_steps': 20480, 'adversarial_gens': 5, 'adversarial_arch_steps': 12000, 'seed': None, 'n_seeds': 5, 'source': 'experiments.config', 'champion_save_last_steps': None, 'hall_of_fame_size': 5}
2025-12-08 03:14:27,076 INFO: Skipping baseline as requested
2025-12-08 03:14:27,076 INFO: Running QuantumNAS baseline
2025-12-08 03:14:27,076 INFO: Running simple TorchQuantum baseline (task=ghz, epochs=400, depth=4, lr=0.0500, augment_depth=True)
2025-12-08 03:14:36,234 INFO: [GHZ] epoch 40/400 fidelity 0.966020
[GHZ] epoch 80/400 fidelity 0.999525
[GHZ] epoch 120/400 fidelity 0.999998
[GHZ] epoch 160/400 fidelity 1.000000
[GHZ] epoch 200/400 fidelity 1.000000
[GHZ] epoch 240/400 fidelity 1.000000
[GHZ] epoch 280/400 fidelity 1.000000
[GHZ] epoch 320/400 fidelity 1.000000
[GHZ] epoch 360/400 fidelity 1.000000
[GHZ] epoch 400/400 fidelity 1.000000
[GHZ] Saved circuit to results/1/quantumnas/circuit_quantumnas.json (depth=3, max_gates=15)
2025-12-08 03:14:36,234 WARNING: /home/gp.sc.cc.tohoku.ac.jp/jesus/anaconda3/lib/python3.12/site-packages/torch/cuda/__init__.py:182: UserWarning: CUDA initialization: Unexpected error from cudaGetDeviceCount(). Did you run some cuda functions before calling NumCudaDevices() that might have already set an error? Error 304: OS call failed or operation not supported on this OS (Triggered internally at /pytorch/c10/cuda/CUDAFunctions.cpp:119.)
  return torch._C._cuda_getDeviceCount() > 0
2025-12-08 03:14:36,235 INFO: QuantumNAS circuit saved to results/1/quantumnas/circuit_quantumnas.json
2025-12-08 03:14:36,237 INFO: Skipping lambda sweep as requested
2025-12-08 03:14:36,237 INFO: Skipping saboteur-only as requested
2025-12-08 03:14:36,237 INFO: Skipping adversarial as requested
2025-12-08 03:14:36,240 INFO: Discovered 5 existing adversarial run(s) with robust circuits
2025-12-08 03:14:36,244 INFO: Robust circuit from results/1/adversarial/seed_0 copied to results/1/compare/run_0
2025-12-08 03:14:36,249 INFO: Robust circuit from results/1/adversarial/seed_1 copied to results/1/compare/run_1
2025-12-08 03:14:36,253 INFO: Robust circuit from results/1/adversarial/seed_2 copied to results/1/compare/run_2
2025-12-08 03:14:36,257 INFO: Robust circuit from results/1/adversarial/seed_3 copied to results/1/compare/run_3
2025-12-08 03:14:36,260 INFO: Robust circuit from results/1/adversarial/seed_4 copied to results/1/compare/run_4
2025-12-08 03:14:36,271 INFO: QuantumNAS circuit copied into compare runs for analysis.
2025-12-08 03:14:36,271 INFO: Running comparison across runs
2025-12-08 03:14:43,050 INFO: Running cross-noise robustness experiment
2025-12-08 03:14:43,050 INFO: === Cross-Noise Robustness Experiment (ExpPlan Part 2, Exp 2.1) ===
2025-12-08 03:14:43,050 INFO: Baseline circuit: results/1/compare/run_0/circuit_vanilla.json
2025-12-08 03:14:43,050 INFO: Robust circuit: results/1/compare/run_0/circuit_robust.json
2025-12-08 03:14:43,050 INFO: Output directory: results/1/cross_noise/cross_noise_20251208-031443
2025-12-08 03:14:43,051 INFO: Number of qubits: 3
2025-12-08 03:14:43,051 INFO: Number of seeds: 5
2025-12-08 03:14:43,051 INFO: Base seed: 42
2025-12-08 03:14:43,051 INFO: Loaded baseline circuit with 16 operations
2025-12-08 03:14:43,052 INFO: Loaded robust circuit with 3 operations
2025-12-08 03:14:43,053 INFO: Loaded QuantumNAS circuit with 15 operations
2025-12-08 03:14:43,060 INFO: Clean fidelities — baseline: 1.0000, robust: 1.0000, quantumnas: 1.0000; using shared reference 1.0000
2025-12-08 03:14:43,060 INFO: 
--- Over-rotation sweep (ε ∈ [0.0, 0.2]) ---
2025-12-08 03:14:43,355 INFO: Baseline avg retention ratio (over-rotation): 0.8685
2025-12-08 03:14:43,355 INFO: Robust avg retention ratio (over-rotation): 0.9798
2025-12-08 03:14:43,356 INFO: 
--- Asymmetric Pauli noise sweep (p_x in [0.05], p_y=0.0, p_z=0.0) ---
2025-12-08 03:14:43,634 INFO: p_x=0.050 | Baseline retention: 0.3740 | Robust retention: 0.8170 | QuantumNAS retention: 0.4847
2025-12-08 03:14:43,839 INFO: 
Results saved to results/1/cross_noise/cross_noise_20251208-031443/cross_noise_results.json
2025-12-08 03:14:44,281 INFO: Plot saved to results/1/cross_noise/cross_noise_20251208-031443/cross_noise_robustness.png
2025-12-08 03:14:44,282 INFO: Summary saved to results/1/cross_noise/cross_noise_20251208-031443/cross_noise_summary.txt
2025-12-08 03:14:44,285 INFO: 
=== Cross-Noise Robustness Experiment Complete ===
2025-12-08 03:14:44,370 INFO: Fidelity summary written to results/1/analysis/fidelity_raw_data.csv
2025-12-08 03:15:06,551 INFO: Robustness sweep written to results/1/analysis/robustness_sweep.json/results/1/analysis/robustness_sweep.csv (legacy compare uses family=depolarizing, budget=1)
2025-12-08 03:15:06,551 INFO: Pipeline finished. Results in results/1
2025-12-08 03:16:26,642 INFO: Loading experimental parameters for 3 qubits from config.py
2025-12-08 03:16:26,643 INFO: Starting pipeline with metadata: {'timestamp': '20251208-031626', 'n_qubits': 3, 'baseline_steps': 60000, 'saboteur_steps': 20480, 'adversarial_gens': 5, 'adversarial_arch_steps': 12000, 'seed': None, 'n_seeds': 5, 'source': 'experiments.config', 'champion_save_last_steps': None, 'hall_of_fame_size': 5}
2025-12-08 03:16:26,643 INFO: Skipping baseline as requested
2025-12-08 03:16:26,644 INFO: Running QuantumNAS baseline
2025-12-08 03:16:26,644 INFO: Running simple TorchQuantum baseline (task=ghz, epochs=400, depth=4, lr=0.0500, augment_depth=True)
2025-12-08 03:16:35,483 INFO: [GHZ] epoch 40/400 fidelity 0.966020
[GHZ] epoch 80/400 fidelity 0.999525
[GHZ] epoch 120/400 fidelity 0.999998
[GHZ] epoch 160/400 fidelity 1.000000
[GHZ] epoch 200/400 fidelity 1.000000
[GHZ] epoch 240/400 fidelity 1.000000
[GHZ] epoch 280/400 fidelity 1.000000
[GHZ] epoch 320/400 fidelity 1.000000
[GHZ] epoch 360/400 fidelity 1.000000
[GHZ] epoch 400/400 fidelity 1.000000
[GHZ] Saved circuit to results/1/quantumnas/circuit_quantumnas.json (depth=3, max_gates=15)
2025-12-08 03:16:35,484 INFO: QuantumNAS circuit saved to results/1/quantumnas/circuit_quantumnas.json
2025-12-08 03:16:35,487 INFO: Skipping lambda sweep as requested
2025-12-08 03:16:35,487 INFO: Skipping saboteur-only as requested
2025-12-08 03:16:35,487 INFO: Skipping adversarial as requested
2025-12-08 03:16:35,490 INFO: Discovered 5 existing adversarial run(s) with robust circuits
2025-12-08 03:16:35,495 INFO: Robust circuit from results/1/adversarial/seed_0 copied to results/1/compare/run_0
2025-12-08 03:16:35,499 INFO: Robust circuit from results/1/adversarial/seed_1 copied to results/1/compare/run_1
2025-12-08 03:16:35,502 INFO: Robust circuit from results/1/adversarial/seed_2 copied to results/1/compare/run_2
2025-12-08 03:16:35,505 INFO: Robust circuit from results/1/adversarial/seed_3 copied to results/1/compare/run_3
2025-12-08 03:16:35,509 INFO: Robust circuit from results/1/adversarial/seed_4 copied to results/1/compare/run_4
2025-12-08 03:16:35,520 INFO: QuantumNAS circuit copied into compare runs for analysis.
2025-12-08 03:16:35,520 INFO: Running comparison across runs
2025-12-08 03:16:42,611 INFO: Running cross-noise robustness experiment
2025-12-08 03:16:42,612 INFO: === Cross-Noise Robustness Experiment (ExpPlan Part 2, Exp 2.1) ===
2025-12-08 03:16:42,612 INFO: Baseline circuit: results/1/compare/run_0/circuit_vanilla.json
2025-12-08 03:16:42,612 INFO: Robust circuit: results/1/compare/run_0/circuit_robust.json
2025-12-08 03:16:42,612 INFO: Output directory: results/1/cross_noise/cross_noise_20251208-031642
2025-12-08 03:16:42,612 INFO: Number of qubits: 3
2025-12-08 03:16:42,612 INFO: Number of seeds: 5
2025-12-08 03:16:42,612 INFO: Base seed: 42
2025-12-08 03:16:42,613 INFO: Loaded baseline circuit with 16 operations
2025-12-08 03:16:42,613 INFO: Loaded robust circuit with 3 operations
2025-12-08 03:16:42,614 INFO: Loaded QuantumNAS circuit with 15 operations
2025-12-08 03:16:42,620 INFO: Clean fidelities — baseline: 1.0000, robust: 1.0000, quantumnas: 1.0000; using shared reference 1.0000
2025-12-08 03:16:42,620 INFO: 
--- Over-rotation sweep (ε ∈ [0.0, 0.2]) ---
2025-12-08 03:16:42,856 INFO: Baseline avg retention ratio (over-rotation): 0.8685
2025-12-08 03:16:42,856 INFO: Robust avg retention ratio (over-rotation): 0.9798
2025-12-08 03:16:42,857 INFO: 
--- Asymmetric Pauli noise sweep (p_x in [0.05], p_y=0.0, p_z=0.0) ---
2025-12-08 03:16:43,073 INFO: p_x=0.050 | Baseline retention: 0.3740 | Robust retention: 0.8170 | QuantumNAS retention: 0.4847
2025-12-08 03:16:43,237 INFO: 
Results saved to results/1/cross_noise/cross_noise_20251208-031642/cross_noise_results.json
2025-12-08 03:16:43,595 INFO: Plot saved to results/1/cross_noise/cross_noise_20251208-031642/cross_noise_robustness.png
2025-12-08 03:16:43,596 INFO: Summary saved to results/1/cross_noise/cross_noise_20251208-031642/cross_noise_summary.txt
2025-12-08 03:16:43,600 INFO: 
=== Cross-Noise Robustness Experiment Complete ===
2025-12-08 03:16:43,675 INFO: Fidelity summary written to results/1/analysis/fidelity_raw_data.csv
2025-12-08 03:17:05,832 INFO: Robustness sweep written to results/1/analysis/robustness_sweep.json/results/1/analysis/robustness_sweep.csv (legacy compare uses family=depolarizing, budget=1)
2025-12-08 03:17:05,833 INFO: Pipeline finished. Results in results/1
