2025-12-02 13:58:23,695 INFO: Loading experimental parameters for 3 qubits from config.py
2025-12-02 13:58:23,696 INFO: Starting pipeline with metadata: {'timestamp': '20251202-135823', 'n_qubits': 3, 'baseline_steps': 144000, 'saboteur_steps': 24576, 'adversarial_gens': 12, 'adversarial_arch_steps': 12000, 'seed': None, 'n_seeds': 5, 'source': 'experiments.config'}
2025-12-02 13:58:23,697 INFO: Running baseline architect (noiseless)
2025-12-02 14:52:03,915 INFO: Running lambda sweep experiment (ExpPlan Part 1, Exp 1.1) with n_seeds=5
2025-12-02 14:52:03,916 INFO: === Lambda Sweep Experiment (ExpPlan Part 1, Exp 1.1) ===
2025-12-02 14:52:03,916 INFO: Target: toffoli, Mode: unitary_preparation
2025-12-02 14:52:03,917 INFO: Experiment label: toffoli_unitary_preparation
2025-12-02 14:52:03,917 INFO: Lambda values: [0.001, 0.005, 0.01, 0.05, 0.1]
2025-12-02 14:52:03,917 INFO: Seeds per lambda: 5
2025-12-02 14:52:03,917 INFO: Qubits: 3
2025-12-02 14:52:03,917 INFO: Training steps per trial: 144000
2025-12-02 14:52:03,917 INFO: Steps per update (PPO n_steps): 2048
2025-12-02 14:52:03,917 INFO: Include rotations: True (types=['Rz', 'Rx'])
2025-12-02 14:52:03,917 INFO: Results directory: results/run_20251202-135823/lambda_sweep
2025-12-02 14:52:03,917 INFO: 
--- Lambda = 0.001 ---
2025-12-02 14:52:03,917 INFO:   Seed 1/5...
2025-12-02 15:44:13,575 INFO:     Best fidelity: 1.0000, CNOT count: 1, Success: True
2025-12-02 15:44:13,576 INFO:   Seed 2/5...
2025-12-02 16:37:01,615 INFO:     Best fidelity: 1.0000, CNOT count: 2, Success: True
2025-12-02 16:37:01,615 INFO:   Seed 3/5...
2025-12-02 17:29:15,230 INFO:     Best fidelity: 1.0000, CNOT count: 0, Success: True
2025-12-02 17:29:15,230 INFO:   Seed 4/5...
2025-12-02 18:21:35,994 INFO:     Best fidelity: 1.0000, CNOT count: 2, Success: True
2025-12-02 18:21:35,994 INFO:   Seed 5/5...
2025-12-02 19:14:17,320 INFO:     Best fidelity: 1.0000, CNOT count: 0, Success: True
2025-12-02 19:14:17,321 INFO:   Summary for λ=0.001:
2025-12-02 19:14:17,321 INFO:     Success rate: 100.00% (n=5)
2025-12-02 19:14:17,321 INFO:     Fidelity: 1.0000 ± 0.0000 (n=5)
2025-12-02 19:14:17,321 INFO:     CNOT count: 1.0000 ± 1.0000 (n=5)
2025-12-02 19:14:17,321 INFO: 
--- Lambda = 0.005 ---
2025-12-02 19:14:17,321 INFO:   Seed 1/5...
2025-12-02 20:07:33,583 INFO:     Best fidelity: 1.0000, CNOT count: 2, Success: True
2025-12-02 20:07:33,584 INFO:   Seed 2/5...
2025-12-02 21:01:29,661 INFO:     Best fidelity: 1.0000, CNOT count: 2, Success: True
2025-12-02 21:01:29,661 INFO:   Seed 3/5...
2025-12-02 21:55:54,925 INFO:     Best fidelity: 1.0000, CNOT count: 0, Success: True
2025-12-02 21:55:54,925 INFO:   Seed 4/5...
2025-12-02 22:48:34,614 INFO:     Best fidelity: 1.0000, CNOT count: 1, Success: True
2025-12-02 22:48:34,614 INFO:   Seed 5/5...
