2025-12-03 05:22:08,208 INFO: Loading experimental parameters for 3 qubits from config.py
2025-12-03 05:22:08,208 INFO: Starting pipeline with metadata: {'timestamp': '20251203-052208', 'n_qubits': 3, 'baseline_steps': 180000, 'saboteur_steps': 61440, 'adversarial_gens': 15, 'adversarial_arch_steps': 12000, 'seed': None, 'n_seeds': 5, 'source': 'experiments.config', 'champion_save_last_steps': None, 'hall_of_fame_size': 5}
2025-12-03 05:22:08,209 INFO: Running baseline architect (noiseless)
2025-12-03 06:08:47,254 INFO: Skipping lambda sweep as requested
2025-12-03 06:08:47,255 INFO: Running saboteur-only (attacks baseline circuit)
2025-12-03 06:21:26,935 INFO: Running adversarial co-evolution for 5 seeds (15 generations each)
2025-12-03 06:21:26,935 INFO: Adversarial training: seed index 0 (global seed=2042)
2025-12-03 06:21:26,935 INFO: Setting global seed = 2042
2025-12-03 07:24:09,307 INFO: Adversarial training: seed index 1 (global seed=2043)
2025-12-03 07:24:09,307 INFO: Setting global seed = 2043
2025-12-03 08:26:37,164 INFO: Adversarial training: seed index 2 (global seed=2044)
2025-12-03 08:26:37,164 INFO: Setting global seed = 2044
2025-12-03 09:28:37,335 INFO: Adversarial training: seed index 3 (global seed=2045)
2025-12-03 09:28:37,336 INFO: Setting global seed = 2045
2025-12-03 10:31:38,704 INFO: Adversarial training: seed index 4 (global seed=2046)
2025-12-03 10:31:38,704 INFO: Setting global seed = 2046
2025-12-03 11:34:31,793 INFO: Canonical adversarial run (for comparison): results/run_20251203-052208/adversarial/seed_0
2025-12-03 11:34:31,793 INFO: Plotting multi-seed coevolution from results/run_20251203-052208/adversarial
2025-12-03 11:34:36,263 INFO: [plot_coevolution_multiseed] Found runs:
  - results/run_20251203-052208/adversarial/seed_0
  - results/run_20251203-052208/adversarial/seed_1
  - results/run_20251203-052208/adversarial/seed_2
  - results/run_20251203-052208/adversarial/seed_3
  - results/run_20251203-052208/adversarial/seed_4
[plot_coevolution_multiseed] Saved multi-seed figure to results/run_20251203-052208/adversarial/coevolution_multiseed.png

2025-12-03 11:34:38,236 INFO: --- Generating Co-Evolution Plot for results/run_20251203-052208/adversarial/seed_0 ---
[plot_coevolution] Saved plot to results/run_20251203-052208/adversarial/coevolution_seed_0.png
2025-12-03 11:34:40,222 INFO: --- Generating Co-Evolution Plot for results/run_20251203-052208/adversarial/seed_1 ---
[plot_coevolution] Saved plot to results/run_20251203-052208/adversarial/coevolution_seed_1.png
2025-12-03 11:34:42,201 INFO: --- Generating Co-Evolution Plot for results/run_20251203-052208/adversarial/seed_2 ---
[plot_coevolution] Saved plot to results/run_20251203-052208/adversarial/coevolution_seed_2.png
2025-12-03 11:34:44,163 INFO: --- Generating Co-Evolution Plot for results/run_20251203-052208/adversarial/seed_3 ---
[plot_coevolution] Saved plot to results/run_20251203-052208/adversarial/coevolution_seed_3.png
2025-12-03 11:34:46,150 INFO: --- Generating Co-Evolution Plot for results/run_20251203-052208/adversarial/seed_4 ---
[plot_coevolution] Saved plot to results/run_20251203-052208/adversarial/coevolution_seed_4.png
2025-12-03 11:34:46,158 INFO: Robust circuit from results/run_20251203-052208/adversarial/seed_0 copied to results/run_20251203-052208/compare/run_0
2025-12-03 11:34:46,163 INFO: Robust circuit from results/run_20251203-052208/adversarial/seed_1 copied to results/run_20251203-052208/compare/run_1
2025-12-03 11:34:46,168 INFO: Robust circuit from results/run_20251203-052208/adversarial/seed_2 copied to results/run_20251203-052208/compare/run_2
2025-12-03 11:34:46,172 INFO: Robust circuit from results/run_20251203-052208/adversarial/seed_3 copied to results/run_20251203-052208/compare/run_3
2025-12-03 11:34:46,176 INFO: Robust circuit from results/run_20251203-052208/adversarial/seed_4 copied to results/run_20251203-052208/compare/run_4
2025-12-03 11:34:46,176 INFO: Running comparison across runs
2025-12-03 11:34:50,028 INFO: Running parameter recovery experiment
2025-12-03 11:34:50,029 INFO: === Parameter Recovery Experiment ===
2025-12-03 11:34:50,029 INFO: Qubits: 3
2025-12-03 11:34:50,029 INFO: Noise parameters to test: [0.001, 0.005, 0.01, 0.02, 0.05, 0.08, 0.1]
2025-12-03 11:34:50,029 INFO: Shots per trial: 1000
2025-12-03 11:34:50,029 INFO: Repetitions per p (seeds): 5
2025-12-03 11:34:50,029 INFO: Base seed: 42
2025-12-03 11:34:50,029 INFO: Results directory: results/run_20251203-052208/parameter_recovery
2025-12-03 11:34:50,030 INFO: Loaded baseline circuit from results/run_20251203-052208/baseline/circuit_vanilla.json
2025-12-03 11:34:50,030 INFO: Loaded robust circuit from results/run_20251203-052208/compare/run_0/circuit_robust.json
2025-12-03 11:34:50,030 INFO: 
  Testing baseline circuit (n_repetitions=5):
2025-12-03 11:34:51,132 INFO:     p=0.001: recovered=0.0010±0.0000 (n=5), fidelity=0.9754±0.0002
2025-12-03 11:34:52,085 INFO:     p=0.005: recovered=0.0050±0.0000 (n=5), fidelity=0.8837±0.0002
2025-12-03 11:34:52,965 INFO:     p=0.010: recovered=0.0100±0.0000 (n=5), fidelity=0.7824±0.0002
2025-12-03 11:34:53,921 INFO:     p=0.020: recovered=0.0200±0.0000 (n=5), fidelity=0.6180±0.0002
2025-12-03 11:34:54,875 INFO:     p=0.050: recovered=0.0500±0.0001 (n=5), fidelity=0.3327±0.0004
2025-12-03 11:34:55,756 INFO:     p=0.080: recovered=0.0800±0.0001 (n=5), fidelity=0.2118±0.0002
2025-12-03 11:34:56,590 INFO:     p=0.100: recovered=0.1000±0.0002 (n=5), fidelity=0.1732±0.0003
2025-12-03 11:34:56,592 INFO: 
  Testing robust circuit (n_repetitions=5):
2025-12-03 11:34:57,049 INFO:     p=0.001: recovered=0.0010±0.0000 (n=5), fidelity=0.9901±0.0001
2025-12-03 11:34:57,474 INFO:     p=0.005: recovered=0.0050±0.0000 (n=5), fidelity=0.9513±0.0002
2025-12-03 11:34:57,866 INFO:     p=0.010: recovered=0.0100±0.0000 (n=5), fidelity=0.9053±0.0002
2025-12-03 11:34:58,226 INFO:     p=0.020: recovered=0.0200±0.0000 (n=5), fidelity=0.8208±0.0003
2025-12-03 11:34:58,586 INFO:     p=0.050: recovered=0.0500±0.0001 (n=5), fidelity=0.6166±0.0005
2025-12-03 11:34:58,944 INFO:     p=0.080: recovered=0.0801±0.0001 (n=5), fidelity=0.4708±0.0006
2025-12-03 11:34:59,303 INFO:     p=0.100: recovered=0.1000±0.0001 (n=5), fidelity=0.3987±0.0005
2025-12-03 11:34:59,307 INFO: 
Results saved to results/run_20251203-052208/parameter_recovery/parameter_recovery_results.json
2025-12-03 11:34:59,602 INFO: Plot saved to results/run_20251203-052208/parameter_recovery/parameter_recovery_plot.png
2025-12-03 11:34:59,608 INFO: Summary saved to results/run_20251203-052208/parameter_recovery/parameter_recovery_summary.txt
2025-12-03 11:34:59,608 INFO: 
=== Parameter Recovery Experiment Complete ===
2025-12-03 11:34:59,608 INFO: Running cross-noise robustness experiment
2025-12-03 11:34:59,609 INFO: === Cross-Noise Robustness Experiment (ExpPlan Part 2, Exp 2.1) ===
2025-12-03 11:34:59,609 INFO: Baseline circuit: results/run_20251203-052208/compare/run_0/circuit_vanilla.json
2025-12-03 11:34:59,609 INFO: Robust circuit: results/run_20251203-052208/compare/run_0/circuit_robust.json
2025-12-03 11:34:59,609 INFO: Output directory: results/run_20251203-052208/cross_noise/cross_noise_20251203-113459
2025-12-03 11:34:59,609 INFO: Number of qubits: 3
2025-12-03 11:34:59,609 INFO: Number of seeds: 5
2025-12-03 11:34:59,609 INFO: Base seed: 42
2025-12-03 11:34:59,609 INFO: Loaded baseline circuit with 15 operations
2025-12-03 11:34:59,610 INFO: Loaded robust circuit with 7 operations
2025-12-03 11:34:59,613 INFO: Clean fidelities — baseline: 1.0000, robust: 1.0000; using shared reference 1.0000
2025-12-03 11:34:59,613 INFO: 
--- Over-rotation sweep (ε ∈ [0.0, 0.2]) ---
2025-12-03 11:34:59,818 INFO: Baseline avg retention ratio (over-rotation): 0.5925
2025-12-03 11:34:59,818 INFO: Robust avg retention ratio (over-rotation): 0.8594
2025-12-03 11:34:59,818 INFO: 
--- Asymmetric Pauli noise sweep (p_x in [0.05], p_y=0.0, p_z=0.0) ---
2025-12-03 11:34:59,936 INFO: p_x=0.050 | Baseline retention: 0.3284 | Robust retention: 0.6305
2025-12-03 11:34:59,938 INFO: 
Results saved to results/run_20251203-052208/cross_noise/cross_noise_20251203-113459/cross_noise_results.json
2025-12-03 11:35:00,376 INFO: Plot saved to results/run_20251203-052208/cross_noise/cross_noise_20251203-113459/cross_noise_robustness.png
2025-12-03 11:35:00,377 INFO: Summary saved to results/run_20251203-052208/cross_noise/cross_noise_20251203-113459/cross_noise_summary.txt
2025-12-03 11:35:00,382 INFO: 
=== Cross-Noise Robustness Experiment Complete ===
2025-12-03 11:35:00,403 WARNING: No fidelity data found to summarize.
2025-12-03 11:35:02,864 INFO: Robustness comparison written to results/run_20251203-052208/analysis/robustness_compare.json and results/run_20251203-052208/analysis/robustness_compare.csv
2025-12-03 11:35:02,864 INFO: Pipeline finished. Results in results/run_20251203-052208
2025-12-04 00:44:47,445 INFO: Loading experimental parameters for 3 qubits from config.py
2025-12-04 00:44:47,447 INFO: Starting pipeline with metadata: {'timestamp': '20251204-004447', 'n_qubits': 3, 'baseline_steps': 12000, 'saboteur_steps': 4096, 'adversarial_gens': 1, 'adversarial_arch_steps': 12000, 'seed': None, 'n_seeds': 5, 'source': 'experiments.config', 'champion_save_last_steps': None, 'hall_of_fame_size': 5}
2025-12-04 00:44:47,447 INFO: Skipping baseline as requested
2025-12-04 00:44:47,448 INFO: Running QuantumNAS baseline
2025-12-04 00:44:47,448 INFO: Running simple TorchQuantum baseline (task=ghz, epochs=200, depth=3, lr=0.0500)
2025-12-04 00:44:54,466 INFO: [GHZ] epoch 20/200 fidelity 0.980558
[GHZ] epoch 40/200 fidelity 0.995014
[GHZ] epoch 60/200 fidelity 0.998949
[GHZ] epoch 80/200 fidelity 0.999931
[GHZ] epoch 100/200 fidelity 0.999984
[GHZ] epoch 120/200 fidelity 0.999999
[GHZ] epoch 140/200 fidelity 0.999999
[GHZ] epoch 160/200 fidelity 0.999999
[GHZ] epoch 180/200 fidelity 0.999999
[GHZ] epoch 200/200 fidelity 0.999999
[GHZ] Saved circuit to /home/gp.sc.cc.tohoku.ac.jp/jesus/AA/work_dir/quantum-arch-search/results/run_20251203-052208/quantumnas/circuit_quantumnas.json
2025-12-04 00:44:54,466 INFO: QuantumNAS circuit saved to /home/gp.sc.cc.tohoku.ac.jp/jesus/AA/work_dir/quantum-arch-search/results/run_20251203-052208/quantumnas/circuit_quantumnas.json
2025-12-04 00:44:54,467 INFO: Skipping lambda sweep as requested
2025-12-04 00:44:54,467 INFO: Skipping saboteur-only as requested
2025-12-04 00:44:54,468 INFO: Skipping adversarial as requested
2025-12-04 00:44:54,470 INFO: Discovered 5 existing adversarial run(s) with robust circuits
2025-12-04 00:44:54,475 INFO: Robust circuit from /home/gp.sc.cc.tohoku.ac.jp/jesus/AA/work_dir/quantum-arch-search/results/run_20251203-052208/adversarial/seed_0 copied to /home/gp.sc.cc.tohoku.ac.jp/jesus/AA/work_dir/quantum-arch-search/results/run_20251203-052208/compare/run_0
2025-12-04 00:44:54,482 INFO: Robust circuit from /home/gp.sc.cc.tohoku.ac.jp/jesus/AA/work_dir/quantum-arch-search/results/run_20251203-052208/adversarial/seed_1 copied to /home/gp.sc.cc.tohoku.ac.jp/jesus/AA/work_dir/quantum-arch-search/results/run_20251203-052208/compare/run_1
2025-12-04 00:44:54,487 INFO: Robust circuit from /home/gp.sc.cc.tohoku.ac.jp/jesus/AA/work_dir/quantum-arch-search/results/run_20251203-052208/adversarial/seed_2 copied to /home/gp.sc.cc.tohoku.ac.jp/jesus/AA/work_dir/quantum-arch-search/results/run_20251203-052208/compare/run_2
2025-12-04 00:44:54,492 INFO: Robust circuit from /home/gp.sc.cc.tohoku.ac.jp/jesus/AA/work_dir/quantum-arch-search/results/run_20251203-052208/adversarial/seed_3 copied to /home/gp.sc.cc.tohoku.ac.jp/jesus/AA/work_dir/quantum-arch-search/results/run_20251203-052208/compare/run_3
2025-12-04 00:44:54,496 INFO: Robust circuit from /home/gp.sc.cc.tohoku.ac.jp/jesus/AA/work_dir/quantum-arch-search/results/run_20251203-052208/adversarial/seed_4 copied to /home/gp.sc.cc.tohoku.ac.jp/jesus/AA/work_dir/quantum-arch-search/results/run_20251203-052208/compare/run_4
2025-12-04 00:44:54,504 INFO: QuantumNAS circuit copied into compare runs for analysis.
2025-12-04 00:44:54,504 INFO: Running comparison across runs
2025-12-04 00:45:00,869 INFO: Running parameter recovery experiment
2025-12-04 00:45:00,869 INFO: === Parameter Recovery Experiment ===
2025-12-04 00:45:00,869 INFO: Qubits: 3
2025-12-04 00:45:00,869 INFO: Noise parameters to test: [0.02, 0.05, 0.08, 0.12, 0.16, 0.2, 0.25]
2025-12-04 00:45:00,869 INFO: Shots per trial: 150
2025-12-04 00:45:00,869 INFO: Repetitions per p (seeds): 5
2025-12-04 00:45:00,869 INFO: Base seed: 42
2025-12-04 00:45:00,870 INFO: Results directory: /home/gp.sc.cc.tohoku.ac.jp/jesus/AA/work_dir/quantum-arch-search/results/run_20251203-052208/parameter_recovery
2025-12-04 00:45:00,871 INFO: Loaded baseline circuit from /home/gp.sc.cc.tohoku.ac.jp/jesus/AA/work_dir/quantum-arch-search/results/run_20251203-052208/baseline/circuit_vanilla.json
2025-12-04 00:45:00,871 INFO: Loaded robust circuit from /home/gp.sc.cc.tohoku.ac.jp/jesus/AA/work_dir/quantum-arch-search/results/run_20251203-052208/compare/run_0/circuit_robust.json
2025-12-04 00:45:00,871 INFO: 
  Testing baseline circuit (n_repetitions=5):
2025-12-04 00:45:01,885 INFO:     p=0.020: recovered=0.0200±0.0004 (n=5), fidelity=0.6032±0.0055
2025-12-04 00:45:02,909 INFO:     p=0.050: recovered=0.0498±0.0002 (n=5), fidelity=0.3197±0.0010
2025-12-04 00:45:03,992 INFO:     p=0.080: recovered=0.0799±0.0006 (n=5), fidelity=0.2052±0.0013
2025-12-04 00:45:04,986 INFO:     p=0.120: recovered=0.1233±0.0006 (n=5), fidelity=0.1487±0.0004
2025-12-04 00:45:06,009 INFO:     p=0.160: recovered=0.1574±0.0068 (n=5), fidelity=0.1347±0.0018
2025-12-04 00:45:07,188 INFO:     p=0.200: recovered=0.2333±0.0662 (n=5), fidelity=0.1275±0.0018
2025-12-04 00:45:08,311 INFO:     p=0.250: recovered=0.2336±0.0539 (n=5), fidelity=0.1272±0.0013
2025-12-04 00:45:08,314 INFO: 
  Testing robust circuit (n_repetitions=5):
2025-12-04 00:45:08,706 INFO:     p=0.020: recovered=0.0200±0.0002 (n=5), fidelity=0.8215±0.0019
2025-12-04 00:45:09,111 INFO:     p=0.050: recovered=0.0504±0.0004 (n=5), fidelity=0.6172±0.0022
2025-12-04 00:45:09,514 INFO:     p=0.080: recovered=0.0803±0.0007 (n=5), fidelity=0.4751±0.0029
2025-12-04 00:45:09,931 INFO:     p=0.120: recovered=0.1193±0.0011 (n=5), fidelity=0.3507±0.0027
2025-12-04 00:45:10,347 INFO:     p=0.160: recovered=0.1605±0.0011 (n=5), fidelity=0.2682±0.0018
2025-12-04 00:45:10,769 INFO:     p=0.200: recovered=0.2034±0.0030 (n=5), fidelity=0.2150±0.0030
2025-12-04 00:45:11,120 INFO:     p=0.250: recovered=0.2504±0.0041 (n=5), fidelity=0.1800±0.0023
2025-12-04 00:45:11,123 INFO: 
  Testing quantumnas circuit (n_repetitions=5):
2025-12-04 00:45:11,799 INFO:     p=0.020: recovered=0.0199±0.0002 (n=5), fidelity=0.7552±0.0023
2025-12-04 00:45:12,509 INFO:     p=0.050: recovered=0.0500±0.0004 (n=5), fidelity=0.5106±0.0024
2025-12-04 00:45:13,274 INFO:     p=0.080: recovered=0.0799±0.0008 (n=5), fidelity=0.3643±0.0029
2025-12-04 00:45:13,952 INFO:     p=0.120: recovered=0.1207±0.0012 (n=5), fidelity=0.2524±0.0022
2025-12-04 00:45:14,707 INFO:     p=0.160: recovered=0.1610±0.0018 (n=5), fidelity=0.1950±0.0018
2025-12-04 00:45:15,459 INFO:     p=0.200: recovered=0.2018±0.0070 (n=5), fidelity=0.1641±0.0039
2025-12-04 00:45:16,111 INFO:     p=0.250: recovered=0.2499±0.0093 (n=5), fidelity=0.1448±0.0028
2025-12-04 00:45:16,117 INFO: 
Results saved to /home/gp.sc.cc.tohoku.ac.jp/jesus/AA/work_dir/quantum-arch-search/results/run_20251203-052208/parameter_recovery/parameter_recovery_results.json
2025-12-04 00:45:16,460 INFO: Plot saved to /home/gp.sc.cc.tohoku.ac.jp/jesus/AA/work_dir/quantum-arch-search/results/run_20251203-052208/parameter_recovery/parameter_recovery_plot.png
2025-12-04 00:45:16,470 INFO: Summary saved to /home/gp.sc.cc.tohoku.ac.jp/jesus/AA/work_dir/quantum-arch-search/results/run_20251203-052208/parameter_recovery/parameter_recovery_summary.txt
2025-12-04 00:45:16,470 INFO: 
=== Parameter Recovery Experiment Complete ===
2025-12-04 00:45:16,471 INFO: Running cross-noise robustness experiment
2025-12-04 00:45:16,472 INFO: === Cross-Noise Robustness Experiment (ExpPlan Part 2, Exp 2.1) ===
2025-12-04 00:45:16,472 INFO: Baseline circuit: /home/gp.sc.cc.tohoku.ac.jp/jesus/AA/work_dir/quantum-arch-search/results/run_20251203-052208/compare/run_0/circuit_vanilla.json
2025-12-04 00:45:16,472 INFO: Robust circuit: /home/gp.sc.cc.tohoku.ac.jp/jesus/AA/work_dir/quantum-arch-search/results/run_20251203-052208/compare/run_0/circuit_robust.json
2025-12-04 00:45:16,472 INFO: Output directory: /home/gp.sc.cc.tohoku.ac.jp/jesus/AA/work_dir/quantum-arch-search/results/run_20251203-052208/cross_noise/cross_noise_20251204-004516
2025-12-04 00:45:16,472 INFO: Number of qubits: 3
2025-12-04 00:45:16,472 INFO: Number of seeds: 5
2025-12-04 00:45:16,472 INFO: Base seed: 42
2025-12-04 00:45:16,472 INFO: Loaded baseline circuit with 15 operations
2025-12-04 00:45:16,473 INFO: Loaded robust circuit with 7 operations
2025-12-04 00:45:16,473 INFO: Loaded QuantumNAS circuit with 15 operations
2025-12-04 00:45:16,478 INFO: Clean fidelities — baseline: 1.0000, robust: 1.0000, quantumnas: 1.0000; using shared reference 1.0000
2025-12-04 00:45:16,478 INFO: 
--- Over-rotation sweep (ε ∈ [0.0, 0.2]) ---
2025-12-04 00:45:16,680 INFO: Baseline avg retention ratio (over-rotation): 0.5925
2025-12-04 00:45:16,680 INFO: Robust avg retention ratio (over-rotation): 0.8594
2025-12-04 00:45:16,680 INFO: 
--- Asymmetric Pauli noise sweep (p_x in [0.05], p_y=0.0, p_z=0.0) ---
2025-12-04 00:45:16,864 INFO: p_x=0.050 | Baseline retention: 0.3284 | Robust retention: 0.6305 | QuantumNAS retention: 0.5334
2025-12-04 00:45:16,992 INFO: 
Results saved to /home/gp.sc.cc.tohoku.ac.jp/jesus/AA/work_dir/quantum-arch-search/results/run_20251203-052208/cross_noise/cross_noise_20251204-004516/cross_noise_results.json
2025-12-04 00:45:17,248 INFO: Plot saved to /home/gp.sc.cc.tohoku.ac.jp/jesus/AA/work_dir/quantum-arch-search/results/run_20251203-052208/cross_noise/cross_noise_20251204-004516/cross_noise_robustness.png
2025-12-04 00:45:17,250 INFO: Summary saved to /home/gp.sc.cc.tohoku.ac.jp/jesus/AA/work_dir/quantum-arch-search/results/run_20251203-052208/cross_noise/cross_noise_20251204-004516/cross_noise_summary.txt
2025-12-04 00:45:17,257 INFO: 
=== Cross-Noise Robustness Experiment Complete ===
2025-12-04 00:45:17,282 WARNING: No fidelity data found to summarize.
2025-12-04 00:45:22,044 INFO: Robustness comparison written to /home/gp.sc.cc.tohoku.ac.jp/jesus/AA/work_dir/quantum-arch-search/results/run_20251203-052208/analysis/robustness_compare.json and /home/gp.sc.cc.tohoku.ac.jp/jesus/AA/work_dir/quantum-arch-search/results/run_20251203-052208/analysis/robustness_compare.csv
2025-12-04 00:45:22,044 INFO: Pipeline finished. Results in /home/gp.sc.cc.tohoku.ac.jp/jesus/AA/work_dir/quantum-arch-search/results/run_20251203-052208
2025-12-04 00:49:31,162 INFO: Loading experimental parameters for 3 qubits from config.py
2025-12-04 00:49:31,164 INFO: Starting pipeline with metadata: {'timestamp': '20251204-004931', 'n_qubits': 3, 'baseline_steps': 12000, 'saboteur_steps': 4096, 'adversarial_gens': 1, 'adversarial_arch_steps': 12000, 'seed': None, 'n_seeds': 5, 'source': 'experiments.config', 'champion_save_last_steps': None, 'hall_of_fame_size': 5}
2025-12-04 00:49:31,164 INFO: Skipping baseline as requested
2025-12-04 00:49:31,165 INFO: Running QuantumNAS baseline
2025-12-04 00:49:31,165 INFO: Running simple TorchQuantum baseline (task=ghz, epochs=200, depth=3, lr=0.0500)
2025-12-04 00:49:39,340 INFO: [GHZ] epoch 20/200 fidelity 0.996303
[GHZ] epoch 40/200 fidelity 0.995615
[GHZ] epoch 60/200 fidelity 0.998466
[GHZ] epoch 80/200 fidelity 0.999707
[GHZ] epoch 100/200 fidelity 0.999917
[GHZ] epoch 120/200 fidelity 0.999974
[GHZ] epoch 140/200 fidelity 0.999990
[GHZ] epoch 160/200 fidelity 0.999997
[GHZ] epoch 180/200 fidelity 0.999999
[GHZ] epoch 200/200 fidelity 0.999999
[GHZ] Saved circuit to /home/gp.sc.cc.tohoku.ac.jp/jesus/AA/work_dir/quantum-arch-search/results/run_20251203-052208/quantumnas/circuit_quantumnas.json
2025-12-04 00:49:39,341 INFO: QuantumNAS circuit saved to /home/gp.sc.cc.tohoku.ac.jp/jesus/AA/work_dir/quantum-arch-search/results/run_20251203-052208/quantumnas/circuit_quantumnas.json
2025-12-04 00:49:39,342 INFO: Skipping lambda sweep as requested
2025-12-04 00:49:39,342 INFO: Skipping saboteur-only as requested
2025-12-04 00:49:39,343 INFO: Skipping adversarial as requested
2025-12-04 00:49:39,346 INFO: Discovered 5 existing adversarial run(s) with robust circuits
2025-12-04 00:49:39,352 INFO: Robust circuit from /home/gp.sc.cc.tohoku.ac.jp/jesus/AA/work_dir/quantum-arch-search/results/run_20251203-052208/adversarial/seed_0 copied to /home/gp.sc.cc.tohoku.ac.jp/jesus/AA/work_dir/quantum-arch-search/results/run_20251203-052208/compare/run_0
2025-12-04 00:49:39,358 INFO: Robust circuit from /home/gp.sc.cc.tohoku.ac.jp/jesus/AA/work_dir/quantum-arch-search/results/run_20251203-052208/adversarial/seed_1 copied to /home/gp.sc.cc.tohoku.ac.jp/jesus/AA/work_dir/quantum-arch-search/results/run_20251203-052208/compare/run_1
2025-12-04 00:49:39,362 INFO: Robust circuit from /home/gp.sc.cc.tohoku.ac.jp/jesus/AA/work_dir/quantum-arch-search/results/run_20251203-052208/adversarial/seed_2 copied to /home/gp.sc.cc.tohoku.ac.jp/jesus/AA/work_dir/quantum-arch-search/results/run_20251203-052208/compare/run_2
2025-12-04 00:49:39,366 INFO: Robust circuit from /home/gp.sc.cc.tohoku.ac.jp/jesus/AA/work_dir/quantum-arch-search/results/run_20251203-052208/adversarial/seed_3 copied to /home/gp.sc.cc.tohoku.ac.jp/jesus/AA/work_dir/quantum-arch-search/results/run_20251203-052208/compare/run_3
2025-12-04 00:49:39,371 INFO: Robust circuit from /home/gp.sc.cc.tohoku.ac.jp/jesus/AA/work_dir/quantum-arch-search/results/run_20251203-052208/adversarial/seed_4 copied to /home/gp.sc.cc.tohoku.ac.jp/jesus/AA/work_dir/quantum-arch-search/results/run_20251203-052208/compare/run_4
2025-12-04 00:49:39,379 INFO: QuantumNAS circuit copied into compare runs for analysis.
2025-12-04 00:49:39,380 INFO: Running comparison across runs
2025-12-04 00:49:45,948 INFO: Running parameter recovery experiment
2025-12-04 00:49:45,949 INFO: === Parameter Recovery Experiment ===
2025-12-04 00:49:45,949 INFO: Qubits: 3
2025-12-04 00:49:45,949 INFO: Noise parameters to test: [0.02, 0.05, 0.08, 0.12, 0.16, 0.2, 0.25]
2025-12-04 00:49:45,949 INFO: Shots per trial: 150
2025-12-04 00:49:45,949 INFO: Repetitions per p (seeds): 5
2025-12-04 00:49:45,949 INFO: Base seed: 42
2025-12-04 00:49:45,949 INFO: Results directory: /home/gp.sc.cc.tohoku.ac.jp/jesus/AA/work_dir/quantum-arch-search/results/run_20251203-052208/parameter_recovery
2025-12-04 00:49:45,950 INFO: Loaded baseline circuit from /home/gp.sc.cc.tohoku.ac.jp/jesus/AA/work_dir/quantum-arch-search/results/run_20251203-052208/baseline/circuit_vanilla.json
2025-12-04 00:49:45,951 INFO: Loaded robust circuit from /home/gp.sc.cc.tohoku.ac.jp/jesus/AA/work_dir/quantum-arch-search/results/run_20251203-052208/compare/run_0/circuit_robust.json
2025-12-04 00:49:45,951 INFO: 
  Testing baseline circuit (n_repetitions=5):
2025-12-04 00:49:46,988 INFO:     p=0.020: recovered=0.0200±0.0004 (n=5), fidelity=0.6032±0.0055
2025-12-04 00:49:48,031 INFO:     p=0.050: recovered=0.0498±0.0002 (n=5), fidelity=0.3197±0.0010
2025-12-04 00:49:49,141 INFO:     p=0.080: recovered=0.0799±0.0006 (n=5), fidelity=0.2052±0.0013
2025-12-04 00:49:50,167 INFO:     p=0.120: recovered=0.1233±0.0006 (n=5), fidelity=0.1487±0.0004
2025-12-04 00:49:51,212 INFO:     p=0.160: recovered=0.1574±0.0068 (n=5), fidelity=0.1347±0.0018
2025-12-04 00:49:52,418 INFO:     p=0.200: recovered=0.2333±0.0662 (n=5), fidelity=0.1275±0.0018
2025-12-04 00:49:53,561 INFO:     p=0.250: recovered=0.2336±0.0539 (n=5), fidelity=0.1272±0.0013
2025-12-04 00:49:53,563 INFO: 
  Testing robust circuit (n_repetitions=5):
2025-12-04 00:49:53,959 INFO:     p=0.020: recovered=0.0200±0.0002 (n=5), fidelity=0.8215±0.0019
2025-12-04 00:49:54,368 INFO:     p=0.050: recovered=0.0504±0.0004 (n=5), fidelity=0.6172±0.0022
2025-12-04 00:49:54,780 INFO:     p=0.080: recovered=0.0803±0.0007 (n=5), fidelity=0.4751±0.0029
2025-12-04 00:49:55,202 INFO:     p=0.120: recovered=0.1193±0.0011 (n=5), fidelity=0.3507±0.0027
2025-12-04 00:49:55,626 INFO:     p=0.160: recovered=0.1605±0.0011 (n=5), fidelity=0.2682±0.0018
2025-12-04 00:49:56,055 INFO:     p=0.200: recovered=0.2034±0.0030 (n=5), fidelity=0.2150±0.0030
2025-12-04 00:49:56,412 INFO:     p=0.250: recovered=0.2504±0.0041 (n=5), fidelity=0.1800±0.0023
2025-12-04 00:49:56,415 INFO: 
  Testing quantumnas circuit (n_repetitions=5):
2025-12-04 00:49:57,142 INFO:     p=0.020: recovered=0.0199±0.0002 (n=5), fidelity=0.7445±0.0023
2025-12-04 00:49:57,875 INFO:     p=0.050: recovered=0.0500±0.0004 (n=5), fidelity=0.4979±0.0024
2025-12-04 00:49:58,621 INFO:     p=0.080: recovered=0.0799±0.0008 (n=5), fidelity=0.3553±0.0029
2025-12-04 00:49:59,312 INFO:     p=0.120: recovered=0.1207±0.0012 (n=5), fidelity=0.2487±0.0022
2025-12-04 00:50:00,080 INFO:     p=0.160: recovered=0.1611±0.0019 (n=5), fidelity=0.1944±0.0018
2025-12-04 00:50:00,850 INFO:     p=0.200: recovered=0.2018±0.0072 (n=5), fidelity=0.1648±0.0039
2025-12-04 00:50:01,530 INFO:     p=0.250: recovered=0.2499±0.0093 (n=5), fidelity=0.1457±0.0028
2025-12-04 00:50:01,534 INFO: 
Results saved to /home/gp.sc.cc.tohoku.ac.jp/jesus/AA/work_dir/quantum-arch-search/results/run_20251203-052208/parameter_recovery/parameter_recovery_results.json
2025-12-04 00:50:01,878 INFO: Plot saved to /home/gp.sc.cc.tohoku.ac.jp/jesus/AA/work_dir/quantum-arch-search/results/run_20251203-052208/parameter_recovery/parameter_recovery_plot.png
2025-12-04 00:50:01,886 INFO: Summary saved to /home/gp.sc.cc.tohoku.ac.jp/jesus/AA/work_dir/quantum-arch-search/results/run_20251203-052208/parameter_recovery/parameter_recovery_summary.txt
2025-12-04 00:50:01,886 INFO: 
=== Parameter Recovery Experiment Complete ===
2025-12-04 00:50:01,886 INFO: Running cross-noise robustness experiment
2025-12-04 00:50:01,887 INFO: === Cross-Noise Robustness Experiment (ExpPlan Part 2, Exp 2.1) ===
2025-12-04 00:50:01,887 INFO: Baseline circuit: /home/gp.sc.cc.tohoku.ac.jp/jesus/AA/work_dir/quantum-arch-search/results/run_20251203-052208/compare/run_0/circuit_vanilla.json
2025-12-04 00:50:01,887 INFO: Robust circuit: /home/gp.sc.cc.tohoku.ac.jp/jesus/AA/work_dir/quantum-arch-search/results/run_20251203-052208/compare/run_0/circuit_robust.json
2025-12-04 00:50:01,887 INFO: Output directory: /home/gp.sc.cc.tohoku.ac.jp/jesus/AA/work_dir/quantum-arch-search/results/run_20251203-052208/cross_noise/cross_noise_20251204-005001
2025-12-04 00:50:01,887 INFO: Number of qubits: 3
2025-12-04 00:50:01,887 INFO: Number of seeds: 5
2025-12-04 00:50:01,887 INFO: Base seed: 42
2025-12-04 00:50:01,887 INFO: Loaded baseline circuit with 15 operations
2025-12-04 00:50:01,888 INFO: Loaded robust circuit with 7 operations
2025-12-04 00:50:01,889 INFO: Loaded QuantumNAS circuit with 15 operations
2025-12-04 00:50:01,894 INFO: Clean fidelities — baseline: 1.0000, robust: 1.0000, quantumnas: 1.0000; using shared reference 1.0000
2025-12-04 00:50:01,894 INFO: 
--- Over-rotation sweep (ε ∈ [0.0, 0.2]) ---
2025-12-04 00:50:02,099 INFO: Baseline avg retention ratio (over-rotation): 0.5925
2025-12-04 00:50:02,100 INFO: Robust avg retention ratio (over-rotation): 0.8594
2025-12-04 00:50:02,100 INFO: 
--- Asymmetric Pauli noise sweep (p_x in [0.05], p_y=0.0, p_z=0.0) ---
2025-12-04 00:50:02,287 INFO: p_x=0.050 | Baseline retention: 0.3284 | Robust retention: 0.6305 | QuantumNAS retention: 0.5147
2025-12-04 00:50:02,416 INFO: 
Results saved to /home/gp.sc.cc.tohoku.ac.jp/jesus/AA/work_dir/quantum-arch-search/results/run_20251203-052208/cross_noise/cross_noise_20251204-005001/cross_noise_results.json
2025-12-04 00:50:02,680 INFO: Plot saved to /home/gp.sc.cc.tohoku.ac.jp/jesus/AA/work_dir/quantum-arch-search/results/run_20251203-052208/cross_noise/cross_noise_20251204-005001/cross_noise_robustness.png
2025-12-04 00:50:02,681 INFO: Summary saved to /home/gp.sc.cc.tohoku.ac.jp/jesus/AA/work_dir/quantum-arch-search/results/run_20251203-052208/cross_noise/cross_noise_20251204-005001/cross_noise_summary.txt
2025-12-04 00:50:02,686 INFO: 
=== Cross-Noise Robustness Experiment Complete ===
2025-12-04 00:50:02,708 WARNING: No fidelity data found to summarize.
2025-12-04 00:50:07,562 INFO: Robustness comparison written to /home/gp.sc.cc.tohoku.ac.jp/jesus/AA/work_dir/quantum-arch-search/results/run_20251203-052208/analysis/robustness_compare.json and /home/gp.sc.cc.tohoku.ac.jp/jesus/AA/work_dir/quantum-arch-search/results/run_20251203-052208/analysis/robustness_compare.csv
2025-12-04 00:50:07,562 INFO: Pipeline finished. Results in /home/gp.sc.cc.tohoku.ac.jp/jesus/AA/work_dir/quantum-arch-search/results/run_20251203-052208
2025-12-04 00:54:23,144 INFO: Loading experimental parameters for 3 qubits from config.py
2025-12-04 00:54:23,145 INFO: Starting pipeline with metadata: {'timestamp': '20251204-005423', 'n_qubits': 3, 'baseline_steps': 12000, 'saboteur_steps': 4096, 'adversarial_gens': 1, 'adversarial_arch_steps': 12000, 'seed': None, 'n_seeds': 5, 'source': 'experiments.config', 'champion_save_last_steps': None, 'hall_of_fame_size': 5}
2025-12-04 00:54:23,146 INFO: Skipping baseline as requested
2025-12-04 00:54:23,146 INFO: Running QuantumNAS baseline
2025-12-04 00:54:23,146 INFO: Running simple TorchQuantum baseline (task=ghz, epochs=200, depth=3, lr=0.0500)
2025-12-04 00:54:31,479 INFO: [GHZ] epoch 20/200 fidelity 0.958115
[GHZ] epoch 40/200 fidelity 0.997330
[GHZ] epoch 60/200 fidelity 0.999800
[GHZ] epoch 80/200 fidelity 0.999932
[GHZ] epoch 100/200 fidelity 0.999993
[GHZ] epoch 120/200 fidelity 0.999999
[GHZ] epoch 140/200 fidelity 1.000000
[GHZ] epoch 160/200 fidelity 1.000000
[GHZ] epoch 180/200 fidelity 1.000000
[GHZ] epoch 200/200 fidelity 1.000000
[GHZ] Saved circuit to /home/gp.sc.cc.tohoku.ac.jp/jesus/AA/work_dir/quantum-arch-search/results/run_20251203-052208/quantumnas/circuit_quantumnas.json
2025-12-04 00:54:31,479 INFO: QuantumNAS circuit saved to /home/gp.sc.cc.tohoku.ac.jp/jesus/AA/work_dir/quantum-arch-search/results/run_20251203-052208/quantumnas/circuit_quantumnas.json
2025-12-04 00:54:31,480 INFO: Skipping lambda sweep as requested
2025-12-04 00:54:31,481 INFO: Skipping saboteur-only as requested
2025-12-04 00:54:31,481 INFO: Skipping adversarial as requested
2025-12-04 00:54:31,483 INFO: Discovered 5 existing adversarial run(s) with robust circuits
2025-12-04 00:54:31,487 INFO: Robust circuit from /home/gp.sc.cc.tohoku.ac.jp/jesus/AA/work_dir/quantum-arch-search/results/run_20251203-052208/adversarial/seed_0 copied to /home/gp.sc.cc.tohoku.ac.jp/jesus/AA/work_dir/quantum-arch-search/results/run_20251203-052208/compare/run_0
2025-12-04 00:54:31,491 INFO: Robust circuit from /home/gp.sc.cc.tohoku.ac.jp/jesus/AA/work_dir/quantum-arch-search/results/run_20251203-052208/adversarial/seed_1 copied to /home/gp.sc.cc.tohoku.ac.jp/jesus/AA/work_dir/quantum-arch-search/results/run_20251203-052208/compare/run_1
2025-12-04 00:54:31,495 INFO: Robust circuit from /home/gp.sc.cc.tohoku.ac.jp/jesus/AA/work_dir/quantum-arch-search/results/run_20251203-052208/adversarial/seed_2 copied to /home/gp.sc.cc.tohoku.ac.jp/jesus/AA/work_dir/quantum-arch-search/results/run_20251203-052208/compare/run_2
2025-12-04 00:54:31,498 INFO: Robust circuit from /home/gp.sc.cc.tohoku.ac.jp/jesus/AA/work_dir/quantum-arch-search/results/run_20251203-052208/adversarial/seed_3 copied to /home/gp.sc.cc.tohoku.ac.jp/jesus/AA/work_dir/quantum-arch-search/results/run_20251203-052208/compare/run_3
2025-12-04 00:54:31,501 INFO: Robust circuit from /home/gp.sc.cc.tohoku.ac.jp/jesus/AA/work_dir/quantum-arch-search/results/run_20251203-052208/adversarial/seed_4 copied to /home/gp.sc.cc.tohoku.ac.jp/jesus/AA/work_dir/quantum-arch-search/results/run_20251203-052208/compare/run_4
2025-12-04 00:54:31,507 INFO: QuantumNAS circuit copied into compare runs for analysis.
2025-12-04 00:54:31,508 INFO: Running comparison across runs
2025-12-04 00:54:37,704 INFO: Running parameter recovery experiment
2025-12-04 00:54:37,705 INFO: === Parameter Recovery Experiment ===
2025-12-04 00:54:37,705 INFO: Qubits: 3
2025-12-04 00:54:37,705 INFO: Noise parameters to test: [0.02, 0.05, 0.08, 0.12, 0.16, 0.2, 0.25]
2025-12-04 00:54:37,705 INFO: Shots per trial: 150
2025-12-04 00:54:37,705 INFO: Repetitions per p (seeds): 5
2025-12-04 00:54:37,705 INFO: Base seed: 42
2025-12-04 00:54:37,705 INFO: Results directory: /home/gp.sc.cc.tohoku.ac.jp/jesus/AA/work_dir/quantum-arch-search/results/run_20251203-052208/parameter_recovery
2025-12-04 00:54:37,706 INFO: Loaded baseline circuit from /home/gp.sc.cc.tohoku.ac.jp/jesus/AA/work_dir/quantum-arch-search/results/run_20251203-052208/baseline/circuit_vanilla.json
2025-12-04 00:54:37,706 INFO: Loaded robust circuit from /home/gp.sc.cc.tohoku.ac.jp/jesus/AA/work_dir/quantum-arch-search/results/run_20251203-052208/compare/run_0/circuit_robust.json
2025-12-04 00:54:37,706 INFO: 
  Testing baseline circuit (n_repetitions=5):
2025-12-04 00:54:38,718 INFO:     p=0.020: recovered=0.0200±0.0004 (n=5), fidelity=0.6032±0.0055
2025-12-04 00:54:39,746 INFO:     p=0.050: recovered=0.0498±0.0002 (n=5), fidelity=0.3197±0.0010
2025-12-04 00:54:40,827 INFO:     p=0.080: recovered=0.0799±0.0006 (n=5), fidelity=0.2052±0.0013
2025-12-04 00:54:41,824 INFO:     p=0.120: recovered=0.1233±0.0006 (n=5), fidelity=0.1487±0.0004
2025-12-04 00:54:42,849 INFO:     p=0.160: recovered=0.1574±0.0068 (n=5), fidelity=0.1347±0.0018
2025-12-04 00:54:44,029 INFO:     p=0.200: recovered=0.2333±0.0662 (n=5), fidelity=0.1275±0.0018
2025-12-04 00:54:45,147 INFO:     p=0.250: recovered=0.2336±0.0539 (n=5), fidelity=0.1272±0.0013
2025-12-04 00:54:45,150 INFO: 
  Testing robust circuit (n_repetitions=5):
2025-12-04 00:54:45,542 INFO:     p=0.020: recovered=0.0200±0.0002 (n=5), fidelity=0.8215±0.0019
2025-12-04 00:54:45,943 INFO:     p=0.050: recovered=0.0504±0.0004 (n=5), fidelity=0.6172±0.0022
2025-12-04 00:54:46,341 INFO:     p=0.080: recovered=0.0803±0.0007 (n=5), fidelity=0.4751±0.0029
2025-12-04 00:54:46,753 INFO:     p=0.120: recovered=0.1193±0.0011 (n=5), fidelity=0.3507±0.0027
2025-12-04 00:54:47,165 INFO:     p=0.160: recovered=0.1605±0.0011 (n=5), fidelity=0.2682±0.0018
2025-12-04 00:54:47,586 INFO:     p=0.200: recovered=0.2034±0.0030 (n=5), fidelity=0.2150±0.0030
2025-12-04 00:54:47,934 INFO:     p=0.250: recovered=0.2504±0.0041 (n=5), fidelity=0.1800±0.0023
2025-12-04 00:54:47,937 INFO: 
  Testing quantumnas circuit (n_repetitions=5):
2025-12-04 00:54:48,611 INFO:     p=0.020: recovered=0.0199±0.0002 (n=5), fidelity=0.7786±0.0022
2025-12-04 00:54:49,294 INFO:     p=0.050: recovered=0.0500±0.0004 (n=5), fidelity=0.5468±0.0024
2025-12-04 00:54:50,054 INFO:     p=0.080: recovered=0.0799±0.0007 (n=5), fidelity=0.3996±0.0029
2025-12-04 00:54:50,805 INFO:     p=0.120: recovered=0.1206±0.0011 (n=5), fidelity=0.2791±0.0023
2025-12-04 00:54:51,575 INFO:     p=0.160: recovered=0.1609±0.0015 (n=5), fidelity=0.2127±0.0019
2025-12-04 00:54:52,323 INFO:     p=0.200: recovered=0.2014±0.0057 (n=5), fidelity=0.1748±0.0040
2025-12-04 00:54:52,971 INFO:     p=0.250: recovered=0.2498±0.0075 (n=5), fidelity=0.1501±0.0028
2025-12-04 00:54:52,976 INFO: 
Results saved to /home/gp.sc.cc.tohoku.ac.jp/jesus/AA/work_dir/quantum-arch-search/results/run_20251203-052208/parameter_recovery/parameter_recovery_results.json
2025-12-04 00:54:53,324 INFO: Plot saved to /home/gp.sc.cc.tohoku.ac.jp/jesus/AA/work_dir/quantum-arch-search/results/run_20251203-052208/parameter_recovery/parameter_recovery_plot.png
2025-12-04 00:54:53,331 INFO: Summary saved to /home/gp.sc.cc.tohoku.ac.jp/jesus/AA/work_dir/quantum-arch-search/results/run_20251203-052208/parameter_recovery/parameter_recovery_summary.txt
2025-12-04 00:54:53,331 INFO: 
=== Parameter Recovery Experiment Complete ===
2025-12-04 00:54:53,331 INFO: Running cross-noise robustness experiment
2025-12-04 00:54:53,332 INFO: === Cross-Noise Robustness Experiment (ExpPlan Part 2, Exp 2.1) ===
2025-12-04 00:54:53,332 INFO: Baseline circuit: /home/gp.sc.cc.tohoku.ac.jp/jesus/AA/work_dir/quantum-arch-search/results/run_20251203-052208/compare/run_0/circuit_vanilla.json
2025-12-04 00:54:53,332 INFO: Robust circuit: /home/gp.sc.cc.tohoku.ac.jp/jesus/AA/work_dir/quantum-arch-search/results/run_20251203-052208/compare/run_0/circuit_robust.json
2025-12-04 00:54:53,332 INFO: Output directory: /home/gp.sc.cc.tohoku.ac.jp/jesus/AA/work_dir/quantum-arch-search/results/run_20251203-052208/cross_noise/cross_noise_20251204-005453
2025-12-04 00:54:53,332 INFO: Number of qubits: 3
2025-12-04 00:54:53,332 INFO: Number of seeds: 5
2025-12-04 00:54:53,332 INFO: Base seed: 42
2025-12-04 00:54:53,333 INFO: Loaded baseline circuit with 15 operations
2025-12-04 00:54:53,334 INFO: Loaded robust circuit with 7 operations
2025-12-04 00:54:53,334 INFO: Loaded QuantumNAS circuit with 15 operations
2025-12-04 00:54:53,340 INFO: Clean fidelities — baseline: 1.0000, robust: 1.0000, quantumnas: 1.0000; using shared reference 1.0000
2025-12-04 00:54:53,340 INFO: 
--- Over-rotation sweep (ε ∈ [0.0, 0.2]) ---
2025-12-04 00:54:53,542 INFO: Baseline avg retention ratio (over-rotation): 0.5925
2025-12-04 00:54:53,542 INFO: Robust avg retention ratio (over-rotation): 0.8594
2025-12-04 00:54:53,542 INFO: 
--- Asymmetric Pauli noise sweep (p_x in [0.05], p_y=0.0, p_z=0.0) ---
2025-12-04 00:54:53,728 INFO: p_x=0.050 | Baseline retention: 0.3284 | Robust retention: 0.6305 | QuantumNAS retention: 0.6229
2025-12-04 00:54:53,854 INFO: 
Results saved to /home/gp.sc.cc.tohoku.ac.jp/jesus/AA/work_dir/quantum-arch-search/results/run_20251203-052208/cross_noise/cross_noise_20251204-005453/cross_noise_results.json
2025-12-04 00:54:54,113 INFO: Plot saved to /home/gp.sc.cc.tohoku.ac.jp/jesus/AA/work_dir/quantum-arch-search/results/run_20251203-052208/cross_noise/cross_noise_20251204-005453/cross_noise_robustness.png
2025-12-04 00:54:54,114 INFO: Summary saved to /home/gp.sc.cc.tohoku.ac.jp/jesus/AA/work_dir/quantum-arch-search/results/run_20251203-052208/cross_noise/cross_noise_20251204-005453/cross_noise_summary.txt
2025-12-04 00:54:54,120 INFO: 
=== Cross-Noise Robustness Experiment Complete ===
2025-12-04 00:54:54,142 WARNING: No fidelity data found to summarize.
2025-12-04 00:54:58,874 INFO: Robustness comparison written to /home/gp.sc.cc.tohoku.ac.jp/jesus/AA/work_dir/quantum-arch-search/results/run_20251203-052208/analysis/robustness_compare.json and /home/gp.sc.cc.tohoku.ac.jp/jesus/AA/work_dir/quantum-arch-search/results/run_20251203-052208/analysis/robustness_compare.csv
2025-12-04 00:54:58,874 INFO: Pipeline finished. Results in /home/gp.sc.cc.tohoku.ac.jp/jesus/AA/work_dir/quantum-arch-search/results/run_20251203-052208
2025-12-04 00:56:38,456 INFO: Loading experimental parameters for 3 qubits from config.py
2025-12-04 00:56:38,458 INFO: Starting pipeline with metadata: {'timestamp': '20251204-005638', 'n_qubits': 3, 'baseline_steps': 12000, 'saboteur_steps': 4096, 'adversarial_gens': 1, 'adversarial_arch_steps': 12000, 'seed': None, 'n_seeds': 5, 'source': 'experiments.config', 'champion_save_last_steps': None, 'hall_of_fame_size': 5}
2025-12-04 00:56:38,458 INFO: Skipping baseline as requested
2025-12-04 00:56:38,459 INFO: Running QuantumNAS baseline
2025-12-04 00:56:38,459 INFO: Running simple TorchQuantum baseline (task=ghz, epochs=200, depth=3, lr=0.0500)
2025-12-04 00:56:47,426 INFO: [GHZ] epoch 20/200 fidelity 0.944562
[GHZ] epoch 40/200 fidelity 0.987667
[GHZ] epoch 60/200 fidelity 0.997767
[GHZ] epoch 80/200 fidelity 0.999524
[GHZ] epoch 100/200 fidelity 0.999786
[GHZ] epoch 120/200 fidelity 0.999847
[GHZ] epoch 140/200 fidelity 0.999878
[GHZ] epoch 160/200 fidelity 0.999901
[GHZ] epoch 180/200 fidelity 0.999918
[GHZ] epoch 200/200 fidelity 0.999932
[GHZ] Saved circuit to /home/gp.sc.cc.tohoku.ac.jp/jesus/AA/work_dir/quantum-arch-search/results/run_20251203-052208/quantumnas/circuit_quantumnas.json
2025-12-04 00:56:47,427 INFO: QuantumNAS circuit saved to /home/gp.sc.cc.tohoku.ac.jp/jesus/AA/work_dir/quantum-arch-search/results/run_20251203-052208/quantumnas/circuit_quantumnas.json
2025-12-04 00:56:47,428 INFO: Skipping lambda sweep as requested
2025-12-04 00:56:47,429 INFO: Skipping saboteur-only as requested
2025-12-04 00:56:47,430 INFO: Skipping adversarial as requested
2025-12-04 00:56:47,433 INFO: Discovered 5 existing adversarial run(s) with robust circuits
2025-12-04 00:56:47,440 INFO: Robust circuit from /home/gp.sc.cc.tohoku.ac.jp/jesus/AA/work_dir/quantum-arch-search/results/run_20251203-052208/adversarial/seed_0 copied to /home/gp.sc.cc.tohoku.ac.jp/jesus/AA/work_dir/quantum-arch-search/results/run_20251203-052208/compare/run_0
2025-12-04 00:56:47,448 INFO: Robust circuit from /home/gp.sc.cc.tohoku.ac.jp/jesus/AA/work_dir/quantum-arch-search/results/run_20251203-052208/adversarial/seed_1 copied to /home/gp.sc.cc.tohoku.ac.jp/jesus/AA/work_dir/quantum-arch-search/results/run_20251203-052208/compare/run_1
2025-12-04 00:56:47,455 INFO: Robust circuit from /home/gp.sc.cc.tohoku.ac.jp/jesus/AA/work_dir/quantum-arch-search/results/run_20251203-052208/adversarial/seed_2 copied to /home/gp.sc.cc.tohoku.ac.jp/jesus/AA/work_dir/quantum-arch-search/results/run_20251203-052208/compare/run_2
2025-12-04 00:56:47,461 INFO: Robust circuit from /home/gp.sc.cc.tohoku.ac.jp/jesus/AA/work_dir/quantum-arch-search/results/run_20251203-052208/adversarial/seed_3 copied to /home/gp.sc.cc.tohoku.ac.jp/jesus/AA/work_dir/quantum-arch-search/results/run_20251203-052208/compare/run_3
2025-12-04 00:56:47,466 INFO: Robust circuit from /home/gp.sc.cc.tohoku.ac.jp/jesus/AA/work_dir/quantum-arch-search/results/run_20251203-052208/adversarial/seed_4 copied to /home/gp.sc.cc.tohoku.ac.jp/jesus/AA/work_dir/quantum-arch-search/results/run_20251203-052208/compare/run_4
2025-12-04 00:56:47,478 INFO: QuantumNAS circuit copied into compare runs for analysis.
2025-12-04 00:56:47,478 INFO: Running comparison across runs
2025-12-04 00:56:54,300 INFO: Running parameter recovery experiment
2025-12-04 00:56:54,301 INFO: === Parameter Recovery Experiment ===
2025-12-04 00:56:54,301 INFO: Qubits: 3
2025-12-04 00:56:54,301 INFO: Noise parameters to test: [0.02, 0.05, 0.08, 0.12, 0.16, 0.2, 0.25]
2025-12-04 00:56:54,301 INFO: Shots per trial: 150
2025-12-04 00:56:54,301 INFO: Repetitions per p (seeds): 5
2025-12-04 00:56:54,301 INFO: Base seed: 42
2025-12-04 00:56:54,301 INFO: Results directory: /home/gp.sc.cc.tohoku.ac.jp/jesus/AA/work_dir/quantum-arch-search/results/run_20251203-052208/parameter_recovery
2025-12-04 00:56:54,302 INFO: Loaded baseline circuit from /home/gp.sc.cc.tohoku.ac.jp/jesus/AA/work_dir/quantum-arch-search/results/run_20251203-052208/baseline/circuit_vanilla.json
2025-12-04 00:56:54,303 INFO: Loaded robust circuit from /home/gp.sc.cc.tohoku.ac.jp/jesus/AA/work_dir/quantum-arch-search/results/run_20251203-052208/compare/run_0/circuit_robust.json
2025-12-04 00:56:54,303 INFO: 
  Testing baseline circuit (n_repetitions=5):
2025-12-04 00:56:55,306 INFO:     p=0.020: recovered=0.0200±0.0004 (n=5), fidelity=0.6032±0.0055
2025-12-04 00:56:56,328 INFO:     p=0.050: recovered=0.0498±0.0002 (n=5), fidelity=0.3197±0.0010
2025-12-04 00:56:57,403 INFO:     p=0.080: recovered=0.0799±0.0006 (n=5), fidelity=0.2052±0.0013
2025-12-04 00:56:58,396 INFO:     p=0.120: recovered=0.1233±0.0006 (n=5), fidelity=0.1487±0.0004
2025-12-04 00:56:59,414 INFO:     p=0.160: recovered=0.1574±0.0068 (n=5), fidelity=0.1347±0.0018
2025-12-04 00:57:00,590 INFO:     p=0.200: recovered=0.2333±0.0662 (n=5), fidelity=0.1275±0.0018
2025-12-04 00:57:01,709 INFO:     p=0.250: recovered=0.2336±0.0539 (n=5), fidelity=0.1272±0.0013
2025-12-04 00:57:01,712 INFO: 
  Testing robust circuit (n_repetitions=5):
2025-12-04 00:57:02,098 INFO:     p=0.020: recovered=0.0200±0.0002 (n=5), fidelity=0.8215±0.0019
2025-12-04 00:57:02,499 INFO:     p=0.050: recovered=0.0504±0.0004 (n=5), fidelity=0.6172±0.0022
2025-12-04 00:57:02,899 INFO:     p=0.080: recovered=0.0803±0.0007 (n=5), fidelity=0.4751±0.0029
2025-12-04 00:57:03,312 INFO:     p=0.120: recovered=0.1193±0.0011 (n=5), fidelity=0.3507±0.0027
2025-12-04 00:57:03,724 INFO:     p=0.160: recovered=0.1605±0.0011 (n=5), fidelity=0.2682±0.0018
2025-12-04 00:57:04,144 INFO:     p=0.200: recovered=0.2034±0.0030 (n=5), fidelity=0.2150±0.0030
2025-12-04 00:57:04,493 INFO:     p=0.250: recovered=0.2504±0.0041 (n=5), fidelity=0.1800±0.0023
2025-12-04 00:57:04,497 INFO: 
  Testing quantumnas circuit (n_repetitions=5):
2025-12-04 00:57:05,174 INFO:     p=0.020: recovered=0.0199±0.0002 (n=5), fidelity=0.7521±0.0023
2025-12-04 00:57:05,883 INFO:     p=0.050: recovered=0.0500±0.0004 (n=5), fidelity=0.5040±0.0024
2025-12-04 00:57:06,614 INFO:     p=0.080: recovered=0.0799±0.0007 (n=5), fidelity=0.3558±0.0029
2025-12-04 00:57:07,323 INFO:     p=0.120: recovered=0.1207±0.0012 (n=5), fidelity=0.2433±0.0022
2025-12-04 00:57:08,093 INFO:     p=0.160: recovered=0.1610±0.0018 (n=5), fidelity=0.1870±0.0018
2025-12-04 00:57:08,854 INFO:     p=0.200: recovered=0.2020±0.0075 (n=5), fidelity=0.1577±0.0039
2025-12-04 00:57:09,528 INFO:     p=0.250: recovered=0.2500±0.0106 (n=5), fidelity=0.1406±0.0027
2025-12-04 00:57:09,533 INFO: 
Results saved to /home/gp.sc.cc.tohoku.ac.jp/jesus/AA/work_dir/quantum-arch-search/results/run_20251203-052208/parameter_recovery/parameter_recovery_results.json
2025-12-04 00:57:09,873 INFO: Plot saved to /home/gp.sc.cc.tohoku.ac.jp/jesus/AA/work_dir/quantum-arch-search/results/run_20251203-052208/parameter_recovery/parameter_recovery_plot.png
2025-12-04 00:57:09,882 INFO: Summary saved to /home/gp.sc.cc.tohoku.ac.jp/jesus/AA/work_dir/quantum-arch-search/results/run_20251203-052208/parameter_recovery/parameter_recovery_summary.txt
2025-12-04 00:57:09,882 INFO: 
=== Parameter Recovery Experiment Complete ===
2025-12-04 00:57:09,882 INFO: Running cross-noise robustness experiment
2025-12-04 00:57:09,883 INFO: === Cross-Noise Robustness Experiment (ExpPlan Part 2, Exp 2.1) ===
2025-12-04 00:57:09,883 INFO: Baseline circuit: /home/gp.sc.cc.tohoku.ac.jp/jesus/AA/work_dir/quantum-arch-search/results/run_20251203-052208/compare/run_0/circuit_vanilla.json
2025-12-04 00:57:09,883 INFO: Robust circuit: /home/gp.sc.cc.tohoku.ac.jp/jesus/AA/work_dir/quantum-arch-search/results/run_20251203-052208/compare/run_0/circuit_robust.json
2025-12-04 00:57:09,883 INFO: Output directory: /home/gp.sc.cc.tohoku.ac.jp/jesus/AA/work_dir/quantum-arch-search/results/run_20251203-052208/cross_noise/cross_noise_20251204-005709
2025-12-04 00:57:09,883 INFO: Number of qubits: 3
2025-12-04 00:57:09,883 INFO: Number of seeds: 5
2025-12-04 00:57:09,883 INFO: Base seed: 42
2025-12-04 00:57:09,884 INFO: Loaded baseline circuit with 15 operations
2025-12-04 00:57:09,884 INFO: Loaded robust circuit with 7 operations
2025-12-04 00:57:09,885 INFO: Loaded QuantumNAS circuit with 15 operations
2025-12-04 00:57:09,890 INFO: Clean fidelities — baseline: 1.0000, robust: 1.0000, quantumnas: 0.9999; using shared reference 1.0000
2025-12-04 00:57:09,890 INFO: 
--- Over-rotation sweep (ε ∈ [0.0, 0.2]) ---
2025-12-04 00:57:10,093 INFO: Baseline avg retention ratio (over-rotation): 0.5925
2025-12-04 00:57:10,094 INFO: Robust avg retention ratio (over-rotation): 0.8594
2025-12-04 00:57:10,094 INFO: 
--- Asymmetric Pauli noise sweep (p_x in [0.05], p_y=0.0, p_z=0.0) ---
2025-12-04 00:57:10,277 INFO: p_x=0.050 | Baseline retention: 0.3284 | Robust retention: 0.6305 | QuantumNAS retention: 0.5273
2025-12-04 00:57:10,404 INFO: 
Results saved to /home/gp.sc.cc.tohoku.ac.jp/jesus/AA/work_dir/quantum-arch-search/results/run_20251203-052208/cross_noise/cross_noise_20251204-005709/cross_noise_results.json
2025-12-04 00:57:10,663 INFO: Plot saved to /home/gp.sc.cc.tohoku.ac.jp/jesus/AA/work_dir/quantum-arch-search/results/run_20251203-052208/cross_noise/cross_noise_20251204-005709/cross_noise_robustness.png
2025-12-04 00:57:10,665 INFO: Summary saved to /home/gp.sc.cc.tohoku.ac.jp/jesus/AA/work_dir/quantum-arch-search/results/run_20251203-052208/cross_noise/cross_noise_20251204-005709/cross_noise_summary.txt
2025-12-04 00:57:10,670 INFO: 
=== Cross-Noise Robustness Experiment Complete ===
2025-12-04 00:57:10,700 WARNING: No fidelity data found to summarize.
2025-12-04 00:57:15,471 INFO: Robustness comparison written to /home/gp.sc.cc.tohoku.ac.jp/jesus/AA/work_dir/quantum-arch-search/results/run_20251203-052208/analysis/robustness_compare.json and /home/gp.sc.cc.tohoku.ac.jp/jesus/AA/work_dir/quantum-arch-search/results/run_20251203-052208/analysis/robustness_compare.csv
2025-12-04 00:57:15,471 INFO: Pipeline finished. Results in /home/gp.sc.cc.tohoku.ac.jp/jesus/AA/work_dir/quantum-arch-search/results/run_20251203-052208
