2025-12-10 04:02:14,793 INFO: Loading experimental parameters for 5 qubits from config.py
2025-12-10 04:02:14,795 INFO: Starting pipeline with metadata: {'timestamp': '20251210-040214', 'n_qubits': 5, 'baseline_steps': 60000, 'saboteur_steps': 20480, 'adversarial_gens': 5, 'adversarial_arch_steps': 12000, 'seed': None, 'n_seeds': 5, 'source': 'experiments.config', 'champion_save_last_steps': None, 'hall_of_fame_size': 5}
2025-12-10 04:02:14,795 INFO: Running baseline architect (noiseless) for 5 seed(s)
2025-12-10 07:01:14,077 INFO: Running HEA baseline per seed
2025-12-10 07:01:23,545 INFO: [GHZ] epoch 40/400 fidelity 0.980831
[GHZ] epoch 80/400 fidelity 0.999451
[GHZ] epoch 120/400 fidelity 0.999997
[GHZ] epoch 160/400 fidelity 1.000000
[GHZ] epoch 200/400 fidelity 1.000000
[GHZ] epoch 240/400 fidelity 1.000000
[GHZ] epoch 280/400 fidelity 1.000000
[GHZ] epoch 320/400 fidelity 1.000000
[GHZ] epoch 360/400 fidelity 1.000000
[GHZ] epoch 400/400 fidelity 1.000000
[GHZ] Saved circuit to results/run_20251210-040214/quantumnas/seed_0/circuit_quantumnas.json (depth=3, max_gates=15)
2025-12-10 07:01:32,606 INFO: [GHZ] epoch 40/400 fidelity 0.997973
[GHZ] epoch 80/400 fidelity 0.999776
[GHZ] epoch 120/400 fidelity 0.999957
[GHZ] epoch 160/400 fidelity 0.999989
[GHZ] epoch 200/400 fidelity 0.999998
[GHZ] epoch 240/400 fidelity 1.000000
[GHZ] epoch 280/400 fidelity 1.000000
[GHZ] epoch 320/400 fidelity 1.000000
[GHZ] epoch 360/400 fidelity 1.000000
[GHZ] epoch 400/400 fidelity 1.000000
[GHZ] Saved circuit to results/run_20251210-040214/quantumnas/seed_1/circuit_quantumnas.json (depth=3, max_gates=15)
2025-12-10 07:01:42,133 INFO: [GHZ] epoch 40/400 fidelity 0.988280
[GHZ] epoch 80/400 fidelity 0.999757
[GHZ] epoch 120/400 fidelity 0.999917
[GHZ] epoch 160/400 fidelity 0.999936
[GHZ] epoch 200/400 fidelity 0.999949
[GHZ] epoch 240/400 fidelity 0.999960
[GHZ] epoch 280/400 fidelity 0.999968
[GHZ] epoch 320/400 fidelity 0.999974
[GHZ] epoch 360/400 fidelity 0.999979
[GHZ] epoch 400/400 fidelity 0.999982
[GHZ] Saved circuit to results/run_20251210-040214/quantumnas/seed_2/circuit_quantumnas.json (depth=3, max_gates=15)
2025-12-10 07:01:50,572 INFO: [GHZ] epoch 40/400 fidelity 0.992662
[GHZ] epoch 80/400 fidelity 0.999796
[GHZ] epoch 120/400 fidelity 0.999998
[GHZ] epoch 160/400 fidelity 1.000000
[GHZ] epoch 200/400 fidelity 1.000000
[GHZ] epoch 240/400 fidelity 1.000000
[GHZ] epoch 280/400 fidelity 1.000000
[GHZ] epoch 320/400 fidelity 1.000000
[GHZ] epoch 360/400 fidelity 1.000000
[GHZ] epoch 400/400 fidelity 1.000000
[GHZ] Saved circuit to results/run_20251210-040214/quantumnas/seed_3/circuit_quantumnas.json (depth=3, max_gates=15)
2025-12-10 07:01:58,499 INFO: [GHZ] epoch 40/400 fidelity 0.987302
[GHZ] epoch 80/400 fidelity 0.999582
[GHZ] epoch 120/400 fidelity 0.999936
[GHZ] epoch 160/400 fidelity 0.999972
[GHZ] epoch 200/400 fidelity 0.999986
[GHZ] epoch 240/400 fidelity 0.999993
[GHZ] epoch 280/400 fidelity 0.999997
[GHZ] epoch 320/400 fidelity 0.999999
[GHZ] epoch 360/400 fidelity 0.999999
[GHZ] epoch 400/400 fidelity 1.000000
[GHZ] Saved circuit to results/run_20251210-040214/quantumnas/seed_4/circuit_quantumnas.json (depth=3, max_gates=15)
2025-12-10 07:01:58,504 INFO: Skipping lambda sweep as requested
2025-12-10 07:01:58,504 INFO: Running saboteur-only (attacks baseline circuit)
2025-12-10 07:11:43,645 INFO: Running adversarial co-evolution for 5 seeds (5 generations each)
2025-12-10 07:11:43,645 INFO: Adversarial training: seed index 0 (global seed=2042)
2025-12-10 07:11:43,645 INFO: Setting global seed = 2042
2025-12-10 07:48:16,790 INFO: Adversarial training: seed index 1 (global seed=2043)
2025-12-10 07:48:16,791 INFO: Setting global seed = 2043
2025-12-10 08:20:29,063 INFO: Adversarial training: seed index 2 (global seed=2044)
2025-12-10 08:20:29,063 INFO: Setting global seed = 2044
2025-12-10 08:53:56,089 INFO: Adversarial training: seed index 3 (global seed=2045)
2025-12-10 08:53:56,089 INFO: Setting global seed = 2045
2025-12-10 09:25:52,552 INFO: Adversarial training: seed index 4 (global seed=2046)
2025-12-10 09:25:52,552 INFO: Setting global seed = 2046
2025-12-10 09:58:54,165 INFO: Canonical adversarial run (for comparison): results/run_20251210-040214/adversarial/seed_0
2025-12-10 09:58:54,166 INFO: Plotting multi-seed coevolution from results/run_20251210-040214/adversarial
2025-12-10 09:59:00,573 INFO: [plot_coevolution_multiseed] Found runs:
  - results/run_20251210-040214/adversarial/seed_0
  - results/run_20251210-040214/adversarial/seed_1
  - results/run_20251210-040214/adversarial/seed_2
  - results/run_20251210-040214/adversarial/seed_3
  - results/run_20251210-040214/adversarial/seed_4
[plot_coevolution_multiseed] Saved multi-seed figure to results/run_20251210-040214/adversarial/coevolution_multiseed.png

2025-12-10 09:59:06,901 INFO: --- Generating Co-Evolution Plot for results/run_20251210-040214/adversarial/seed_0 ---
[plot_coevolution] Robust circuit /import/gp-home.cal/jesus/AA/work_dir/quantum-arch-search/results/run_20251210-040214/adversarial/seed_0/circuit_robust.json has 10 gates
[plot_coevolution] Saved plot to results/run_20251210-040214/adversarial/coevolution_seed_0.png
2025-12-10 09:59:11,509 INFO: --- Generating Co-Evolution Plot for results/run_20251210-040214/adversarial/seed_1 ---
[plot_coevolution] Robust circuit /import/gp-home.cal/jesus/AA/work_dir/quantum-arch-search/results/run_20251210-040214/adversarial/seed_1/circuit_robust.json has 20 gates
[plot_coevolution] Saved plot to results/run_20251210-040214/adversarial/coevolution_seed_1.png
2025-12-10 09:59:16,335 INFO: --- Generating Co-Evolution Plot for results/run_20251210-040214/adversarial/seed_2 ---
[plot_coevolution] Robust circuit /import/gp-home.cal/jesus/AA/work_dir/quantum-arch-search/results/run_20251210-040214/adversarial/seed_2/circuit_robust.json has 17 gates
[plot_coevolution] Saved plot to results/run_20251210-040214/adversarial/coevolution_seed_2.png
2025-12-10 09:59:24,014 INFO: --- Generating Co-Evolution Plot for results/run_20251210-040214/adversarial/seed_3 ---
[plot_coevolution] Robust circuit /import/gp-home.cal/jesus/AA/work_dir/quantum-arch-search/results/run_20251210-040214/adversarial/seed_3/circuit_robust.json has 18 gates
[plot_coevolution] Saved plot to results/run_20251210-040214/adversarial/coevolution_seed_3.png
2025-12-10 09:59:26,517 INFO: --- Generating Co-Evolution Plot for results/run_20251210-040214/adversarial/seed_4 ---
[plot_coevolution] Robust circuit /import/gp-home.cal/jesus/AA/work_dir/quantum-arch-search/results/run_20251210-040214/adversarial/seed_4/circuit_robust.json has 19 gates
[plot_coevolution] Saved plot to results/run_20251210-040214/adversarial/coevolution_seed_4.png
2025-12-10 09:59:26,525 INFO: Robust circuit from results/run_20251210-040214/adversarial/seed_0 copied to results/run_20251210-040214/compare/run_0
2025-12-10 09:59:26,532 INFO: Robust circuit from results/run_20251210-040214/adversarial/seed_1 copied to results/run_20251210-040214/compare/run_1
2025-12-10 09:59:26,537 INFO: Robust circuit from results/run_20251210-040214/adversarial/seed_2 copied to results/run_20251210-040214/compare/run_2
2025-12-10 09:59:26,542 INFO: Robust circuit from results/run_20251210-040214/adversarial/seed_3 copied to results/run_20251210-040214/compare/run_3
2025-12-10 09:59:26,547 INFO: Robust circuit from results/run_20251210-040214/adversarial/seed_4 copied to results/run_20251210-040214/compare/run_4
2025-12-10 09:59:26,564 INFO: HEA baseline circuits copied into compare runs for analysis.
2025-12-10 09:59:26,564 INFO: Running comparison across runs
2025-12-10 10:31:25,966 INFO: Loading experimental parameters for 5 qubits from config.py
2025-12-10 10:31:25,967 INFO: Starting pipeline with metadata: {'timestamp': '20251210-103125', 'n_qubits': 5, 'baseline_steps': 60000, 'saboteur_steps': 20480, 'adversarial_gens': 5, 'adversarial_arch_steps': 12000, 'seed': None, 'n_seeds': 5, 'source': 'experiments.config', 'champion_save_last_steps': None, 'hall_of_fame_size': 5}
2025-12-10 10:31:25,967 INFO: Skipping baseline as requested
2025-12-10 10:31:25,968 INFO: Running HEA baseline per seed
2025-12-10 10:31:32,613 INFO: [GHZ] epoch 40/400 fidelity 0.980831
[GHZ] epoch 80/400 fidelity 0.999451
[GHZ] epoch 120/400 fidelity 0.999997
[GHZ] epoch 160/400 fidelity 1.000000
[GHZ] epoch 200/400 fidelity 1.000000
[GHZ] epoch 240/400 fidelity 1.000000
[GHZ] epoch 280/400 fidelity 1.000000
[GHZ] epoch 320/400 fidelity 1.000000
[GHZ] epoch 360/400 fidelity 1.000000
[GHZ] epoch 400/400 fidelity 1.000000
[GHZ] Saved circuit to /home/gp.sc.cc.tohoku.ac.jp/jesus/AA/work_dir/quantum-arch-search/results/run_20251210-040214/quantumnas/seed_0/circuit_quantumnas.json (depth=3, max_gates=15)
2025-12-10 10:31:38,690 INFO: [GHZ] epoch 40/400 fidelity 0.997973
[GHZ] epoch 80/400 fidelity 0.999776
[GHZ] epoch 120/400 fidelity 0.999957
[GHZ] epoch 160/400 fidelity 0.999989
[GHZ] epoch 200/400 fidelity 0.999998
[GHZ] epoch 240/400 fidelity 1.000000
[GHZ] epoch 280/400 fidelity 1.000000
[GHZ] epoch 320/400 fidelity 1.000000
[GHZ] epoch 360/400 fidelity 1.000000
[GHZ] epoch 400/400 fidelity 1.000000
[GHZ] Saved circuit to /home/gp.sc.cc.tohoku.ac.jp/jesus/AA/work_dir/quantum-arch-search/results/run_20251210-040214/quantumnas/seed_1/circuit_quantumnas.json (depth=3, max_gates=15)
2025-12-10 10:31:45,017 INFO: [GHZ] epoch 40/400 fidelity 0.988280
[GHZ] epoch 80/400 fidelity 0.999757
[GHZ] epoch 120/400 fidelity 0.999917
[GHZ] epoch 160/400 fidelity 0.999936
[GHZ] epoch 200/400 fidelity 0.999949
[GHZ] epoch 240/400 fidelity 0.999960
[GHZ] epoch 280/400 fidelity 0.999968
[GHZ] epoch 320/400 fidelity 0.999974
[GHZ] epoch 360/400 fidelity 0.999979
[GHZ] epoch 400/400 fidelity 0.999982
[GHZ] Saved circuit to /home/gp.sc.cc.tohoku.ac.jp/jesus/AA/work_dir/quantum-arch-search/results/run_20251210-040214/quantumnas/seed_2/circuit_quantumnas.json (depth=3, max_gates=15)
2025-12-10 10:31:54,135 INFO: [GHZ] epoch 40/400 fidelity 0.992662
[GHZ] epoch 80/400 fidelity 0.999796
[GHZ] epoch 120/400 fidelity 0.999998
[GHZ] epoch 160/400 fidelity 1.000000
[GHZ] epoch 200/400 fidelity 1.000000
[GHZ] epoch 240/400 fidelity 1.000000
[GHZ] epoch 280/400 fidelity 1.000000
[GHZ] epoch 320/400 fidelity 1.000000
[GHZ] epoch 360/400 fidelity 1.000000
[GHZ] epoch 400/400 fidelity 1.000000
[GHZ] Saved circuit to /home/gp.sc.cc.tohoku.ac.jp/jesus/AA/work_dir/quantum-arch-search/results/run_20251210-040214/quantumnas/seed_3/circuit_quantumnas.json (depth=3, max_gates=15)
2025-12-10 10:32:00,338 INFO: [GHZ] epoch 40/400 fidelity 0.987302
[GHZ] epoch 80/400 fidelity 0.999582
[GHZ] epoch 120/400 fidelity 0.999936
[GHZ] epoch 160/400 fidelity 0.999972
[GHZ] epoch 200/400 fidelity 0.999986
[GHZ] epoch 240/400 fidelity 0.999993
[GHZ] epoch 280/400 fidelity 0.999997
[GHZ] epoch 320/400 fidelity 0.999999
[GHZ] epoch 360/400 fidelity 0.999999
[GHZ] epoch 400/400 fidelity 1.000000
[GHZ] Saved circuit to /home/gp.sc.cc.tohoku.ac.jp/jesus/AA/work_dir/quantum-arch-search/results/run_20251210-040214/quantumnas/seed_4/circuit_quantumnas.json (depth=3, max_gates=15)
2025-12-10 10:32:00,344 INFO: Skipping lambda sweep as requested
2025-12-10 10:32:00,344 INFO: Skipping saboteur-only as requested
2025-12-10 10:32:00,345 INFO: Running adversarial co-evolution for 5 seeds (5 generations each)
2025-12-10 10:32:00,345 INFO: Adversarial training: seed index 0 (global seed=2042)
2025-12-10 10:32:00,345 INFO: Setting global seed = 2042
2025-12-10 10:32:41,857 INFO: Loading experimental parameters for 5 qubits from config.py
2025-12-10 10:32:41,859 INFO: Starting pipeline with metadata: {'timestamp': '20251210-103241', 'n_qubits': 5, 'baseline_steps': 60000, 'saboteur_steps': 20480, 'adversarial_gens': 5, 'adversarial_arch_steps': 12000, 'seed': None, 'n_seeds': 5, 'source': 'experiments.config', 'champion_save_last_steps': None, 'hall_of_fame_size': 5}
2025-12-10 10:32:41,859 INFO: Skipping baseline as requested
2025-12-10 10:32:41,860 INFO: Running HEA baseline per seed
2025-12-10 10:32:50,398 INFO: [GHZ] epoch 40/400 fidelity 0.980831
[GHZ] epoch 80/400 fidelity 0.999451
[GHZ] epoch 120/400 fidelity 0.999997
[GHZ] epoch 160/400 fidelity 1.000000
[GHZ] epoch 200/400 fidelity 1.000000
[GHZ] epoch 240/400 fidelity 1.000000
[GHZ] epoch 280/400 fidelity 1.000000
[GHZ] epoch 320/400 fidelity 1.000000
[GHZ] epoch 360/400 fidelity 1.000000
[GHZ] epoch 400/400 fidelity 1.000000
[GHZ] Saved circuit to /home/gp.sc.cc.tohoku.ac.jp/jesus/AA/work_dir/quantum-arch-search/results/run_20251210-040214/quantumnas/seed_0/circuit_quantumnas.json (depth=3, max_gates=15)
2025-12-10 10:32:58,382 INFO: [GHZ] epoch 40/400 fidelity 0.997973
[GHZ] epoch 80/400 fidelity 0.999776
[GHZ] epoch 120/400 fidelity 0.999957
[GHZ] epoch 160/400 fidelity 0.999989
[GHZ] epoch 200/400 fidelity 0.999998
[GHZ] epoch 240/400 fidelity 1.000000
[GHZ] epoch 280/400 fidelity 1.000000
[GHZ] epoch 320/400 fidelity 1.000000
[GHZ] epoch 360/400 fidelity 1.000000
[GHZ] epoch 400/400 fidelity 1.000000
[GHZ] Saved circuit to /home/gp.sc.cc.tohoku.ac.jp/jesus/AA/work_dir/quantum-arch-search/results/run_20251210-040214/quantumnas/seed_1/circuit_quantumnas.json (depth=3, max_gates=15)
2025-12-10 10:33:04,519 INFO: [GHZ] epoch 40/400 fidelity 0.988280
[GHZ] epoch 80/400 fidelity 0.999757
[GHZ] epoch 120/400 fidelity 0.999917
[GHZ] epoch 160/400 fidelity 0.999936
[GHZ] epoch 200/400 fidelity 0.999949
[GHZ] epoch 240/400 fidelity 0.999960
[GHZ] epoch 280/400 fidelity 0.999968
[GHZ] epoch 320/400 fidelity 0.999974
[GHZ] epoch 360/400 fidelity 0.999979
[GHZ] epoch 400/400 fidelity 0.999982
[GHZ] Saved circuit to /home/gp.sc.cc.tohoku.ac.jp/jesus/AA/work_dir/quantum-arch-search/results/run_20251210-040214/quantumnas/seed_2/circuit_quantumnas.json (depth=3, max_gates=15)
2025-12-10 10:33:12,982 INFO: [GHZ] epoch 40/400 fidelity 0.992662
[GHZ] epoch 80/400 fidelity 0.999796
[GHZ] epoch 120/400 fidelity 0.999998
[GHZ] epoch 160/400 fidelity 1.000000
[GHZ] epoch 200/400 fidelity 1.000000
[GHZ] epoch 240/400 fidelity 1.000000
[GHZ] epoch 280/400 fidelity 1.000000
[GHZ] epoch 320/400 fidelity 1.000000
[GHZ] epoch 360/400 fidelity 1.000000
[GHZ] epoch 400/400 fidelity 1.000000
[GHZ] Saved circuit to /home/gp.sc.cc.tohoku.ac.jp/jesus/AA/work_dir/quantum-arch-search/results/run_20251210-040214/quantumnas/seed_3/circuit_quantumnas.json (depth=3, max_gates=15)
2025-12-10 10:33:18,935 INFO: [GHZ] epoch 40/400 fidelity 0.987302
[GHZ] epoch 80/400 fidelity 0.999582
[GHZ] epoch 120/400 fidelity 0.999936
[GHZ] epoch 160/400 fidelity 0.999972
[GHZ] epoch 200/400 fidelity 0.999986
[GHZ] epoch 240/400 fidelity 0.999993
[GHZ] epoch 280/400 fidelity 0.999997
[GHZ] epoch 320/400 fidelity 0.999999
[GHZ] epoch 360/400 fidelity 0.999999
[GHZ] epoch 400/400 fidelity 1.000000
[GHZ] Saved circuit to /home/gp.sc.cc.tohoku.ac.jp/jesus/AA/work_dir/quantum-arch-search/results/run_20251210-040214/quantumnas/seed_4/circuit_quantumnas.json (depth=3, max_gates=15)
2025-12-10 10:33:18,941 INFO: Skipping lambda sweep as requested
2025-12-10 10:33:18,942 INFO: Skipping saboteur-only as requested
2025-12-10 10:33:18,942 INFO: Skipping adversarial as requested
2025-12-10 10:33:18,945 INFO: Discovered 5 existing adversarial run(s) with robust circuits
2025-12-10 10:33:18,948 INFO: Robust circuit from /home/gp.sc.cc.tohoku.ac.jp/jesus/AA/work_dir/quantum-arch-search/results/run_20251210-040214/adversarial/seed_0 copied to /home/gp.sc.cc.tohoku.ac.jp/jesus/AA/work_dir/quantum-arch-search/results/run_20251210-040214/compare/run_0
2025-12-10 10:33:18,953 INFO: Robust circuit from /home/gp.sc.cc.tohoku.ac.jp/jesus/AA/work_dir/quantum-arch-search/results/run_20251210-040214/adversarial/seed_1 copied to /home/gp.sc.cc.tohoku.ac.jp/jesus/AA/work_dir/quantum-arch-search/results/run_20251210-040214/compare/run_1
2025-12-10 10:33:18,956 INFO: Robust circuit from /home/gp.sc.cc.tohoku.ac.jp/jesus/AA/work_dir/quantum-arch-search/results/run_20251210-040214/adversarial/seed_2 copied to /home/gp.sc.cc.tohoku.ac.jp/jesus/AA/work_dir/quantum-arch-search/results/run_20251210-040214/compare/run_2
2025-12-10 10:33:18,958 INFO: Robust circuit from /home/gp.sc.cc.tohoku.ac.jp/jesus/AA/work_dir/quantum-arch-search/results/run_20251210-040214/adversarial/seed_3 copied to /home/gp.sc.cc.tohoku.ac.jp/jesus/AA/work_dir/quantum-arch-search/results/run_20251210-040214/compare/run_3
2025-12-10 10:33:18,960 INFO: Robust circuit from /home/gp.sc.cc.tohoku.ac.jp/jesus/AA/work_dir/quantum-arch-search/results/run_20251210-040214/adversarial/seed_4 copied to /home/gp.sc.cc.tohoku.ac.jp/jesus/AA/work_dir/quantum-arch-search/results/run_20251210-040214/compare/run_4
2025-12-10 10:33:18,976 INFO: HEA baseline circuits copied into compare runs for analysis.
2025-12-10 10:33:18,977 INFO: Running comparison across runs
2025-12-10 10:34:41,864 INFO: Loading experimental parameters for 5 qubits from config.py
2025-12-10 10:34:41,866 INFO: Starting pipeline with metadata: {'timestamp': '20251210-103441', 'n_qubits': 5, 'baseline_steps': 60000, 'saboteur_steps': 20480, 'adversarial_gens': 5, 'adversarial_arch_steps': 12000, 'seed': None, 'n_seeds': 5, 'source': 'experiments.config', 'champion_save_last_steps': None, 'hall_of_fame_size': 5}
2025-12-10 10:34:41,866 INFO: Skipping baseline as requested
2025-12-10 10:34:41,867 INFO: Running HEA baseline per seed
2025-12-10 10:34:49,333 INFO: [GHZ] epoch 40/400 fidelity 0.980831
[GHZ] epoch 80/400 fidelity 0.999451
[GHZ] epoch 120/400 fidelity 0.999997
[GHZ] epoch 160/400 fidelity 1.000000
[GHZ] epoch 200/400 fidelity 1.000000
[GHZ] epoch 240/400 fidelity 1.000000
[GHZ] epoch 280/400 fidelity 1.000000
[GHZ] epoch 320/400 fidelity 1.000000
[GHZ] epoch 360/400 fidelity 1.000000
[GHZ] epoch 400/400 fidelity 1.000000
[GHZ] Saved circuit to /home/gp.sc.cc.tohoku.ac.jp/jesus/AA/work_dir/quantum-arch-search/results/run_20251210-040214/quantumnas/seed_0/circuit_quantumnas.json (depth=3, max_gates=15)
2025-12-10 10:34:55,670 INFO: [GHZ] epoch 40/400 fidelity 0.997973
[GHZ] epoch 80/400 fidelity 0.999776
[GHZ] epoch 120/400 fidelity 0.999957
[GHZ] epoch 160/400 fidelity 0.999989
[GHZ] epoch 200/400 fidelity 0.999998
[GHZ] epoch 240/400 fidelity 1.000000
[GHZ] epoch 280/400 fidelity 1.000000
[GHZ] epoch 320/400 fidelity 1.000000
[GHZ] epoch 360/400 fidelity 1.000000
[GHZ] epoch 400/400 fidelity 1.000000
[GHZ] Saved circuit to /home/gp.sc.cc.tohoku.ac.jp/jesus/AA/work_dir/quantum-arch-search/results/run_20251210-040214/quantumnas/seed_1/circuit_quantumnas.json (depth=3, max_gates=15)
2025-12-10 10:35:01,992 INFO: [GHZ] epoch 40/400 fidelity 0.988280
[GHZ] epoch 80/400 fidelity 0.999757
[GHZ] epoch 120/400 fidelity 0.999917
[GHZ] epoch 160/400 fidelity 0.999936
[GHZ] epoch 200/400 fidelity 0.999949
[GHZ] epoch 240/400 fidelity 0.999960
[GHZ] epoch 280/400 fidelity 0.999968
[GHZ] epoch 320/400 fidelity 0.999974
[GHZ] epoch 360/400 fidelity 0.999979
[GHZ] epoch 400/400 fidelity 0.999982
[GHZ] Saved circuit to /home/gp.sc.cc.tohoku.ac.jp/jesus/AA/work_dir/quantum-arch-search/results/run_20251210-040214/quantumnas/seed_2/circuit_quantumnas.json (depth=3, max_gates=15)
2025-12-10 10:35:09,853 INFO: [GHZ] epoch 40/400 fidelity 0.992662
[GHZ] epoch 80/400 fidelity 0.999796
[GHZ] epoch 120/400 fidelity 0.999998
[GHZ] epoch 160/400 fidelity 1.000000
[GHZ] epoch 200/400 fidelity 1.000000
[GHZ] epoch 240/400 fidelity 1.000000
[GHZ] epoch 280/400 fidelity 1.000000
[GHZ] epoch 320/400 fidelity 1.000000
[GHZ] epoch 360/400 fidelity 1.000000
[GHZ] epoch 400/400 fidelity 1.000000
[GHZ] Saved circuit to /home/gp.sc.cc.tohoku.ac.jp/jesus/AA/work_dir/quantum-arch-search/results/run_20251210-040214/quantumnas/seed_3/circuit_quantumnas.json (depth=3, max_gates=15)
2025-12-10 10:35:16,256 INFO: [GHZ] epoch 40/400 fidelity 0.987302
[GHZ] epoch 80/400 fidelity 0.999582
[GHZ] epoch 120/400 fidelity 0.999936
[GHZ] epoch 160/400 fidelity 0.999972
[GHZ] epoch 200/400 fidelity 0.999986
[GHZ] epoch 240/400 fidelity 0.999993
[GHZ] epoch 280/400 fidelity 0.999997
[GHZ] epoch 320/400 fidelity 0.999999
[GHZ] epoch 360/400 fidelity 0.999999
[GHZ] epoch 400/400 fidelity 1.000000
[GHZ] Saved circuit to /home/gp.sc.cc.tohoku.ac.jp/jesus/AA/work_dir/quantum-arch-search/results/run_20251210-040214/quantumnas/seed_4/circuit_quantumnas.json (depth=3, max_gates=15)
2025-12-10 10:35:16,263 INFO: Skipping lambda sweep as requested
2025-12-10 10:35:16,263 INFO: Skipping saboteur-only as requested
2025-12-10 10:35:16,264 INFO: Skipping adversarial as requested
2025-12-10 10:35:16,267 INFO: Discovered 5 existing adversarial run(s) with robust circuits
2025-12-10 10:35:16,288 INFO: Robust circuit from /home/gp.sc.cc.tohoku.ac.jp/jesus/AA/work_dir/quantum-arch-search/results/run_20251210-040214/adversarial/seed_0 copied to /home/gp.sc.cc.tohoku.ac.jp/jesus/AA/work_dir/quantum-arch-search/results/run_20251210-040214/compare/run_0
2025-12-10 10:35:16,292 INFO: Robust circuit from /home/gp.sc.cc.tohoku.ac.jp/jesus/AA/work_dir/quantum-arch-search/results/run_20251210-040214/adversarial/seed_1 copied to /home/gp.sc.cc.tohoku.ac.jp/jesus/AA/work_dir/quantum-arch-search/results/run_20251210-040214/compare/run_1
2025-12-10 10:35:16,294 INFO: Robust circuit from /home/gp.sc.cc.tohoku.ac.jp/jesus/AA/work_dir/quantum-arch-search/results/run_20251210-040214/adversarial/seed_2 copied to /home/gp.sc.cc.tohoku.ac.jp/jesus/AA/work_dir/quantum-arch-search/results/run_20251210-040214/compare/run_2
2025-12-10 10:35:16,297 INFO: Robust circuit from /home/gp.sc.cc.tohoku.ac.jp/jesus/AA/work_dir/quantum-arch-search/results/run_20251210-040214/adversarial/seed_3 copied to /home/gp.sc.cc.tohoku.ac.jp/jesus/AA/work_dir/quantum-arch-search/results/run_20251210-040214/compare/run_3
2025-12-10 10:35:16,299 INFO: Robust circuit from /home/gp.sc.cc.tohoku.ac.jp/jesus/AA/work_dir/quantum-arch-search/results/run_20251210-040214/adversarial/seed_4 copied to /home/gp.sc.cc.tohoku.ac.jp/jesus/AA/work_dir/quantum-arch-search/results/run_20251210-040214/compare/run_4
2025-12-10 10:35:16,316 INFO: HEA baseline circuits copied into compare runs for analysis.
2025-12-10 10:35:16,316 INFO: Running comparison across runs
2025-12-10 10:47:26,542 INFO: Loading experimental parameters for 5 qubits from config.py
2025-12-10 10:47:26,544 INFO: Starting pipeline with metadata: {'timestamp': '20251210-104726', 'n_qubits': 5, 'baseline_steps': 60000, 'saboteur_steps': 20480, 'adversarial_gens': 5, 'adversarial_arch_steps': 12000, 'seed': None, 'n_seeds': 5, 'source': 'experiments.config', 'champion_save_last_steps': None, 'hall_of_fame_size': 5}
2025-12-10 10:47:26,544 INFO: Skipping baseline as requested
2025-12-10 10:47:26,545 INFO: Running HEA baseline per seed
2025-12-10 10:47:33,233 INFO: [GHZ] epoch 40/400 fidelity 0.925704
[GHZ] epoch 80/400 fidelity 0.998916
[GHZ] epoch 120/400 fidelity 0.999971
[GHZ] epoch 160/400 fidelity 1.000000
[GHZ] epoch 200/400 fidelity 1.000000
[GHZ] epoch 240/400 fidelity 1.000000
[GHZ] epoch 280/400 fidelity 1.000000
[GHZ] epoch 320/400 fidelity 1.000000
[GHZ] epoch 360/400 fidelity 1.000000
[GHZ] epoch 400/400 fidelity 1.000000
[GHZ] Saved circuit to /home/gp.sc.cc.tohoku.ac.jp/jesus/AA/work_dir/quantum-arch-search/results/ghz_5/quantumnas/seed_0/circuit_quantumnas.json (n=5, depth=2, max_gates=15)
2025-12-10 10:47:39,353 INFO: [GHZ] epoch 40/400 fidelity 0.974091
[GHZ] epoch 80/400 fidelity 0.999748
[GHZ] epoch 120/400 fidelity 0.999995
[GHZ] epoch 160/400 fidelity 1.000000
[GHZ] epoch 200/400 fidelity 1.000000
[GHZ] epoch 240/400 fidelity 1.000000
[GHZ] epoch 280/400 fidelity 1.000000
[GHZ] epoch 320/400 fidelity 1.000000
[GHZ] epoch 360/400 fidelity 1.000000
[GHZ] epoch 400/400 fidelity 1.000000
[GHZ] Saved circuit to /home/gp.sc.cc.tohoku.ac.jp/jesus/AA/work_dir/quantum-arch-search/results/ghz_5/quantumnas/seed_1/circuit_quantumnas.json (n=5, depth=2, max_gates=15)
2025-12-10 10:47:45,173 INFO: [GHZ] epoch 40/400 fidelity 0.992298
[GHZ] epoch 80/400 fidelity 0.999763
[GHZ] epoch 120/400 fidelity 0.999995
[GHZ] epoch 160/400 fidelity 1.000000
[GHZ] epoch 200/400 fidelity 1.000000
[GHZ] epoch 240/400 fidelity 1.000000
[GHZ] epoch 280/400 fidelity 1.000000
[GHZ] epoch 320/400 fidelity 1.000000
[GHZ] epoch 360/400 fidelity 1.000000
[GHZ] epoch 400/400 fidelity 1.000000
[GHZ] Saved circuit to /home/gp.sc.cc.tohoku.ac.jp/jesus/AA/work_dir/quantum-arch-search/results/ghz_5/quantumnas/seed_2/circuit_quantumnas.json (n=5, depth=2, max_gates=15)
2025-12-10 10:47:53,444 INFO: [GHZ] epoch 40/400 fidelity 0.963513
[GHZ] epoch 80/400 fidelity 0.998148
[GHZ] epoch 120/400 fidelity 0.999970
[GHZ] epoch 160/400 fidelity 1.000000
[GHZ] epoch 200/400 fidelity 1.000000
[GHZ] epoch 240/400 fidelity 1.000000
[GHZ] epoch 280/400 fidelity 1.000000
[GHZ] epoch 320/400 fidelity 1.000000
[GHZ] epoch 360/400 fidelity 1.000000
[GHZ] epoch 400/400 fidelity 1.000000
[GHZ] Saved circuit to /home/gp.sc.cc.tohoku.ac.jp/jesus/AA/work_dir/quantum-arch-search/results/ghz_5/quantumnas/seed_3/circuit_quantumnas.json (n=5, depth=2, max_gates=15)
2025-12-10 10:48:02,168 INFO: [GHZ] epoch 40/400 fidelity 0.989457
[GHZ] epoch 80/400 fidelity 0.999626
[GHZ] epoch 120/400 fidelity 0.999997
[GHZ] epoch 160/400 fidelity 1.000000
[GHZ] epoch 200/400 fidelity 1.000000
[GHZ] epoch 240/400 fidelity 1.000000
[GHZ] epoch 280/400 fidelity 1.000000
[GHZ] epoch 320/400 fidelity 1.000000
[GHZ] epoch 360/400 fidelity 1.000000
[GHZ] epoch 400/400 fidelity 1.000000
[GHZ] Saved circuit to /home/gp.sc.cc.tohoku.ac.jp/jesus/AA/work_dir/quantum-arch-search/results/ghz_5/quantumnas/seed_4/circuit_quantumnas.json (n=5, depth=2, max_gates=15)
2025-12-10 10:48:02,193 INFO: Truncated circuit at /home/gp.sc.cc.tohoku.ac.jp/jesus/AA/work_dir/quantum-arch-search/results/ghz_5/quantumnas/circuit_quantumnas.json from 18 to 15 gates
2025-12-10 10:48:02,194 INFO: Skipping lambda sweep as requested
2025-12-10 10:48:02,194 INFO: Skipping saboteur-only as requested
2025-12-10 10:48:02,195 INFO: Skipping adversarial as requested
2025-12-10 10:48:02,199 INFO: Discovered 5 existing adversarial run(s) with robust circuits
2025-12-10 10:48:02,204 INFO: Robust circuit from /home/gp.sc.cc.tohoku.ac.jp/jesus/AA/work_dir/quantum-arch-search/results/ghz_5/adversarial/seed_0 copied to /home/gp.sc.cc.tohoku.ac.jp/jesus/AA/work_dir/quantum-arch-search/results/ghz_5/compare/run_0
2025-12-10 10:48:02,209 INFO: Robust circuit from /home/gp.sc.cc.tohoku.ac.jp/jesus/AA/work_dir/quantum-arch-search/results/ghz_5/adversarial/seed_1 copied to /home/gp.sc.cc.tohoku.ac.jp/jesus/AA/work_dir/quantum-arch-search/results/ghz_5/compare/run_1
2025-12-10 10:48:02,212 INFO: Robust circuit from /home/gp.sc.cc.tohoku.ac.jp/jesus/AA/work_dir/quantum-arch-search/results/ghz_5/adversarial/seed_2 copied to /home/gp.sc.cc.tohoku.ac.jp/jesus/AA/work_dir/quantum-arch-search/results/ghz_5/compare/run_2
2025-12-10 10:48:02,215 INFO: Robust circuit from /home/gp.sc.cc.tohoku.ac.jp/jesus/AA/work_dir/quantum-arch-search/results/ghz_5/adversarial/seed_3 copied to /home/gp.sc.cc.tohoku.ac.jp/jesus/AA/work_dir/quantum-arch-search/results/ghz_5/compare/run_3
2025-12-10 10:48:02,218 INFO: Robust circuit from /home/gp.sc.cc.tohoku.ac.jp/jesus/AA/work_dir/quantum-arch-search/results/ghz_5/adversarial/seed_4 copied to /home/gp.sc.cc.tohoku.ac.jp/jesus/AA/work_dir/quantum-arch-search/results/ghz_5/compare/run_4
2025-12-10 10:48:02,226 INFO: Truncated circuit at /home/gp.sc.cc.tohoku.ac.jp/jesus/AA/work_dir/quantum-arch-search/results/ghz_5/compare/run_0/circuit_quantumnas.json from 18 to 15 gates
2025-12-10 10:48:02,233 INFO: Truncated circuit at /home/gp.sc.cc.tohoku.ac.jp/jesus/AA/work_dir/quantum-arch-search/results/ghz_5/compare/run_1/circuit_quantumnas.json from 18 to 15 gates
2025-12-10 10:48:02,241 INFO: Truncated circuit at /home/gp.sc.cc.tohoku.ac.jp/jesus/AA/work_dir/quantum-arch-search/results/ghz_5/compare/run_2/circuit_quantumnas.json from 18 to 15 gates
2025-12-10 10:48:02,258 INFO: Truncated circuit at /home/gp.sc.cc.tohoku.ac.jp/jesus/AA/work_dir/quantum-arch-search/results/ghz_5/compare/run_3/circuit_quantumnas.json from 18 to 15 gates
2025-12-10 10:48:02,266 INFO: Truncated circuit at /home/gp.sc.cc.tohoku.ac.jp/jesus/AA/work_dir/quantum-arch-search/results/ghz_5/compare/run_4/circuit_quantumnas.json from 18 to 15 gates
2025-12-10 10:48:02,266 INFO: HEA baseline circuits copied into compare runs for analysis.
2025-12-10 10:48:02,266 INFO: Running comparison across runs
2025-12-10 10:49:42,798 INFO: Running cross-noise robustness experiment (aggregated across 5 seeds)
2025-12-10 10:49:42,798 INFO: === Cross-Noise Robustness Experiment (ExpPlan Part 2, Exp 2.1) ===
2025-12-10 10:49:42,798 INFO: RL baseline circuit: ['/home/gp.sc.cc.tohoku.ac.jp/jesus/AA/work_dir/quantum-arch-search/results/ghz_5/compare/run_0/circuit_vanilla.json', '/home/gp.sc.cc.tohoku.ac.jp/jesus/AA/work_dir/quantum-arch-search/results/ghz_5/compare/run_1/circuit_vanilla.json', '/home/gp.sc.cc.tohoku.ac.jp/jesus/AA/work_dir/quantum-arch-search/results/ghz_5/compare/run_2/circuit_vanilla.json', '/home/gp.sc.cc.tohoku.ac.jp/jesus/AA/work_dir/quantum-arch-search/results/ghz_5/compare/run_3/circuit_vanilla.json', '/home/gp.sc.cc.tohoku.ac.jp/jesus/AA/work_dir/quantum-arch-search/results/ghz_5/compare/run_4/circuit_vanilla.json']
2025-12-10 10:49:42,799 INFO: Robust circuit: ['/home/gp.sc.cc.tohoku.ac.jp/jesus/AA/work_dir/quantum-arch-search/results/ghz_5/compare/run_0/circuit_robust.json', '/home/gp.sc.cc.tohoku.ac.jp/jesus/AA/work_dir/quantum-arch-search/results/ghz_5/compare/run_1/circuit_robust.json', '/home/gp.sc.cc.tohoku.ac.jp/jesus/AA/work_dir/quantum-arch-search/results/ghz_5/compare/run_2/circuit_robust.json', '/home/gp.sc.cc.tohoku.ac.jp/jesus/AA/work_dir/quantum-arch-search/results/ghz_5/compare/run_3/circuit_robust.json', '/home/gp.sc.cc.tohoku.ac.jp/jesus/AA/work_dir/quantum-arch-search/results/ghz_5/compare/run_4/circuit_robust.json']
2025-12-10 10:49:42,799 INFO: Output directory: /home/gp.sc.cc.tohoku.ac.jp/jesus/AA/work_dir/quantum-arch-search/results/ghz_5/cross_noise/cross_noise_20251210-104942
2025-12-10 10:49:42,799 INFO: Number of qubits: 5
2025-12-10 10:49:42,799 INFO: Number of seeds: 5
2025-12-10 10:49:42,799 INFO: Base seed: 42
2025-12-10 10:49:42,800 INFO: Loaded circuit /home/gp.sc.cc.tohoku.ac.jp/jesus/AA/work_dir/quantum-arch-search/results/ghz_5/compare/run_0/circuit_vanilla.json with 22 operations
2025-12-10 10:49:42,801 INFO: Loaded circuit /home/gp.sc.cc.tohoku.ac.jp/jesus/AA/work_dir/quantum-arch-search/results/ghz_5/compare/run_1/circuit_vanilla.json with 22 operations
2025-12-10 10:49:42,802 INFO: Loaded circuit /home/gp.sc.cc.tohoku.ac.jp/jesus/AA/work_dir/quantum-arch-search/results/ghz_5/compare/run_2/circuit_vanilla.json with 20 operations
2025-12-10 10:49:42,803 INFO: Loaded circuit /home/gp.sc.cc.tohoku.ac.jp/jesus/AA/work_dir/quantum-arch-search/results/ghz_5/compare/run_3/circuit_vanilla.json with 26 operations
2025-12-10 10:49:42,803 INFO: Loaded circuit /home/gp.sc.cc.tohoku.ac.jp/jesus/AA/work_dir/quantum-arch-search/results/ghz_5/compare/run_4/circuit_vanilla.json with 19 operations
2025-12-10 10:49:42,804 INFO: Loaded circuit /home/gp.sc.cc.tohoku.ac.jp/jesus/AA/work_dir/quantum-arch-search/results/ghz_5/compare/run_0/circuit_robust.json with 20 operations
2025-12-10 10:49:42,805 INFO: Loaded circuit /home/gp.sc.cc.tohoku.ac.jp/jesus/AA/work_dir/quantum-arch-search/results/ghz_5/compare/run_1/circuit_robust.json with 20 operations
2025-12-10 10:49:42,806 INFO: Loaded circuit /home/gp.sc.cc.tohoku.ac.jp/jesus/AA/work_dir/quantum-arch-search/results/ghz_5/compare/run_2/circuit_robust.json with 17 operations
2025-12-10 10:49:42,807 INFO: Loaded circuit /home/gp.sc.cc.tohoku.ac.jp/jesus/AA/work_dir/quantum-arch-search/results/ghz_5/compare/run_3/circuit_robust.json with 18 operations
2025-12-10 10:49:42,808 INFO: Loaded circuit /home/gp.sc.cc.tohoku.ac.jp/jesus/AA/work_dir/quantum-arch-search/results/ghz_5/compare/run_4/circuit_robust.json with 19 operations
2025-12-10 10:49:42,809 INFO: Loaded circuit /home/gp.sc.cc.tohoku.ac.jp/jesus/AA/work_dir/quantum-arch-search/results/ghz_5/compare/run_0/circuit_quantumnas.json with 15 operations
2025-12-10 10:49:42,809 INFO: Loaded circuit /home/gp.sc.cc.tohoku.ac.jp/jesus/AA/work_dir/quantum-arch-search/results/ghz_5/compare/run_1/circuit_quantumnas.json with 15 operations
2025-12-10 10:49:42,810 INFO: Loaded circuit /home/gp.sc.cc.tohoku.ac.jp/jesus/AA/work_dir/quantum-arch-search/results/ghz_5/compare/run_2/circuit_quantumnas.json with 15 operations
2025-12-10 10:49:42,811 INFO: Loaded circuit /home/gp.sc.cc.tohoku.ac.jp/jesus/AA/work_dir/quantum-arch-search/results/ghz_5/compare/run_3/circuit_quantumnas.json with 15 operations
2025-12-10 10:49:42,812 INFO: Loaded circuit /home/gp.sc.cc.tohoku.ac.jp/jesus/AA/work_dir/quantum-arch-search/results/ghz_5/compare/run_4/circuit_quantumnas.json with 15 operations
2025-12-10 10:49:42,846 INFO: Clean fidelities — baseline: 0.9000, robust: 1.0000, HEA baseline: 0.2500; using shared reference 1.0000
2025-12-10 10:49:42,846 INFO: 
--- Over-rotation sweep (ε ∈ [0.0, 0.2]) ---
2025-12-10 10:49:43,233 INFO: RL baseline avg retention ratio (over-rotation): 0.7690
2025-12-10 10:49:43,233 INFO: Robust avg retention ratio (over-rotation): 0.5769
2025-12-10 10:49:43,233 INFO: 
--- Asymmetric Pauli noise sweep (p_x in [0.05], p_y=0.0, p_z=0.0) ---
2025-12-10 10:49:43,544 INFO: p_x=0.050 | RL baseline retention: 0.1616 | Robust retention: 0.2415 | HEA baseline retention: 0.1192
2025-12-10 10:49:43,685 INFO: 
Results saved to /home/gp.sc.cc.tohoku.ac.jp/jesus/AA/work_dir/quantum-arch-search/results/ghz_5/cross_noise/cross_noise_20251210-104942/cross_noise_results.json
2025-12-10 10:49:43,948 INFO: Plot saved to /home/gp.sc.cc.tohoku.ac.jp/jesus/AA/work_dir/quantum-arch-search/results/ghz_5/cross_noise/cross_noise_20251210-104942/cross_noise_robustness.png
2025-12-10 10:49:43,950 INFO: Summary saved to /home/gp.sc.cc.tohoku.ac.jp/jesus/AA/work_dir/quantum-arch-search/results/ghz_5/cross_noise/cross_noise_20251210-104942/cross_noise_summary.txt
2025-12-10 10:49:43,955 INFO: 
=== Cross-Noise Robustness Experiment Complete ===
2025-12-10 10:49:45,000 INFO: Running hardware-style eval on backends: ['fake_quito', 'fake_belem', 'fake_lagos', 'fake_oslo', 'fake_athens']
2025-12-10 10:49:57,853 WARNING: No fidelity data found to summarize.
2025-12-10 10:51:02,383 INFO: Robustness sweep written to /home/gp.sc.cc.tohoku.ac.jp/jesus/AA/work_dir/quantum-arch-search/results/ghz_5/analysis/robustness_sweep.json//home/gp.sc.cc.tohoku.ac.jp/jesus/AA/work_dir/quantum-arch-search/results/ghz_5/analysis/robustness_sweep.csv (legacy compare uses family=amplitude_damping, budget=1)
2025-12-10 10:51:06,302 INFO: Pipeline finished. Results in /home/gp.sc.cc.tohoku.ac.jp/jesus/AA/work_dir/quantum-arch-search/results/ghz_5
