2025-11-25 06:50:20,892 INFO: Starting pipeline with metadata: {'timestamp': '20251125-065020', 'preset': 'quick', 'n_qubits': 3, 'baseline_steps': 1000, 'saboteur_steps': 1000, 'adversarial_gens': 2, 'seed': None}
2025-11-25 06:50:20,892 INFO: Running baseline architect (noiseless)
2025-11-25 06:50:41,259 INFO: Running saboteur-only (attacks baseline circuit)
2025-11-25 06:50:56,516 INFO: Running adversarial co-evolution
2025-11-25 06:53:09,609 INFO: Plotting coevolutionary process from results/run_20251125-065020/adversarial/adversarial_training_20251125-065056
2025-11-25 06:53:10,760 INFO: [DIAG] arch_x: len=3 sample=[   0.  200. 3170.]
[DIAG] arch_fidelities: len=2 sample=[0.12145161 0.14049425]
[DIAG] sab_x: len=30 sample=[   0.  200.  400.  600.  800. 1000. 1200. 1400. 1600. 1800.]
[DIAG] sab_fidelities: len=29 sample=[0.92124196 0.91720763 0.91594857 0.91658394 0.91306443 0.89500471
 0.89132122 0.89500868 0.89430275 0.89393708]
[WARN] Architect fidelity data missing or mismatched, skipping plot.
[WARN] Saboteur fidelity data missing or mismatched, skipping plot.
[WARN] Saboteur effectiveness data missing or mismatched, skipping plot.
[ERROR] No valid data to plot. Check fidelity and step files for content and matching lengths.
[plot_coevolution] Saved plot to results/run_20251125-065020/adversarial/adversarial_training_20251125-065056/coevolutionary_process.png
[DEBUG] arch_x_smooth: [13.48 13.48 13.48 13.48 13.48] ... len=248
[DEBUG] arch_fidelities_smooth: [0.00104778 0.00104778 0.00104778 0.00104778 0.00104778] ... len=249
[DEBUG] sab_x_smooth: [174. 174. 174. 174. 174.] ... len=471
[DEBUG] sab_fidelities_smooth: [0.05196966 0.05196966 0.05196966 0.05196966 0.05196966] ... len=472
[DEBUG] sab_eff_x: [174. 174. 174. 174. 174.] ... len=471
[DEBUG] sab_eff: [0.00603034 0.00603034 0.00603034 0.00603034 0.00603034] ... len=472
[plot_coevolution] Saved plot to results/run_20251125-065020/adversarial/adversarial_training_20251125-065056/coevolutionary_process.png

2025-11-25 06:53:10,763 INFO: Copied vanilla circuit to compare/run_0
2025-11-25 06:53:10,765 INFO: Copied robust circuit from results/run_20251125-065020/adversarial/adversarial_training_20251125-065056/circuit_robust.json to compare/run_0
2025-11-25 06:53:10,765 INFO: Running comparison across runs in results/run_20251125-065020/compare
2025-11-25 06:53:12,475 INFO: Pipeline finished. Results in results/run_20251125-065020
