2025-11-28 04:54:26,568 INFO: Starting pipeline with metadata: {'timestamp': '20251128-045426', 'preset': 'quick', 'n_qubits': 4, 'baseline_steps': 1000, 'saboteur_steps': 1000, 'adversarial_gens': 2, 'seed': None, 'n_seeds': 5, 'statistical_protocol': {'n_seeds_per_setting': 5, 'aggregation_method': 'mean ± std', 'error_bars': True}}
2025-11-28 04:54:26,568 INFO: Running baseline architect (noiseless)
2025-11-28 04:54:52,455 INFO: Running lambda sweep experiment (ExpPlan Part 1, Exp 1.1) with n_seeds=5
2025-11-28 04:54:52,455 INFO: === Lambda Sweep Experiment (ExpPlan Part 1, Exp 1.1) ===
2025-11-28 04:54:52,456 INFO: Lambda values: [0.001, 0.005, 0.01, 0.05, 0.1]
2025-11-28 04:54:52,456 INFO: Seeds per lambda: 5
2025-11-28 04:54:52,456 INFO: Qubits: 4
2025-11-28 04:54:52,456 INFO: Training steps per trial: 1000
2025-11-28 04:54:52,456 INFO: Results directory: results/run_20251128-045426/lambda_sweep
2025-11-28 04:54:52,458 INFO: 
--- Lambda = 0.001 ---
2025-11-28 04:54:52,458 INFO:   Seed 1/5...
2025-11-28 04:55:18,860 INFO:     Best fidelity: 0.2500, CNOT count: 12, Success: False
2025-11-28 04:55:18,861 INFO:   Seed 2/5...
2025-11-28 04:55:44,691 INFO:     Best fidelity: 0.5000, CNOT count: 13, Success: False
2025-11-28 04:55:44,691 INFO:   Seed 3/5...
2025-11-28 04:56:10,292 INFO:     Best fidelity: 0.1250, CNOT count: 8, Success: False
2025-11-28 04:56:10,292 INFO:   Seed 4/5...
2025-11-28 04:56:35,913 INFO:     Best fidelity: 0.2500, CNOT count: 12, Success: False
2025-11-28 04:56:35,913 INFO:   Seed 5/5...
2025-11-28 04:57:02,190 INFO:     Best fidelity: 0.5000, CNOT count: 16, Success: False
2025-11-28 04:57:02,191 INFO:   Summary for λ=0.001:
2025-11-28 04:57:02,191 INFO:     Success rate: 0.00% (n=5)
2025-11-28 04:57:02,191 INFO:     Fidelity: 0.3250 ± 0.1677 (n=5)
2025-11-28 04:57:02,192 INFO:     CNOT count: 12.2000 ± 2.8636 (n=5)
2025-11-28 04:57:02,192 INFO: 
--- Lambda = 0.005 ---
2025-11-28 04:57:02,192 INFO:   Seed 1/5...
2025-11-28 04:57:28,736 INFO:     Best fidelity: 0.2500, CNOT count: 12, Success: False
2025-11-28 04:57:28,736 INFO:   Seed 2/5...
2025-11-28 04:57:54,938 INFO:     Best fidelity: 0.5000, CNOT count: 13, Success: False
2025-11-28 04:57:54,939 INFO:   Seed 3/5...
2025-11-28 04:58:21,349 INFO:     Best fidelity: 0.1250, CNOT count: 8, Success: False
2025-11-28 04:58:21,349 INFO:   Seed 4/5...
2025-11-28 04:58:48,124 INFO:     Best fidelity: 0.2500, CNOT count: 12, Success: False
2025-11-28 04:58:48,124 INFO:   Seed 5/5...
2025-11-28 04:59:14,267 INFO:     Best fidelity: 0.5000, CNOT count: 16, Success: False
2025-11-28 04:59:14,268 INFO:   Summary for λ=0.005:
2025-11-28 04:59:14,268 INFO:     Success rate: 0.00% (n=5)
2025-11-28 04:59:14,269 INFO:     Fidelity: 0.3250 ± 0.1677 (n=5)
2025-11-28 04:59:14,269 INFO:     CNOT count: 12.2000 ± 2.8636 (n=5)
2025-11-28 04:59:14,269 INFO: 
--- Lambda = 0.01 ---
2025-11-28 04:59:14,270 INFO:   Seed 1/5...
2025-11-28 04:59:40,979 INFO:     Best fidelity: 0.2500, CNOT count: 12, Success: False
2025-11-28 04:59:40,979 INFO:   Seed 2/5...
2025-11-28 05:00:07,742 INFO:     Best fidelity: 0.5000, CNOT count: 13, Success: False
2025-11-28 05:00:07,743 INFO:   Seed 3/5...
2025-11-28 05:00:36,972 INFO:     Best fidelity: 0.1250, CNOT count: 8, Success: False
2025-11-28 05:00:36,973 INFO:   Seed 4/5...
2025-11-28 05:01:05,146 INFO:     Best fidelity: 0.2500, CNOT count: 12, Success: False
2025-11-28 05:01:05,147 INFO:   Seed 5/5...
2025-11-28 05:01:32,682 INFO:     Best fidelity: 0.5000, CNOT count: 16, Success: False
2025-11-28 05:01:32,683 INFO:   Summary for λ=0.01:
2025-11-28 05:01:32,683 INFO:     Success rate: 0.00% (n=5)
2025-11-28 05:01:32,683 INFO:     Fidelity: 0.3250 ± 0.1677 (n=5)
2025-11-28 05:01:32,683 INFO:     CNOT count: 12.2000 ± 2.8636 (n=5)
2025-11-28 05:01:32,683 INFO: 
--- Lambda = 0.05 ---
2025-11-28 05:01:32,684 INFO:   Seed 1/5...
2025-11-28 05:02:00,400 INFO:     Best fidelity: 0.2500, CNOT count: 12, Success: False
2025-11-28 05:02:00,401 INFO:   Seed 2/5...
2025-11-28 05:02:27,018 INFO:     Best fidelity: 0.5000, CNOT count: 13, Success: False
2025-11-28 05:02:27,018 INFO:   Seed 3/5...
2025-11-28 05:02:54,761 INFO:     Best fidelity: 0.1250, CNOT count: 8, Success: False
2025-11-28 05:02:54,762 INFO:   Seed 4/5...
2025-11-28 05:03:20,320 INFO:     Best fidelity: 0.2500, CNOT count: 12, Success: False
2025-11-28 05:03:20,320 INFO:   Seed 5/5...
2025-11-28 05:03:46,585 INFO:     Best fidelity: 0.5000, CNOT count: 16, Success: False
2025-11-28 05:03:46,586 INFO:   Summary for λ=0.05:
2025-11-28 05:03:46,586 INFO:     Success rate: 0.00% (n=5)
2025-11-28 05:03:46,586 INFO:     Fidelity: 0.3250 ± 0.1677 (n=5)
2025-11-28 05:03:46,586 INFO:     CNOT count: 12.2000 ± 2.8636 (n=5)
2025-11-28 05:03:46,586 INFO: 
--- Lambda = 0.1 ---
2025-11-28 05:03:46,587 INFO:   Seed 1/5...
2025-11-28 05:04:13,077 INFO:     Best fidelity: 0.2500, CNOT count: 12, Success: False
2025-11-28 05:04:13,077 INFO:   Seed 2/5...
2025-11-28 05:04:39,220 INFO:     Best fidelity: 0.5000, CNOT count: 13, Success: False
2025-11-28 05:04:39,220 INFO:   Seed 3/5...
2025-11-28 05:05:04,748 INFO:     Best fidelity: 0.1250, CNOT count: 8, Success: False
2025-11-28 05:05:04,749 INFO:   Seed 4/5...
2025-11-28 05:05:30,405 INFO:     Best fidelity: 0.2500, CNOT count: 12, Success: False
2025-11-28 05:05:30,405 INFO:   Seed 5/5...
2025-11-28 05:05:56,473 INFO:     Best fidelity: 0.5000, CNOT count: 16, Success: False
2025-11-28 05:05:56,474 INFO:   Summary for λ=0.1:
2025-11-28 05:05:56,474 INFO:     Success rate: 0.00% (n=5)
2025-11-28 05:05:56,474 INFO:     Fidelity: 0.3250 ± 0.1677 (n=5)
2025-11-28 05:05:56,474 INFO:     CNOT count: 12.2000 ± 2.8636 (n=5)
2025-11-28 05:05:56,477 INFO: 
Results saved to results/run_20251128-045426/lambda_sweep/lambda_sweep_results.json
2025-11-28 05:05:57,107 INFO: Plot with error bars saved to results/run_20251128-045426/lambda_sweep/lambda_sweep_plot.png
2025-11-28 05:05:57,117 INFO: Summary files saved to results/run_20251128-045426/lambda_sweep
2025-11-28 05:05:57,117 INFO: Lambda sweep complete. Results saved to results/run_20251128-045426/lambda_sweep
2025-11-28 05:05:57,118 INFO: Running saboteur-only (attacks baseline circuit)
2025-11-28 05:06:06,327 INFO: Running adversarial co-evolution
2025-11-28 05:08:27,029 INFO: Plotting coevolutionary process from results/run_20251128-045426/adversarial/adversarial_training_20251128-050606
2025-11-28 05:08:29,481 INFO: --- Generating Corrected Co-Evolution Plot for results/run_20251128-045426/adversarial/adversarial_training_20251128-050606 ---
Warning: File not found: results/run_20251128-045426/adversarial/adversarial_training_20251128-050606/architect_ghz_fidelities.txt
Warning: File not found: results/run_20251128-045426/adversarial/adversarial_training_20251128-050606/saboteur_trained_on_architect_ghz_fidelities.txt
Error: Missing data files.

2025-11-28 05:08:29,484 INFO: Copied vanilla circuit to compare/run_0
2025-11-28 05:08:29,486 INFO: Copied robust circuit from results/run_20251128-045426/adversarial/adversarial_training_20251128-050606/circuit_robust.json to compare/run_0
2025-11-28 05:08:29,486 INFO: Running comparison across runs in results/run_20251128-045426/compare
2025-11-28 05:08:31,152 INFO: Running parameter recovery experiment with n_seeds=5
2025-11-28 05:08:31,153 INFO: === Parameter Recovery Experiment ===
2025-11-28 05:08:31,153 INFO: Qubits: 4
2025-11-28 05:08:31,153 INFO: Noise parameters to test: [0.001, 0.005, 0.01, 0.02, 0.05, 0.08, 0.1]
2025-11-28 05:08:31,153 INFO: Shots per trial: 1000
2025-11-28 05:08:31,153 INFO: Repetitions per p (seeds): 5
2025-11-28 05:08:31,153 INFO: Base seed: 42
2025-11-28 05:08:31,154 INFO: Results directory: results/run_20251128-045426/parameter_recovery
2025-11-28 05:08:31,155 INFO: Loaded baseline circuit from results/run_20251128-045426/baseline/circuit_vanilla.json
2025-11-28 05:08:31,155 INFO: Loaded robust circuit from results/run_20251128-045426/adversarial/adversarial_training_20251128-050606/circuit_robust.json
2025-11-28 05:08:31,156 INFO: 
  Testing baseline circuit (n_repetitions=5):
2025-11-28 05:08:31,701 INFO:     p=0.001: recovered=0.0010±0.0000 (n=5), fidelity=0.9900±0.0001
2025-11-28 05:08:32,206 INFO:     p=0.005: recovered=0.0050±0.0000 (n=5), fidelity=0.9513±0.0003
2025-11-28 05:08:32,675 INFO:     p=0.010: recovered=0.0100±0.0000 (n=5), fidelity=0.9052±0.0003
2025-11-28 05:08:33,101 INFO:     p=0.020: recovered=0.0200±0.0000 (n=5), fidelity=0.8207±0.0004
2025-11-28 05:08:33,529 INFO:     p=0.050: recovered=0.0500±0.0001 (n=5), fidelity=0.6172±0.0003
2025-11-28 05:08:33,956 INFO:     p=0.080: recovered=0.0799±0.0001 (n=5), fidelity=0.4722±0.0006
2025-11-28 05:08:34,364 INFO:     p=0.100: recovered=0.1000±0.0002 (n=5), fidelity=0.3988±0.0006
2025-11-28 05:08:34,365 INFO: 
  Testing robust circuit (n_repetitions=5):
