2025-12-01 06:38:34,641 INFO: Loading experimental parameters for 3 qubits from config.py
2025-12-01 06:38:34,642 INFO: Starting pipeline with metadata: {'timestamp': '20251201-063834', 'n_qubits': 3, 'baseline_steps': 16384, 'saboteur_steps': 20480, 'adversarial_gens': 4, 'adversarial_arch_steps': 4096, 'seed': None, 'n_seeds': 5, 'source': 'experiments.config'}
2025-12-01 06:38:34,642 INFO: Running baseline architect (noiseless)
2025-12-01 06:42:55,691 INFO: Skipping lambda sweep as requested
2025-12-01 06:42:55,692 INFO: Running saboteur-only (attacks baseline circuit)
2025-12-01 06:46:35,867 INFO: Running adversarial co-evolution (4 generations)
2025-12-01 06:56:20,724 INFO: Plotting coevolutionary process from results/run_20251201-063834/adversarial/adversarial_training_20251201-064635
2025-12-01 06:56:24,230 INFO: --- Generating Co-Evolution Dashboard for results/run_20251201-063834/adversarial/adversarial_training_20251201-064635 ---
Dashboard saved to: results/run_20251201-063834/adversarial/adversarial_training_20251201-064635/coevolution_dashboard.png

2025-12-01 06:56:24,234 INFO: Robust circuit copied to comparison folder
2025-12-01 06:56:24,234 INFO: Running comparison across runs
2025-12-01 06:56:26,472 INFO: Running parameter recovery experiment
2025-12-01 06:56:26,473 INFO: === Parameter Recovery Experiment ===
2025-12-01 06:56:26,473 INFO: Qubits: 3
2025-12-01 06:56:26,473 INFO: Noise parameters to test: [0.001, 0.005, 0.01, 0.02, 0.05, 0.08, 0.1]
2025-12-01 06:56:26,473 INFO: Shots per trial: 1000
2025-12-01 06:56:26,473 INFO: Repetitions per p (seeds): 5
2025-12-01 06:56:26,473 INFO: Base seed: 42
2025-12-01 06:56:26,473 INFO: Results directory: results/run_20251201-063834/parameter_recovery
2025-12-01 06:56:26,474 INFO: Loaded baseline circuit from results/run_20251201-063834/baseline/circuit_vanilla.json
2025-12-01 06:56:26,474 INFO: Loaded robust circuit from results/run_20251201-063834/adversarial/adversarial_training_20251201-064635/circuit_robust.json
2025-12-01 06:56:26,475 INFO: 
  Testing baseline circuit (n_repetitions=5):
2025-12-01 06:56:27,732 INFO:     p=0.001: recovered=0.0010±0.0000 (n=5), fidelity=0.9730±0.0001
2025-12-01 06:56:28,818 INFO:     p=0.005: recovered=0.0050±0.0000 (n=5), fidelity=0.8733±0.0005
2025-12-01 06:56:29,824 INFO:     p=0.010: recovered=0.0100±0.0000 (n=5), fidelity=0.7648±0.0004
2025-12-01 06:56:30,915 INFO:     p=0.020: recovered=0.0200±0.0000 (n=5), fidelity=0.5930±0.0005
2025-12-01 06:56:32,004 INFO:     p=0.050: recovered=0.0500±0.0001 (n=5), fidelity=0.3079±0.0003
2025-12-01 06:56:33,091 INFO:     p=0.080: recovered=0.0798±0.0002 (n=5), fidelity=0.1966±0.0005
2025-12-01 06:56:34,114 INFO:     p=0.100: recovered=0.1001±0.0004 (n=5), fidelity=0.1629±0.0004
2025-12-01 06:56:34,116 INFO: 
  Testing robust circuit (n_repetitions=5):
2025-12-01 06:56:35,589 INFO:     p=0.001: recovered=0.0010±0.0000 (n=5), fidelity=0.9732±0.0002
2025-12-01 06:56:36,868 INFO:     p=0.005: recovered=0.0050±0.0000 (n=5), fidelity=0.8738±0.0002
2025-12-01 06:56:38,053 INFO:     p=0.010: recovered=0.0100±0.0000 (n=5), fidelity=0.7660±0.0008
2025-12-01 06:56:39,339 INFO:     p=0.020: recovered=0.0200±0.0000 (n=5), fidelity=0.5967±0.0002
2025-12-01 06:56:40,625 INFO:     p=0.050: recovered=0.0500±0.0001 (n=5), fidelity=0.3202±0.0004
2025-12-01 06:56:41,830 INFO:     p=0.080: recovered=0.0799±0.0002 (n=5), fidelity=0.2127±0.0004
2025-12-01 06:56:42,918 INFO:     p=0.100: recovered=0.0999±0.0003 (n=5), fidelity=0.1793±0.0003
2025-12-01 06:56:42,922 INFO: 
Results saved to results/run_20251201-063834/parameter_recovery/parameter_recovery_results.json
2025-12-01 06:56:43,222 INFO: Plot saved to results/run_20251201-063834/parameter_recovery/parameter_recovery_plot.png
2025-12-01 06:56:43,227 INFO: Summary saved to results/run_20251201-063834/parameter_recovery/parameter_recovery_summary.txt
2025-12-01 06:56:43,228 INFO: 
=== Parameter Recovery Experiment Complete ===
2025-12-01 06:56:43,228 INFO: Running cross-noise robustness experiment
2025-12-01 06:56:43,228 INFO: === Cross-Noise Robustness Experiment (ExpPlan Part 2, Exp 2.1) ===
2025-12-01 06:56:43,228 INFO: Baseline circuit: results/run_20251201-063834/compare/run_0/circuit_vanilla.json
2025-12-01 06:56:43,228 INFO: Robust circuit: results/run_20251201-063834/compare/run_0/circuit_robust.json
2025-12-01 06:56:43,229 INFO: Output directory: results/run_20251201-063834/cross_noise/cross_noise_20251201-065643
2025-12-01 06:56:43,229 INFO: Number of qubits: 3
2025-12-01 06:56:43,229 INFO: Number of seeds: 5
2025-12-01 06:56:43,229 INFO: Base seed: 42
2025-12-01 06:56:43,229 INFO: Loaded baseline circuit with 21 operations
2025-12-01 06:56:43,230 INFO: Loaded robust circuit with 24 operations
2025-12-01 06:56:43,230 INFO: 
--- Over-rotation sweep (ε ∈ [0.0, 0.1]) ---
2025-12-01 06:56:43,461 INFO: Baseline avg retention ratio (over-rotation): 0.9888
2025-12-01 06:56:43,461 INFO: Robust avg retention ratio (over-rotation): 0.9897
2025-12-01 06:56:43,461 INFO: 
--- Asymmetric Pauli noise (p_x=0.05, p_y=0.0, p_z=0.0) ---
2025-12-01 06:56:43,503 INFO: Baseline retention ratio (asymmetric): 0.2611
2025-12-01 06:56:43,503 INFO: Robust retention ratio (asymmetric): 0.2924
2025-12-01 06:56:43,504 INFO: 
Results saved to results/run_20251201-063834/cross_noise/cross_noise_20251201-065643/cross_noise_results.json
2025-12-01 06:56:43,739 INFO: Plot saved to results/run_20251201-063834/cross_noise/cross_noise_20251201-065643/cross_noise_robustness.png
2025-12-01 06:56:43,741 INFO: Summary saved to results/run_20251201-063834/cross_noise/cross_noise_20251201-065643/cross_noise_summary.txt
2025-12-01 06:56:43,746 INFO: 
=== Cross-Noise Robustness Experiment Complete ===
2025-12-01 06:56:43,746 INFO: Pipeline finished. Results in results/run_20251201-063834
