2025-12-05 05:27:45,942 INFO: Loading experimental parameters for 3 qubits from config.py
2025-12-05 05:27:45,943 INFO: Starting pipeline with metadata: {'timestamp': '20251205-052745', 'n_qubits': 3, 'baseline_steps': 60000, 'saboteur_steps': 20480, 'adversarial_gens': 5, 'adversarial_arch_steps': 12000, 'seed': None, 'n_seeds': 5, 'source': 'experiments.config', 'champion_save_last_steps': None, 'hall_of_fame_size': 5}
2025-12-05 05:27:45,943 INFO: Running baseline architect (noiseless)
2025-12-05 05:44:32,902 INFO: Running QuantumNAS baseline
2025-12-05 05:44:32,903 INFO: Running simple TorchQuantum baseline (task=ghz, epochs=200, depth=3, lr=0.0500)
2025-12-05 05:44:42,373 INFO: [GHZ] epoch 20/200 fidelity 0.922073
[GHZ] epoch 40/200 fidelity 0.986172
[GHZ] epoch 60/200 fidelity 0.997926
[GHZ] epoch 80/200 fidelity 0.999782
[GHZ] epoch 100/200 fidelity 0.999975
[GHZ] epoch 120/200 fidelity 0.999997
[GHZ] epoch 140/200 fidelity 1.000000
[GHZ] epoch 160/200 fidelity 1.000000
[GHZ] epoch 180/200 fidelity 1.000000
[GHZ] epoch 200/200 fidelity 1.000000
[GHZ] Saved circuit to results/run_20251205-052745/quantumnas/circuit_quantumnas.json
2025-12-05 05:44:42,373 INFO: QuantumNAS circuit saved to results/run_20251205-052745/quantumnas/circuit_quantumnas.json
2025-12-05 05:44:42,375 INFO: Running lambda sweep experiment (ExpPlan Part 1, Exp 1.1) with n_seeds=5
2025-12-05 05:44:42,376 INFO: === Lambda Sweep Experiment (ExpPlan Part 1, Exp 1.1) ===
2025-12-05 05:44:42,376 INFO: Target: ghz, Mode: state_preparation
2025-12-05 05:44:42,376 INFO: Experiment label: ghz_state_preparation
2025-12-05 05:44:42,376 INFO: Lambda values: [0.001, 0.005, 0.01, 0.05, 0.1]
2025-12-05 05:44:42,376 INFO: Seeds per lambda: 5
2025-12-05 05:44:42,376 INFO: Qubits: 3
2025-12-05 05:44:42,376 INFO: Training steps per trial: 60000
2025-12-05 05:44:42,376 INFO: Steps per update (PPO n_steps): 2048
2025-12-05 05:44:42,376 INFO: Include rotations: True (types=['Rz', 'Rx'])
2025-12-05 05:44:42,376 INFO: Results directory: results/run_20251205-052745/lambda_sweep
2025-12-05 05:44:42,376 INFO: 
--- Lambda = 0.001 ---
2025-12-05 05:44:42,376 INFO:   Seed 1/5...
2025-12-05 06:01:45,911 INFO:     Best fidelity: 1.0000, CNOT count: 12, Success: True
2025-12-05 06:01:45,911 INFO:   Seed 2/5...
2025-12-05 06:18:39,189 INFO:     Best fidelity: 1.0000, CNOT count: 15, Success: True
2025-12-05 06:18:39,189 INFO:   Seed 3/5...
2025-12-05 06:35:33,902 INFO:     Best fidelity: 1.0000, CNOT count: 14, Success: True
2025-12-05 06:35:33,902 INFO:   Seed 4/5...
2025-12-05 06:52:27,116 INFO:     Best fidelity: 1.0000, CNOT count: 13, Success: True
2025-12-05 06:52:27,117 INFO:   Seed 5/5...
2025-12-05 07:09:27,849 INFO:     Best fidelity: 1.0000, CNOT count: 12, Success: True
2025-12-05 07:09:27,850 INFO:   Summary for λ=0.001:
2025-12-05 07:09:27,850 INFO:     Success rate: 100.00% (n=5)
2025-12-05 07:09:27,851 INFO:     Fidelity: 1.0000 ± 0.0000 (n=5)
2025-12-05 07:09:27,851 INFO:     CNOT count: 13.2000 ± 1.3038 (n=5)
2025-12-05 07:09:27,851 INFO: 
--- Lambda = 0.005 ---
2025-12-05 07:09:27,851 INFO:   Seed 1/5...
2025-12-05 07:26:18,596 INFO:     Best fidelity: 1.0000, CNOT count: 11, Success: True
2025-12-05 07:26:18,596 INFO:   Seed 2/5...
2025-12-05 07:43:16,297 INFO:     Best fidelity: 1.0000, CNOT count: 15, Success: True
2025-12-05 07:43:16,297 INFO:   Seed 3/5...
2025-12-05 08:00:05,244 INFO:     Best fidelity: 1.0000, CNOT count: 15, Success: True
2025-12-05 08:00:05,245 INFO:   Seed 4/5...
2025-12-05 08:16:52,907 INFO:     Best fidelity: 1.0000, CNOT count: 11, Success: True
2025-12-05 08:16:52,907 INFO:   Seed 5/5...
2025-12-05 08:33:43,872 INFO:     Best fidelity: 1.0000, CNOT count: 15, Success: True
2025-12-05 08:33:43,873 INFO:   Summary for λ=0.005:
2025-12-05 08:33:43,873 INFO:     Success rate: 100.00% (n=5)
2025-12-05 08:33:43,873 INFO:     Fidelity: 1.0000 ± 0.0000 (n=5)
2025-12-05 08:33:43,873 INFO:     CNOT count: 13.4000 ± 2.1909 (n=5)
2025-12-05 08:33:43,873 INFO: 
--- Lambda = 0.01 ---
2025-12-05 08:33:43,874 INFO:   Seed 1/5...
2025-12-05 08:50:41,444 INFO:     Best fidelity: 1.0000, CNOT count: 14, Success: True
2025-12-05 08:50:41,444 INFO:   Seed 2/5...
2025-12-05 09:07:29,936 INFO:     Best fidelity: 1.0000, CNOT count: 14, Success: True
2025-12-05 09:07:29,937 INFO:   Seed 3/5...
2025-12-05 09:24:36,742 INFO:     Best fidelity: 1.0000, CNOT count: 15, Success: True
2025-12-05 09:24:36,742 INFO:   Seed 4/5...
2025-12-05 09:41:21,240 INFO:     Best fidelity: 1.0000, CNOT count: 13, Success: True
2025-12-05 09:41:21,240 INFO:   Seed 5/5...
2025-12-05 09:57:49,473 INFO:     Best fidelity: 1.0000, CNOT count: 12, Success: True
2025-12-05 09:57:49,475 INFO:   Summary for λ=0.01:
2025-12-05 09:57:49,475 INFO:     Success rate: 100.00% (n=5)
2025-12-05 09:57:49,475 INFO:     Fidelity: 1.0000 ± 0.0000 (n=5)
2025-12-05 09:57:49,475 INFO:     CNOT count: 13.6000 ± 1.1402 (n=5)
2025-12-05 09:57:49,475 INFO: 
--- Lambda = 0.05 ---
2025-12-05 09:57:49,475 INFO:   Seed 1/5...
2025-12-05 10:14:32,290 INFO:     Best fidelity: 1.0000, CNOT count: 14, Success: True
2025-12-05 10:14:32,290 INFO:   Seed 2/5...
2025-12-05 10:31:17,565 INFO:     Best fidelity: 1.0000, CNOT count: 14, Success: True
2025-12-05 10:31:17,565 INFO:   Seed 3/5...
2025-12-05 10:47:56,119 INFO:     Best fidelity: 1.0000, CNOT count: 13, Success: True
2025-12-05 10:47:56,119 INFO:   Seed 4/5...
2025-12-05 11:04:41,412 INFO:     Best fidelity: 1.0000, CNOT count: 14, Success: True
2025-12-05 11:04:41,412 INFO:   Seed 5/5...
2025-12-05 11:21:17,647 INFO:     Best fidelity: 1.0000, CNOT count: 14, Success: True
2025-12-05 11:21:17,648 INFO:   Summary for λ=0.05:
2025-12-05 11:21:17,648 INFO:     Success rate: 100.00% (n=5)
2025-12-05 11:21:17,648 INFO:     Fidelity: 1.0000 ± 0.0000 (n=5)
2025-12-05 11:21:17,648 INFO:     CNOT count: 13.8000 ± 0.4472 (n=5)
2025-12-05 11:21:17,648 INFO: 
--- Lambda = 0.1 ---
2025-12-05 11:21:17,649 INFO:   Seed 1/5...
2025-12-05 11:38:31,291 INFO:     Best fidelity: 1.0000, CNOT count: 15, Success: True
2025-12-05 11:38:31,291 INFO:   Seed 2/5...
2025-12-05 11:55:50,109 INFO:     Best fidelity: 1.0000, CNOT count: 13, Success: True
2025-12-05 11:55:50,110 INFO:   Seed 3/5...
2025-12-05 12:12:41,524 INFO:     Best fidelity: 1.0000, CNOT count: 13, Success: True
2025-12-05 12:12:41,524 INFO:   Seed 4/5...
2025-12-05 12:29:27,032 INFO:     Best fidelity: 1.0000, CNOT count: 13, Success: True
2025-12-05 12:29:27,032 INFO:   Seed 5/5...
2025-12-05 12:45:54,366 INFO:     Best fidelity: 1.0000, CNOT count: 14, Success: True
2025-12-05 12:45:54,367 INFO:   Summary for λ=0.1:
2025-12-05 12:45:54,367 INFO:     Success rate: 100.00% (n=5)
2025-12-05 12:45:54,367 INFO:     Fidelity: 1.0000 ± 0.0000 (n=5)
2025-12-05 12:45:54,367 INFO:     CNOT count: 13.6000 ± 0.8944 (n=5)
2025-12-05 12:45:54,520 INFO: 
Results saved to results/run_20251205-052745/lambda_sweep/lambda_sweep_results.json
2025-12-05 12:45:55,117 INFO: Plot with error bars saved to results/run_20251205-052745/lambda_sweep/lambda_sweep_plot.png
2025-12-05 12:45:55,128 INFO: Summary files saved to results/run_20251205-052745/lambda_sweep
2025-12-05 12:45:55,128 INFO: Lambda sweep complete. Results saved to results/run_20251205-052745/lambda_sweep
2025-12-05 12:45:55,129 INFO: Running saboteur-only (attacks baseline circuit)
2025-12-05 12:50:20,773 INFO: Running adversarial co-evolution for 5 seeds (5 generations each)
2025-12-05 12:50:20,773 INFO: Adversarial training: seed index 0 (global seed=2042)
2025-12-05 12:50:20,773 INFO: Setting global seed = 2042
2025-12-05 13:11:15,492 INFO: Adversarial training: seed index 1 (global seed=2043)
2025-12-05 13:11:15,492 INFO: Setting global seed = 2043
2025-12-05 13:32:10,937 INFO: Adversarial training: seed index 2 (global seed=2044)
2025-12-05 13:32:10,937 INFO: Setting global seed = 2044
2025-12-05 13:53:11,839 INFO: Adversarial training: seed index 3 (global seed=2045)
2025-12-05 13:53:11,839 INFO: Setting global seed = 2045
2025-12-05 14:14:13,669 INFO: Adversarial training: seed index 4 (global seed=2046)
2025-12-05 14:14:13,669 INFO: Setting global seed = 2046
2025-12-05 14:35:26,960 INFO: Canonical adversarial run (for comparison): results/run_20251205-052745/adversarial/seed_0
2025-12-05 14:35:26,960 INFO: Plotting multi-seed coevolution from results/run_20251205-052745/adversarial
2025-12-05 14:35:30,372 INFO: [plot_coevolution_multiseed] Found runs:
  - results/run_20251205-052745/adversarial/seed_0
  - results/run_20251205-052745/adversarial/seed_1
  - results/run_20251205-052745/adversarial/seed_2
  - results/run_20251205-052745/adversarial/seed_3
  - results/run_20251205-052745/adversarial/seed_4
[plot_coevolution_multiseed] Saved multi-seed figure to results/run_20251205-052745/adversarial/coevolution_multiseed.png

2025-12-05 14:35:32,205 INFO: --- Generating Co-Evolution Plot for results/run_20251205-052745/adversarial/seed_0 ---
[plot_coevolution] Saved plot to results/run_20251205-052745/adversarial/coevolution_seed_0.png
2025-12-05 14:35:34,007 INFO: --- Generating Co-Evolution Plot for results/run_20251205-052745/adversarial/seed_1 ---
[plot_coevolution] Saved plot to results/run_20251205-052745/adversarial/coevolution_seed_1.png
2025-12-05 14:35:35,854 INFO: --- Generating Co-Evolution Plot for results/run_20251205-052745/adversarial/seed_2 ---
[plot_coevolution] Saved plot to results/run_20251205-052745/adversarial/coevolution_seed_2.png
2025-12-05 14:35:38,018 INFO: --- Generating Co-Evolution Plot for results/run_20251205-052745/adversarial/seed_3 ---
[plot_coevolution] Saved plot to results/run_20251205-052745/adversarial/coevolution_seed_3.png
2025-12-05 14:35:40,234 INFO: --- Generating Co-Evolution Plot for results/run_20251205-052745/adversarial/seed_4 ---
[plot_coevolution] Saved plot to results/run_20251205-052745/adversarial/coevolution_seed_4.png
2025-12-05 14:35:40,238 INFO: Robust circuit from results/run_20251205-052745/adversarial/seed_0 copied to results/run_20251205-052745/compare/run_0
2025-12-05 14:35:40,242 INFO: Robust circuit from results/run_20251205-052745/adversarial/seed_1 copied to results/run_20251205-052745/compare/run_1
2025-12-05 14:35:40,245 INFO: Robust circuit from results/run_20251205-052745/adversarial/seed_2 copied to results/run_20251205-052745/compare/run_2
2025-12-05 14:35:40,248 INFO: Robust circuit from results/run_20251205-052745/adversarial/seed_3 copied to results/run_20251205-052745/compare/run_3
2025-12-05 14:35:40,251 INFO: Robust circuit from results/run_20251205-052745/adversarial/seed_4 copied to results/run_20251205-052745/compare/run_4
2025-12-05 14:35:40,256 INFO: QuantumNAS circuit copied into compare runs for analysis.
2025-12-05 14:35:40,256 INFO: Running comparison across runs
2025-12-05 14:35:45,786 INFO: Running parameter recovery experiment
2025-12-05 14:35:45,786 INFO: === Parameter Recovery Experiment ===
2025-12-05 14:35:45,786 INFO: Qubits: 3
2025-12-05 14:35:45,786 INFO: Noise parameters to test: [0.02, 0.05, 0.08, 0.12, 0.16, 0.2, 0.25]
2025-12-05 14:35:45,786 INFO: Shots per trial: 150
2025-12-05 14:35:45,786 INFO: Repetitions per p (seeds): 5
2025-12-05 14:35:45,786 INFO: Base seed: 42
2025-12-05 14:35:45,786 INFO: Results directory: results/run_20251205-052745/parameter_recovery
2025-12-05 14:35:45,787 INFO: Loaded baseline circuit from results/run_20251205-052745/baseline/circuit_vanilla.json
2025-12-05 14:35:45,787 INFO: Loaded robust circuit from results/run_20251205-052745/compare/run_0/circuit_robust.json
2025-12-05 14:35:45,787 INFO: 
  Testing baseline circuit (n_repetitions=5):
2025-12-05 14:35:46,905 INFO:     p=0.020: recovered=0.0200±0.0004 (n=5), fidelity=0.6107±0.0055
2025-12-05 14:35:48,028 INFO:     p=0.050: recovered=0.0498±0.0002 (n=5), fidelity=0.3271±0.0010
2025-12-05 14:35:49,209 INFO:     p=0.080: recovered=0.0799±0.0005 (n=5), fidelity=0.2094±0.0013
2025-12-05 14:35:50,297 INFO:     p=0.120: recovered=0.1230±0.0005 (n=5), fidelity=0.1498±0.0004
2025-12-05 14:35:51,559 INFO:     p=0.160: recovered=0.1575±0.0064 (n=5), fidelity=0.1347±0.0018
2025-12-05 14:35:52,848 INFO:     p=0.200: recovered=0.2334±0.0661 (n=5), fidelity=0.1272±0.0018
2025-12-05 14:35:54,232 INFO:     p=0.250: recovered=0.2367±0.0637 (n=5), fidelity=0.1269±0.0013
2025-12-05 14:35:54,234 INFO: 
  Testing robust circuit (n_repetitions=5):
2025-12-05 14:35:54,421 INFO:     p=0.020: recovered=0.0199±0.0003 (n=5), fidelity=0.9168±0.0014
2025-12-05 14:35:54,594 INFO:     p=0.050: recovered=0.0505±0.0005 (n=5), fidelity=0.8013±0.0018
2025-12-05 14:35:54,772 INFO:     p=0.080: recovered=0.0804±0.0008 (n=5), fidelity=0.7011±0.0026
2025-12-05 14:35:54,944 INFO:     p=0.120: recovered=0.1193±0.0010 (n=5), fidelity=0.5879±0.0027
2025-12-05 14:35:55,115 INFO:     p=0.160: recovered=0.1604±0.0009 (n=5), fidelity=0.4877±0.0020
2025-12-05 14:35:55,305 INFO:     p=0.200: recovered=0.2022±0.0019 (n=5), fidelity=0.4036±0.0035
2025-12-05 14:35:55,476 INFO:     p=0.250: recovered=0.2502±0.0020 (n=5), fidelity=0.3262±0.0028
2025-12-05 14:35:55,478 INFO: 
  Testing quantumnas circuit (n_repetitions=5):
2025-12-05 14:35:56,167 INFO:     p=0.020: recovered=0.0199±0.0002 (n=5), fidelity=0.7671±0.0023
2025-12-05 14:35:56,880 INFO:     p=0.050: recovered=0.0500±0.0004 (n=5), fidelity=0.5288±0.0024
2025-12-05 14:35:57,640 INFO:     p=0.080: recovered=0.0799±0.0008 (n=5), fidelity=0.3816±0.0029
2025-12-05 14:35:58,329 INFO:     p=0.120: recovered=0.1207±0.0011 (n=5), fidelity=0.2650±0.0023
2025-12-05 14:35:59,096 INFO:     p=0.160: recovered=0.1609±0.0017 (n=5), fidelity=0.2028±0.0018
2025-12-05 14:35:59,855 INFO:     p=0.200: recovered=0.2016±0.0063 (n=5), fidelity=0.1685±0.0040
2025-12-05 14:36:00,532 INFO:     p=0.250: recovered=0.2499±0.0084 (n=5), fidelity=0.1467±0.0028
2025-12-05 14:36:00,536 INFO: 
Results saved to results/run_20251205-052745/parameter_recovery/parameter_recovery_results.json
2025-12-05 14:36:00,877 INFO: Plot saved to results/run_20251205-052745/parameter_recovery/parameter_recovery_plot.png
2025-12-05 14:36:00,883 INFO: Summary saved to results/run_20251205-052745/parameter_recovery/parameter_recovery_summary.txt
2025-12-05 14:36:00,883 INFO: 
=== Parameter Recovery Experiment Complete ===
2025-12-05 14:36:00,884 INFO: Running cross-noise robustness experiment
2025-12-05 14:36:00,884 INFO: === Cross-Noise Robustness Experiment (ExpPlan Part 2, Exp 2.1) ===
2025-12-05 14:36:00,884 INFO: Baseline circuit: results/run_20251205-052745/compare/run_0/circuit_vanilla.json
2025-12-05 14:36:00,884 INFO: Robust circuit: results/run_20251205-052745/compare/run_0/circuit_robust.json
2025-12-05 14:36:00,884 INFO: Output directory: results/run_20251205-052745/cross_noise/cross_noise_20251205-143600
2025-12-05 14:36:00,884 INFO: Number of qubits: 3
2025-12-05 14:36:00,884 INFO: Number of seeds: 5
2025-12-05 14:36:00,884 INFO: Base seed: 42
2025-12-05 14:36:00,885 INFO: Loaded baseline circuit with 16 operations
2025-12-05 14:36:00,885 INFO: Loaded robust circuit with 3 operations
2025-12-05 14:36:00,885 INFO: Loaded QuantumNAS circuit with 15 operations
2025-12-05 14:36:00,890 INFO: Clean fidelities — baseline: 1.0000, robust: 1.0000, quantumnas: 1.0000; using shared reference 1.0000
2025-12-05 14:36:00,890 INFO: 
--- Over-rotation sweep (ε ∈ [0.0, 0.2]) ---
2025-12-05 14:36:01,075 INFO: Baseline avg retention ratio (over-rotation): 0.6105
2025-12-05 14:36:01,075 INFO: Robust avg retention ratio (over-rotation): 0.9798
2025-12-05 14:36:01,075 INFO: 
--- Asymmetric Pauli noise sweep (p_x in [0.05], p_y=0.0, p_z=0.0) ---
2025-12-05 14:36:01,248 INFO: p_x=0.050 | Baseline retention: 0.3003 | Robust retention: 0.8170 | QuantumNAS retention: 0.5845
2025-12-05 14:36:01,377 INFO: 
Results saved to results/run_20251205-052745/cross_noise/cross_noise_20251205-143600/cross_noise_results.json
2025-12-05 14:36:01,637 INFO: Plot saved to results/run_20251205-052745/cross_noise/cross_noise_20251205-143600/cross_noise_robustness.png
2025-12-05 14:36:01,639 INFO: Summary saved to results/run_20251205-052745/cross_noise/cross_noise_20251205-143600/cross_noise_summary.txt
2025-12-05 14:36:01,643 INFO: 
=== Cross-Noise Robustness Experiment Complete ===
2025-12-05 14:36:01,705 INFO: Fidelity summary written to results/run_20251205-052745/analysis/fidelity_raw_data.csv
2025-12-05 14:36:04,895 ERROR: Error summarizing robustness: module 'cirq' has no attribute 'AmplitudeDamping'
2025-12-05 14:36:04,896 INFO: Pipeline finished. Results in results/run_20251205-052745
2025-12-07 01:09:24,487 INFO: Loading experimental parameters for 3 qubits from config.py
2025-12-07 01:09:24,489 INFO: Starting pipeline with metadata: {'timestamp': '20251207-010924', 'n_qubits': 3, 'baseline_steps': 60000, 'saboteur_steps': 20480, 'adversarial_gens': 5, 'adversarial_arch_steps': 12000, 'seed': None, 'n_seeds': 5, 'source': 'experiments.config', 'champion_save_last_steps': None, 'hall_of_fame_size': 5}
2025-12-07 01:09:24,490 INFO: Skipping baseline as requested
2025-12-07 01:09:24,490 INFO: Running QuantumNAS baseline
2025-12-07 01:09:24,491 INFO: Running simple TorchQuantum baseline (task=ghz, epochs=200, depth=3, lr=0.0500)
2025-12-07 01:09:35,884 INFO: [GHZ] epoch 20/200 fidelity 0.971561
[GHZ] epoch 40/200 fidelity 0.994719
[GHZ] epoch 60/200 fidelity 0.999023
[GHZ] epoch 80/200 fidelity 0.999977
[GHZ] epoch 100/200 fidelity 0.999992
[GHZ] epoch 120/200 fidelity 0.999999
[GHZ] epoch 140/200 fidelity 1.000000
[GHZ] epoch 160/200 fidelity 1.000000
[GHZ] epoch 180/200 fidelity 1.000000
[GHZ] epoch 200/200 fidelity 1.000000
[GHZ] Saved circuit to /home/gp.sc.cc.tohoku.ac.jp/jesus/AA/work_dir/quantum-arch-search/results/run_20251205-052745/quantumnas/circuit_quantumnas.json
2025-12-07 01:09:35,885 INFO: QuantumNAS circuit saved to /home/gp.sc.cc.tohoku.ac.jp/jesus/AA/work_dir/quantum-arch-search/results/run_20251205-052745/quantumnas/circuit_quantumnas.json
2025-12-07 01:09:35,886 INFO: Skipping lambda sweep as requested
2025-12-07 01:09:35,887 INFO: Skipping saboteur-only as requested
2025-12-07 01:09:35,887 INFO: Skipping adversarial as requested
2025-12-07 01:09:35,892 INFO: Discovered 5 existing adversarial run(s) with robust circuits
2025-12-07 01:09:35,900 INFO: Robust circuit from /home/gp.sc.cc.tohoku.ac.jp/jesus/AA/work_dir/quantum-arch-search/results/run_20251205-052745/adversarial/seed_0 copied to /home/gp.sc.cc.tohoku.ac.jp/jesus/AA/work_dir/quantum-arch-search/results/run_20251205-052745/compare/run_0
2025-12-07 01:09:35,909 INFO: Robust circuit from /home/gp.sc.cc.tohoku.ac.jp/jesus/AA/work_dir/quantum-arch-search/results/run_20251205-052745/adversarial/seed_1 copied to /home/gp.sc.cc.tohoku.ac.jp/jesus/AA/work_dir/quantum-arch-search/results/run_20251205-052745/compare/run_1
2025-12-07 01:09:35,916 INFO: Robust circuit from /home/gp.sc.cc.tohoku.ac.jp/jesus/AA/work_dir/quantum-arch-search/results/run_20251205-052745/adversarial/seed_2 copied to /home/gp.sc.cc.tohoku.ac.jp/jesus/AA/work_dir/quantum-arch-search/results/run_20251205-052745/compare/run_2
2025-12-07 01:09:35,921 INFO: Robust circuit from /home/gp.sc.cc.tohoku.ac.jp/jesus/AA/work_dir/quantum-arch-search/results/run_20251205-052745/adversarial/seed_3 copied to /home/gp.sc.cc.tohoku.ac.jp/jesus/AA/work_dir/quantum-arch-search/results/run_20251205-052745/compare/run_3
2025-12-07 01:09:35,927 INFO: Robust circuit from /home/gp.sc.cc.tohoku.ac.jp/jesus/AA/work_dir/quantum-arch-search/results/run_20251205-052745/adversarial/seed_4 copied to /home/gp.sc.cc.tohoku.ac.jp/jesus/AA/work_dir/quantum-arch-search/results/run_20251205-052745/compare/run_4
2025-12-07 01:09:35,941 INFO: QuantumNAS circuit copied into compare runs for analysis.
2025-12-07 01:09:35,941 INFO: Running comparison across runs
2025-12-07 01:09:42,146 INFO: Running parameter recovery experiment
2025-12-07 01:09:42,147 INFO: === Parameter Recovery Experiment ===
2025-12-07 01:09:42,147 INFO: Qubits: 3
2025-12-07 01:09:42,147 INFO: Noise parameters to test: [0.02, 0.05, 0.08, 0.12, 0.16, 0.2, 0.25]
2025-12-07 01:09:42,147 INFO: Shots per trial: 150
2025-12-07 01:09:42,147 INFO: Repetitions per p (seeds): 5
2025-12-07 01:09:42,148 INFO: Base seed: 42
2025-12-07 01:09:42,148 INFO: Results directory: /home/gp.sc.cc.tohoku.ac.jp/jesus/AA/work_dir/quantum-arch-search/results/run_20251205-052745/parameter_recovery
2025-12-07 01:09:42,148 INFO: Loaded baseline circuit from /home/gp.sc.cc.tohoku.ac.jp/jesus/AA/work_dir/quantum-arch-search/results/run_20251205-052745/baseline/circuit_vanilla.json
2025-12-07 01:09:42,149 INFO: Loaded robust circuit from /home/gp.sc.cc.tohoku.ac.jp/jesus/AA/work_dir/quantum-arch-search/results/run_20251205-052745/compare/run_0/circuit_robust.json
2025-12-07 01:09:42,149 INFO: 
  Testing baseline circuit (n_repetitions=5):
2025-12-07 01:09:43,240 INFO:     p=0.020: recovered=0.0200±0.0004 (n=5), fidelity=0.6107±0.0055
2025-12-07 01:09:44,326 INFO:     p=0.050: recovered=0.0498±0.0002 (n=5), fidelity=0.3271±0.0010
2025-12-07 01:09:45,472 INFO:     p=0.080: recovered=0.0799±0.0005 (n=5), fidelity=0.2094±0.0013
2025-12-07 01:09:46,526 INFO:     p=0.120: recovered=0.1230±0.0005 (n=5), fidelity=0.1498±0.0004
2025-12-07 01:09:47,755 INFO:     p=0.160: recovered=0.1575±0.0064 (n=5), fidelity=0.1347±0.0018
2025-12-07 01:09:49,018 INFO:     p=0.200: recovered=0.2334±0.0661 (n=5), fidelity=0.1272±0.0018
2025-12-07 01:09:50,362 INFO:     p=0.250: recovered=0.2367±0.0637 (n=5), fidelity=0.1269±0.0013
2025-12-07 01:09:50,364 INFO: 
  Testing robust circuit (n_repetitions=5):
2025-12-07 01:09:50,548 INFO:     p=0.020: recovered=0.0199±0.0003 (n=5), fidelity=0.9168±0.0014
2025-12-07 01:09:50,715 INFO:     p=0.050: recovered=0.0505±0.0005 (n=5), fidelity=0.8013±0.0018
2025-12-07 01:09:50,889 INFO:     p=0.080: recovered=0.0804±0.0008 (n=5), fidelity=0.7011±0.0026
2025-12-07 01:09:51,056 INFO:     p=0.120: recovered=0.1193±0.0010 (n=5), fidelity=0.5879±0.0027
2025-12-07 01:09:51,224 INFO:     p=0.160: recovered=0.1604±0.0009 (n=5), fidelity=0.4877±0.0020
2025-12-07 01:09:51,406 INFO:     p=0.200: recovered=0.2022±0.0019 (n=5), fidelity=0.4036±0.0035
2025-12-07 01:09:51,574 INFO:     p=0.250: recovered=0.2502±0.0020 (n=5), fidelity=0.3262±0.0028
2025-12-07 01:09:51,577 INFO: 
  Testing quantumnas circuit (n_repetitions=5):
2025-12-07 01:09:52,281 INFO:     p=0.020: recovered=0.0199±0.0002 (n=5), fidelity=0.7381±0.0024
2025-12-07 01:09:52,995 INFO:     p=0.050: recovered=0.0500±0.0004 (n=5), fidelity=0.4844±0.0024
2025-12-07 01:09:53,716 INFO:     p=0.080: recovered=0.0799±0.0008 (n=5), fidelity=0.3382±0.0028
2025-12-07 01:09:54,427 INFO:     p=0.120: recovered=0.1207±0.0012 (n=5), fidelity=0.2311±0.0022
2025-12-07 01:09:55,204 INFO:     p=0.160: recovered=0.1611±0.0020 (n=5), fidelity=0.1792±0.0018
2025-12-07 01:09:55,958 INFO:     p=0.200: recovered=0.2022±0.0084 (n=5), fidelity=0.1529±0.0038
2025-12-07 01:09:56,602 INFO:     p=0.250: recovered=0.2502±0.0120 (n=5), fidelity=0.1379±0.0027
2025-12-07 01:09:56,608 INFO: 
Results saved to /home/gp.sc.cc.tohoku.ac.jp/jesus/AA/work_dir/quantum-arch-search/results/run_20251205-052745/parameter_recovery/parameter_recovery_results.json
2025-12-07 01:09:56,952 INFO: Plot saved to /home/gp.sc.cc.tohoku.ac.jp/jesus/AA/work_dir/quantum-arch-search/results/run_20251205-052745/parameter_recovery/parameter_recovery_plot.png
2025-12-07 01:09:56,963 INFO: Summary saved to /home/gp.sc.cc.tohoku.ac.jp/jesus/AA/work_dir/quantum-arch-search/results/run_20251205-052745/parameter_recovery/parameter_recovery_summary.txt
2025-12-07 01:09:56,963 INFO: 
=== Parameter Recovery Experiment Complete ===
2025-12-07 01:09:56,964 INFO: Running cross-noise robustness experiment
2025-12-07 01:09:56,965 INFO: === Cross-Noise Robustness Experiment (ExpPlan Part 2, Exp 2.1) ===
2025-12-07 01:09:56,965 INFO: Baseline circuit: /home/gp.sc.cc.tohoku.ac.jp/jesus/AA/work_dir/quantum-arch-search/results/run_20251205-052745/compare/run_0/circuit_vanilla.json
2025-12-07 01:09:56,965 INFO: Robust circuit: /home/gp.sc.cc.tohoku.ac.jp/jesus/AA/work_dir/quantum-arch-search/results/run_20251205-052745/compare/run_0/circuit_robust.json
2025-12-07 01:09:56,965 INFO: Output directory: /home/gp.sc.cc.tohoku.ac.jp/jesus/AA/work_dir/quantum-arch-search/results/run_20251205-052745/cross_noise/cross_noise_20251207-010956
2025-12-07 01:09:56,965 INFO: Number of qubits: 3
2025-12-07 01:09:56,965 INFO: Number of seeds: 5
2025-12-07 01:09:56,965 INFO: Base seed: 42
2025-12-07 01:09:56,966 INFO: Loaded baseline circuit with 16 operations
2025-12-07 01:09:56,966 INFO: Loaded robust circuit with 3 operations
2025-12-07 01:09:56,967 INFO: Loaded QuantumNAS circuit with 15 operations
2025-12-07 01:09:56,972 INFO: Clean fidelities — baseline: 1.0000, robust: 1.0000, quantumnas: 1.0000; using shared reference 1.0000
2025-12-07 01:09:56,972 INFO: 
--- Over-rotation sweep (ε ∈ [0.0, 0.2]) ---
2025-12-07 01:09:57,154 INFO: Baseline avg retention ratio (over-rotation): 0.6105
2025-12-07 01:09:57,154 INFO: Robust avg retention ratio (over-rotation): 0.9798
2025-12-07 01:09:57,154 INFO: 
--- Asymmetric Pauli noise sweep (p_x in [0.05], p_y=0.0, p_z=0.0) ---
2025-12-07 01:09:57,325 INFO: p_x=0.050 | Baseline retention: 0.3003 | Robust retention: 0.8170 | QuantumNAS retention: 0.4941
2025-12-07 01:09:57,452 INFO: 
Results saved to /home/gp.sc.cc.tohoku.ac.jp/jesus/AA/work_dir/quantum-arch-search/results/run_20251205-052745/cross_noise/cross_noise_20251207-010956/cross_noise_results.json
2025-12-07 01:09:57,709 INFO: Plot saved to /home/gp.sc.cc.tohoku.ac.jp/jesus/AA/work_dir/quantum-arch-search/results/run_20251205-052745/cross_noise/cross_noise_20251207-010956/cross_noise_robustness.png
2025-12-07 01:09:57,711 INFO: Summary saved to /home/gp.sc.cc.tohoku.ac.jp/jesus/AA/work_dir/quantum-arch-search/results/run_20251205-052745/cross_noise/cross_noise_20251207-010956/cross_noise_summary.txt
2025-12-07 01:09:57,720 INFO: 
=== Cross-Noise Robustness Experiment Complete ===
2025-12-07 01:09:57,789 INFO: Fidelity summary written to /home/gp.sc.cc.tohoku.ac.jp/jesus/AA/work_dir/quantum-arch-search/results/run_20251205-052745/analysis/fidelity_raw_data.csv
2025-12-07 01:10:09,635 INFO: Robustness sweep written to /home/gp.sc.cc.tohoku.ac.jp/jesus/AA/work_dir/quantum-arch-search/results/run_20251205-052745/analysis/robustness_sweep.json//home/gp.sc.cc.tohoku.ac.jp/jesus/AA/work_dir/quantum-arch-search/results/run_20251205-052745/analysis/robustness_sweep.csv (legacy compare uses family=depolarizing, budget=1)
2025-12-07 01:10:09,635 INFO: Pipeline finished. Results in /home/gp.sc.cc.tohoku.ac.jp/jesus/AA/work_dir/quantum-arch-search/results/run_20251205-052745
2025-12-07 01:47:54,435 INFO: Loading experimental parameters for 3 qubits from config.py
2025-12-07 01:47:54,436 INFO: Starting pipeline with metadata: {'timestamp': '20251207-014754', 'n_qubits': 3, 'baseline_steps': 60000, 'saboteur_steps': 20480, 'adversarial_gens': 5, 'adversarial_arch_steps': 12000, 'seed': None, 'n_seeds': 5, 'source': 'experiments.config', 'champion_save_last_steps': None, 'hall_of_fame_size': 5}
2025-12-07 01:47:54,437 INFO: Skipping baseline as requested
2025-12-07 01:47:54,437 INFO: Running QuantumNAS baseline
2025-12-07 01:47:54,438 INFO: Running simple TorchQuantum baseline (task=ghz, epochs=200, depth=3, lr=0.0500)
2025-12-07 01:48:03,564 INFO: [GHZ] epoch 20/200 fidelity 0.930564
[GHZ] epoch 40/200 fidelity 0.979528
[GHZ] epoch 60/200 fidelity 0.997795
[GHZ] epoch 80/200 fidelity 0.999844
[GHZ] epoch 100/200 fidelity 0.999978
[GHZ] epoch 120/200 fidelity 0.999987
[GHZ] epoch 140/200 fidelity 0.999990
[GHZ] epoch 160/200 fidelity 0.999990
[GHZ] epoch 180/200 fidelity 0.999992
[GHZ] epoch 200/200 fidelity 0.999992
[GHZ] Saved circuit to results/4/quantumnas/circuit_quantumnas.json
2025-12-07 01:48:03,569 INFO: QuantumNAS circuit saved to results/4/quantumnas/circuit_quantumnas.json
2025-12-07 01:48:03,570 INFO: Skipping lambda sweep as requested
2025-12-07 01:48:03,571 INFO: Skipping saboteur-only as requested
2025-12-07 01:48:03,572 INFO: Skipping adversarial as requested
2025-12-07 01:48:03,574 INFO: Discovered 5 existing adversarial run(s) with robust circuits
2025-12-07 01:48:03,579 INFO: Robust circuit from results/4/adversarial/seed_0 copied to results/4/compare/run_0
2025-12-07 01:48:03,585 INFO: Robust circuit from results/4/adversarial/seed_1 copied to results/4/compare/run_1
2025-12-07 01:48:03,589 INFO: Robust circuit from results/4/adversarial/seed_2 copied to results/4/compare/run_2
2025-12-07 01:48:03,593 INFO: Robust circuit from results/4/adversarial/seed_3 copied to results/4/compare/run_3
2025-12-07 01:48:03,596 INFO: Robust circuit from results/4/adversarial/seed_4 copied to results/4/compare/run_4
2025-12-07 01:48:03,604 INFO: QuantumNAS circuit copied into compare runs for analysis.
2025-12-07 01:48:03,604 INFO: Running comparison across runs
2025-12-07 01:48:09,314 INFO: Running parameter recovery experiment
2025-12-07 01:48:09,315 INFO: === Parameter Recovery Experiment ===
2025-12-07 01:48:09,315 INFO: Qubits: 3
2025-12-07 01:48:09,315 INFO: Noise parameters to test: [0.02, 0.05, 0.08, 0.12, 0.16, 0.2, 0.25]
2025-12-07 01:48:09,315 INFO: Shots per trial: 150
2025-12-07 01:48:09,315 INFO: Repetitions per p (seeds): 5
2025-12-07 01:48:09,315 INFO: Base seed: 42
2025-12-07 01:48:09,315 INFO: Results directory: results/4/parameter_recovery
2025-12-07 01:48:09,316 INFO: Loaded baseline circuit from results/4/baseline/circuit_vanilla.json
2025-12-07 01:48:09,317 INFO: Loaded robust circuit from results/4/compare/run_0/circuit_robust.json
2025-12-07 01:48:09,317 INFO: 
  Testing baseline circuit (n_repetitions=5):
2025-12-07 01:48:10,410 INFO:     p=0.020: recovered=0.0200±0.0004 (n=5), fidelity=0.6107±0.0055
2025-12-07 01:48:11,500 INFO:     p=0.050: recovered=0.0498±0.0002 (n=5), fidelity=0.3271±0.0010
2025-12-07 01:48:12,654 INFO:     p=0.080: recovered=0.0799±0.0005 (n=5), fidelity=0.2094±0.0013
2025-12-07 01:48:13,715 INFO:     p=0.120: recovered=0.1230±0.0005 (n=5), fidelity=0.1498±0.0004
2025-12-07 01:48:14,939 INFO:     p=0.160: recovered=0.1575±0.0064 (n=5), fidelity=0.1347±0.0018
2025-12-07 01:48:16,200 INFO:     p=0.200: recovered=0.2334±0.0661 (n=5), fidelity=0.1272±0.0018
2025-12-07 01:48:17,550 INFO:     p=0.250: recovered=0.2367±0.0637 (n=5), fidelity=0.1269±0.0013
2025-12-07 01:48:17,552 INFO: 
  Testing robust circuit (n_repetitions=5):
2025-12-07 01:48:17,735 INFO:     p=0.020: recovered=0.0199±0.0003 (n=5), fidelity=0.9168±0.0014
2025-12-07 01:48:17,906 INFO:     p=0.050: recovered=0.0505±0.0005 (n=5), fidelity=0.8013±0.0018
2025-12-07 01:48:18,080 INFO:     p=0.080: recovered=0.0804±0.0008 (n=5), fidelity=0.7011±0.0026
2025-12-07 01:48:18,248 INFO:     p=0.120: recovered=0.1193±0.0010 (n=5), fidelity=0.5879±0.0027
2025-12-07 01:48:18,416 INFO:     p=0.160: recovered=0.1604±0.0009 (n=5), fidelity=0.4877±0.0020
2025-12-07 01:48:18,599 INFO:     p=0.200: recovered=0.2022±0.0019 (n=5), fidelity=0.4036±0.0035
2025-12-07 01:48:18,766 INFO:     p=0.250: recovered=0.2502±0.0020 (n=5), fidelity=0.3262±0.0028
2025-12-07 01:48:18,769 INFO: 
  Testing quantumnas circuit (n_repetitions=5):
2025-12-07 01:48:19,469 INFO:     p=0.020: recovered=0.0199±0.0002 (n=5), fidelity=0.7724±0.0023
2025-12-07 01:48:20,162 INFO:     p=0.050: recovered=0.0500±0.0004 (n=5), fidelity=0.5366±0.0024
2025-12-07 01:48:20,917 INFO:     p=0.080: recovered=0.0799±0.0007 (n=5), fidelity=0.3892±0.0029
2025-12-07 01:48:21,639 INFO:     p=0.120: recovered=0.1207±0.0011 (n=5), fidelity=0.2710±0.0023
2025-12-07 01:48:22,386 INFO:     p=0.160: recovered=0.1609±0.0016 (n=5), fidelity=0.2072±0.0019
2025-12-07 01:48:23,131 INFO:     p=0.200: recovered=0.2015±0.0061 (n=5), fidelity=0.1716±0.0040
2025-12-07 01:48:23,787 INFO:     p=0.250: recovered=0.2498±0.0080 (n=5), fidelity=0.1486±0.0028
2025-12-07 01:48:23,791 INFO: 
Results saved to results/4/parameter_recovery/parameter_recovery_results.json
2025-12-07 01:48:24,137 INFO: Plot saved to results/4/parameter_recovery/parameter_recovery_plot.png
2025-12-07 01:48:24,144 INFO: Summary saved to results/4/parameter_recovery/parameter_recovery_summary.txt
2025-12-07 01:48:24,145 INFO: 
=== Parameter Recovery Experiment Complete ===
2025-12-07 01:48:24,145 INFO: Running cross-noise robustness experiment
2025-12-07 01:48:24,146 INFO: === Cross-Noise Robustness Experiment (ExpPlan Part 2, Exp 2.1) ===
2025-12-07 01:48:24,146 INFO: Baseline circuit: results/4/compare/run_0/circuit_vanilla.json
2025-12-07 01:48:24,146 INFO: Robust circuit: results/4/compare/run_0/circuit_robust.json
2025-12-07 01:48:24,146 INFO: Output directory: results/4/cross_noise/cross_noise_20251207-014824
2025-12-07 01:48:24,146 INFO: Number of qubits: 3
2025-12-07 01:48:24,146 INFO: Number of seeds: 5
2025-12-07 01:48:24,146 INFO: Base seed: 42
2025-12-07 01:48:24,147 INFO: Loaded baseline circuit with 16 operations
2025-12-07 01:48:24,147 INFO: Loaded robust circuit with 3 operations
2025-12-07 01:48:24,148 INFO: Loaded QuantumNAS circuit with 15 operations
2025-12-07 01:48:24,153 INFO: Clean fidelities — baseline: 1.0000, robust: 1.0000, quantumnas: 1.0000; using shared reference 1.0000
2025-12-07 01:48:24,153 INFO: 
--- Over-rotation sweep (ε ∈ [0.0, 0.2]) ---
2025-12-07 01:48:24,335 INFO: Baseline avg retention ratio (over-rotation): 0.6105
2025-12-07 01:48:24,335 INFO: Robust avg retention ratio (over-rotation): 0.9798
2025-12-07 01:48:24,335 INFO: 
--- Asymmetric Pauli noise sweep (p_x in [0.05], p_y=0.0, p_z=0.0) ---
2025-12-07 01:48:24,504 INFO: p_x=0.050 | Baseline retention: 0.3003 | Robust retention: 0.8170 | QuantumNAS retention: 0.5914
2025-12-07 01:48:24,631 INFO: 
Results saved to results/4/cross_noise/cross_noise_20251207-014824/cross_noise_results.json
2025-12-07 01:48:24,888 INFO: Plot saved to results/4/cross_noise/cross_noise_20251207-014824/cross_noise_robustness.png
2025-12-07 01:48:24,889 INFO: Summary saved to results/4/cross_noise/cross_noise_20251207-014824/cross_noise_summary.txt
2025-12-07 01:48:24,893 INFO: 
=== Cross-Noise Robustness Experiment Complete ===
2025-12-07 01:48:24,951 INFO: Fidelity summary written to results/4/analysis/fidelity_raw_data.csv
2025-12-07 01:48:38,402 INFO: Robustness sweep written to results/4/analysis/robustness_sweep.json/results/4/analysis/robustness_sweep.csv (legacy compare uses family=depolarizing, budget=1)
2025-12-07 01:48:38,403 INFO: Pipeline finished. Results in results/4
