2025-12-02 13:58:56,898 INFO: Loading experimental parameters for 3 qubits from config.py
2025-12-02 13:58:56,899 INFO: Starting pipeline with metadata: {'timestamp': '20251202-135856', 'n_qubits': 3, 'baseline_steps': 480000, 'saboteur_steps': 81920, 'adversarial_gens': 40, 'adversarial_arch_steps': 12000, 'seed': None, 'n_seeds': 5, 'source': 'experiments.config'}
2025-12-02 13:58:56,900 INFO: Running baseline architect (noiseless)
2025-12-02 16:49:13,075 INFO: Running lambda sweep experiment (ExpPlan Part 1, Exp 1.1) with n_seeds=5
2025-12-02 16:49:13,075 INFO: === Lambda Sweep Experiment (ExpPlan Part 1, Exp 1.1) ===
2025-12-02 16:49:13,075 INFO: Target: toffoli, Mode: unitary_preparation
2025-12-02 16:49:13,076 INFO: Experiment label: toffoli_unitary_preparation
2025-12-02 16:49:13,076 INFO: Lambda values: [0.001, 0.005, 0.01, 0.05, 0.1]
2025-12-02 16:49:13,076 INFO: Seeds per lambda: 5
2025-12-02 16:49:13,076 INFO: Qubits: 3
2025-12-02 16:49:13,076 INFO: Training steps per trial: 480000
2025-12-02 16:49:13,076 INFO: Steps per update (PPO n_steps): 2048
2025-12-02 16:49:13,076 INFO: Include rotations: True (types=['Rz', 'Rx'])
2025-12-02 16:49:13,076 INFO: Results directory: results/run_20251202-135856/lambda_sweep
2025-12-02 16:49:13,076 INFO: 
--- Lambda = 0.001 ---
2025-12-02 16:49:13,076 INFO:   Seed 1/5...
2025-12-02 19:29:46,822 INFO:     Best fidelity: 1.0000, CNOT count: 1, Success: True
2025-12-02 19:29:46,823 INFO:   Seed 2/5...
2025-12-02 22:11:24,001 INFO:     Best fidelity: 1.0000, CNOT count: 1, Success: True
2025-12-02 22:11:24,001 INFO:   Seed 3/5...
