2025-11-27 13:07:48,008 INFO: Starting pipeline with metadata: {'timestamp': '20251127-130748', 'preset': 'full', 'n_qubits': 4, 'baseline_steps': 200000, 'saboteur_steps': 200000, 'adversarial_gens': 10, 'seed': None}
2025-11-27 13:07:48,009 INFO: Running baseline architect (noiseless)
2025-11-27 14:10:06,990 INFO: Running lambda sweep experiment (ExpPlan Part 1, Exp 1.1)
2025-11-27 14:10:06,991 INFO: === Lambda Sweep Experiment (ExpPlan Part 1, Exp 1.1) ===
2025-11-27 14:10:06,991 INFO: Lambda values: [0.01, 0.005, 0.01, 0.05, 0.1]
2025-11-27 14:10:06,991 INFO: Seeds per lambda: 1
2025-11-27 14:10:06,991 INFO: Qubits: 4
2025-11-27 14:10:06,991 INFO: Training steps per trial: 200000
2025-11-27 14:10:06,991 INFO: Results directory: results/run_20251127-130748/lambda_sweep
2025-11-27 14:10:06,992 INFO: 
--- Lambda = 0.01 ---
2025-11-27 14:10:06,992 INFO:   Seed 1/1...
2025-11-27 15:06:23,762 INFO:     Best fidelity: 1.0000, CNOT count: 6, Success: True
2025-11-27 15:06:23,763 INFO:   Summary for λ=0.01:
2025-11-27 15:06:23,763 INFO:     Success rate: 100.00%
2025-11-27 15:06:23,763 INFO:     CNOT count - mean: 6.00, median: 6.00, std: 0.00
2025-11-27 15:06:23,763 INFO:     Fidelity - mean: 1.0000, std: 0.0000
2025-11-27 15:06:23,763 INFO: 
--- Lambda = 0.005 ---
2025-11-27 15:06:23,763 INFO:   Seed 1/1...
2025-11-27 16:00:51,841 INFO:     Best fidelity: 1.0000, CNOT count: 7, Success: True
2025-11-27 16:00:51,841 INFO:   Summary for λ=0.005:
2025-11-27 16:00:51,842 INFO:     Success rate: 100.00%
2025-11-27 16:00:51,842 INFO:     CNOT count - mean: 7.00, median: 7.00, std: 0.00
2025-11-27 16:00:51,842 INFO:     Fidelity - mean: 1.0000, std: 0.0000
2025-11-27 16:00:51,842 INFO: 
--- Lambda = 0.01 ---
2025-11-27 16:00:51,842 INFO:   Seed 1/1...
2025-11-27 17:01:52,408 INFO:     Best fidelity: 0.5000, CNOT count: 16, Success: False
2025-11-27 17:01:52,409 INFO:   Summary for λ=0.01:
2025-11-27 17:01:52,409 INFO:     Success rate: 0.00%
2025-11-27 17:01:52,409 INFO:     CNOT count - mean: 16.00, median: 16.00, std: 0.00
2025-11-27 17:01:52,409 INFO:     Fidelity - mean: 0.5000, std: 0.0000
2025-11-27 17:01:52,409 INFO: 
--- Lambda = 0.05 ---
2025-11-27 17:01:52,409 INFO:   Seed 1/1...
2025-11-27 17:55:11,136 INFO:     Best fidelity: 1.0000, CNOT count: 13, Success: True
2025-11-27 17:55:11,136 INFO:   Summary for λ=0.05:
2025-11-27 17:55:11,136 INFO:     Success rate: 100.00%
2025-11-27 17:55:11,136 INFO:     CNOT count - mean: 13.00, median: 13.00, std: 0.00
2025-11-27 17:55:11,137 INFO:     Fidelity - mean: 1.0000, std: 0.0000
2025-11-27 17:55:11,137 INFO: 
--- Lambda = 0.1 ---
2025-11-27 17:55:11,137 INFO:   Seed 1/1...
2025-11-27 18:51:06,915 INFO:     Best fidelity: 1.0000, CNOT count: 5, Success: True
2025-11-27 18:51:06,916 INFO:   Summary for λ=0.1:
2025-11-27 18:51:06,916 INFO:     Success rate: 100.00%
2025-11-27 18:51:06,916 INFO:     CNOT count - mean: 5.00, median: 5.00, std: 0.00
2025-11-27 18:51:06,916 INFO:     Fidelity - mean: 1.0000, std: 0.0000
2025-11-27 18:51:06,918 INFO: 
Results saved to results/run_20251127-130748/lambda_sweep/lambda_sweep_results.json
2025-11-27 18:51:06,919 INFO: Summary saved to results/run_20251127-130748/lambda_sweep/lambda_sweep_summary.txt
2025-11-27 18:51:06,919 INFO: Lambda sweep complete. Results saved to results/run_20251127-130748/lambda_sweep
2025-11-27 18:51:06,919 INFO: Running saboteur-only (attacks baseline circuit)
2025-11-27 19:30:25,619 INFO: Running adversarial co-evolution
2025-11-28 00:25:36,361 INFO: Plotting coevolutionary process from results/run_20251127-130748/adversarial/adversarial_training_20251127-193025
2025-11-28 00:25:42,054 INFO: --- Generating Corrected Co-Evolution Plot for results/run_20251127-130748/adversarial/adversarial_training_20251127-193025 ---
Corrected plot saved to: results/run_20251127-130748/adversarial/adversarial_training_20251127-193025/coevolution_corrected.png

2025-11-28 00:25:42,057 INFO: Copied vanilla circuit to compare/run_0
2025-11-28 00:25:42,060 INFO: Copied robust circuit from results/run_20251127-130748/adversarial/adversarial_training_20251127-193025/circuit_robust.json to compare/run_0
2025-11-28 00:25:42,060 INFO: Running comparison across runs in results/run_20251127-130748/compare
2025-11-28 00:25:44,795 INFO: Running parameter recovery experiment
2025-11-28 00:25:44,796 INFO: === Parameter Recovery Experiment ===
2025-11-28 00:25:44,796 INFO: Qubits: 4
2025-11-28 00:25:44,796 INFO: Noise parameters to test: [0.001, 0.005, 0.01, 0.02, 0.05, 0.08, 0.1]
2025-11-28 00:25:44,796 INFO: Shots per trial: 1000
2025-11-28 00:25:44,796 INFO: Repetitions per p: 10
2025-11-28 00:25:44,796 INFO: Results directory: results/run_20251127-130748/parameter_recovery
2025-11-28 00:25:44,797 INFO: Loaded baseline circuit from results/run_20251127-130748/baseline/circuit_vanilla.json
2025-11-28 00:25:44,798 INFO: Loaded robust circuit from results/run_20251127-130748/adversarial/adversarial_training_20251127-193025/circuit_robust.json
2025-11-28 00:25:44,798 INFO: 
  Testing baseline circuit:
2025-11-28 00:25:46,782 INFO:     p=0.001: recovered=0.0010±0.0000, fidelity=0.9785±0.0001
2025-11-28 00:25:48,496 INFO:     p=0.005: recovered=0.0050±0.0000, fidelity=0.8978±0.0004
2025-11-28 00:25:50,082 INFO:     p=0.010: recovered=0.0100±0.0000, fidelity=0.8068±0.0003
2025-11-28 00:25:51,671 INFO:     p=0.020: recovered=0.0200±0.0000, fidelity=0.6543±0.0003
2025-11-28 00:25:53,389 INFO:     p=0.050: recovered=0.0500±0.0001, fidelity=0.3622±0.0004
2025-11-28 00:25:54,974 INFO:     p=0.080: recovered=0.0799±0.0002, fidelity=0.2171±0.0005
2025-11-28 00:25:56,422 INFO:     p=0.100: recovered=0.1000±0.0002, fidelity=0.1626±0.0004
2025-11-28 00:25:56,422 INFO: 
  Testing robust circuit:
2025-11-28 00:25:57,210 INFO:     p=0.001: recovered=0.0010±0.0000, fidelity=0.9910±0.0001
2025-11-28 00:25:57,941 INFO:     p=0.005: recovered=0.0050±0.0000, fidelity=0.9561±0.0001
2025-11-28 00:25:58,617 INFO:     p=0.010: recovered=0.0100±0.0000, fidelity=0.9139±0.0002
2025-11-28 00:25:59,238 INFO:     p=0.020: recovered=0.0200±0.0000, fidelity=0.8356±0.0002
2025-11-28 00:25:59,800 INFO:     p=0.050: recovered=0.0500±0.0001, fidelity=0.6400±0.0004
2025-11-28 00:26:00,418 INFO:     p=0.080: recovered=0.0800±0.0001, fidelity=0.4926±0.0004
2025-11-28 00:26:00,981 INFO:     p=0.100: recovered=0.1000±0.0001, fidelity=0.4152±0.0005
2025-11-28 00:26:00,982 INFO: 
Results saved to results/run_20251127-130748/parameter_recovery/parameter_recovery_results.json
2025-11-28 00:26:01,204 INFO: Plot saved to results/run_20251127-130748/parameter_recovery/parameter_recovery_plot.png
2025-11-28 00:26:01,205 INFO: Summary saved to results/run_20251127-130748/parameter_recovery/parameter_recovery_summary.txt
2025-11-28 00:26:01,205 INFO: 
=== Parameter Recovery Experiment Complete ===
2025-11-28 00:26:01,205 INFO: Parameter recovery experiment complete. Results saved to results/run_20251127-130748/parameter_recovery
2025-11-28 00:26:01,205 INFO: Running cross-noise robustness experiment (ExpPlan Part 2, Exp 2.1)
2025-11-28 00:26:01,206 INFO: === Cross-Noise Robustness Experiment (ExpPlan Part 2, Exp 2.1) ===
2025-11-28 00:26:01,206 INFO: Baseline circuit: results/run_20251127-130748/compare/run_0/circuit_vanilla.json
2025-11-28 00:26:01,206 INFO: Robust circuit: results/run_20251127-130748/compare/run_0/circuit_robust.json
2025-11-28 00:26:01,206 INFO: Output directory: results/run_20251127-130748/cross_noise/cross_noise_20251128-002601
2025-11-28 00:26:01,206 INFO: Number of qubits: 4
2025-11-28 00:26:01,206 INFO: Loaded baseline circuit with 20 operations
2025-11-28 00:26:01,206 INFO: Loaded robust circuit with 6 operations
2025-11-28 00:26:01,207 INFO: 
--- Over-rotation sweep (ε ∈ [0.0, 0.1]) ---
2025-11-28 00:26:01,367 INFO: Baseline avg retention ratio (over-rotation): 0.9929
2025-11-28 00:26:01,368 INFO: Robust avg retention ratio (over-rotation): 0.9991
2025-11-28 00:26:01,368 INFO: 
--- Asymmetric Pauli noise (p_x=0.05, p_y=0.0, p_z=0.0) ---
2025-11-28 00:26:01,390 INFO: Baseline retention ratio (asymmetric): 0.3398
2025-11-28 00:26:01,390 INFO: Robust retention ratio (asymmetric): 0.6400
2025-11-28 00:26:01,391 INFO: 
Results saved to results/run_20251127-130748/cross_noise/cross_noise_20251128-002601/cross_noise_results.json
2025-11-28 00:26:01,617 INFO: Plot saved to results/run_20251127-130748/cross_noise/cross_noise_20251128-002601/cross_noise_robustness.png
2025-11-28 00:26:01,618 INFO: Summary saved to results/run_20251127-130748/cross_noise/cross_noise_20251128-002601/cross_noise_summary.txt
2025-11-28 00:26:01,618 INFO: 
=== Cross-Noise Robustness Experiment Complete ===
2025-11-28 00:26:01,619 INFO: Cross-noise robustness complete. Results saved to results/run_20251127-130748/cross_noise
2025-11-28 00:26:01,619 INFO: Pipeline finished. Results in results/run_20251127-130748
