2025-12-03 03:00:55,552 INFO: Loading experimental parameters for 3 qubits from config.py
2025-12-03 03:00:55,553 INFO: Starting pipeline with metadata: {'timestamp': '20251203-030055', 'n_qubits': 3, 'baseline_steps': 60000, 'saboteur_steps': 20480, 'adversarial_gens': 5, 'adversarial_arch_steps': 12000, 'seed': None, 'n_seeds': 5, 'source': 'experiments.config', 'champion_save_last_steps': None, 'hall_of_fame_size': 5}
2025-12-03 03:00:55,553 INFO: Running baseline architect (noiseless)
2025-12-03 03:17:07,846 INFO: Skipping lambda sweep as requested
2025-12-03 03:17:07,847 INFO: Running saboteur-only (attacks baseline circuit)
2025-12-03 03:21:30,199 INFO: Running adversarial co-evolution for 5 seeds (5 generations each)
2025-12-03 03:21:30,199 INFO: Adversarial training: seed index 0 (global seed=2042)
2025-12-03 03:21:30,199 INFO: Setting global seed = 2042
2025-12-03 03:42:38,968 INFO: Adversarial training: seed index 1 (global seed=2043)
2025-12-03 03:42:38,969 INFO: Setting global seed = 2043
2025-12-03 04:03:16,555 INFO: Adversarial training: seed index 2 (global seed=2044)
2025-12-03 04:03:16,555 INFO: Setting global seed = 2044
2025-12-03 04:24:21,620 INFO: Adversarial training: seed index 3 (global seed=2045)
2025-12-03 04:24:21,620 INFO: Setting global seed = 2045
2025-12-03 04:45:55,651 INFO: Adversarial training: seed index 4 (global seed=2046)
2025-12-03 04:45:55,651 INFO: Setting global seed = 2046
2025-12-03 05:07:03,392 INFO: Canonical adversarial run (for comparison): results/run_20251203-030055/adversarial/seed_0
2025-12-03 05:07:03,393 INFO: Plotting multi-seed coevolution from results/run_20251203-030055/adversarial
2025-12-03 05:07:07,015 INFO: [plot_coevolution_multiseed] Found runs:
  - results/run_20251203-030055/adversarial/seed_0
  - results/run_20251203-030055/adversarial/seed_1
  - results/run_20251203-030055/adversarial/seed_2
  - results/run_20251203-030055/adversarial/seed_3
  - results/run_20251203-030055/adversarial/seed_4
[plot_coevolution_multiseed] Saved multi-seed figure to results/run_20251203-030055/adversarial/coevolution_multiseed.png

2025-12-03 05:07:08,859 INFO: --- Generating Co-Evolution Plot for results/run_20251203-030055/adversarial/seed_0 ---
[plot_coevolution] Saved plot to results/run_20251203-030055/adversarial/coevolution_seed_0.png
2025-12-03 05:07:10,694 INFO: --- Generating Co-Evolution Plot for results/run_20251203-030055/adversarial/seed_1 ---
[plot_coevolution] Saved plot to results/run_20251203-030055/adversarial/coevolution_seed_1.png
2025-12-03 05:07:12,526 INFO: --- Generating Co-Evolution Plot for results/run_20251203-030055/adversarial/seed_2 ---
[plot_coevolution] Saved plot to results/run_20251203-030055/adversarial/coevolution_seed_2.png
2025-12-03 05:07:14,338 INFO: --- Generating Co-Evolution Plot for results/run_20251203-030055/adversarial/seed_3 ---
[plot_coevolution] Saved plot to results/run_20251203-030055/adversarial/coevolution_seed_3.png
2025-12-03 05:07:16,813 INFO: --- Generating Co-Evolution Plot for results/run_20251203-030055/adversarial/seed_4 ---
[plot_coevolution] Saved plot to results/run_20251203-030055/adversarial/coevolution_seed_4.png
2025-12-03 05:07:16,818 INFO: Robust circuit from results/run_20251203-030055/adversarial/seed_0 copied to results/run_20251203-030055/compare/run_0
2025-12-03 05:07:16,823 INFO: Robust circuit from results/run_20251203-030055/adversarial/seed_1 copied to results/run_20251203-030055/compare/run_1
2025-12-03 05:07:16,826 INFO: Robust circuit from results/run_20251203-030055/adversarial/seed_2 copied to results/run_20251203-030055/compare/run_2
2025-12-03 05:07:16,829 INFO: Robust circuit from results/run_20251203-030055/adversarial/seed_3 copied to results/run_20251203-030055/compare/run_3
2025-12-03 05:07:16,832 INFO: Robust circuit from results/run_20251203-030055/adversarial/seed_4 copied to results/run_20251203-030055/compare/run_4
2025-12-03 05:07:16,832 INFO: Running comparison across runs
2025-12-03 05:07:20,817 INFO: Running parameter recovery experiment
2025-12-03 05:07:20,817 INFO: === Parameter Recovery Experiment ===
2025-12-03 05:07:20,817 INFO: Qubits: 3
2025-12-03 05:07:20,818 INFO: Noise parameters to test: [0.001, 0.005, 0.01, 0.02, 0.05, 0.08, 0.1]
2025-12-03 05:07:20,818 INFO: Shots per trial: 1000
2025-12-03 05:07:20,818 INFO: Repetitions per p (seeds): 5
2025-12-03 05:07:20,818 INFO: Base seed: 42
2025-12-03 05:07:20,818 INFO: Results directory: results/run_20251203-030055/parameter_recovery
2025-12-03 05:07:20,818 INFO: Loaded baseline circuit from results/run_20251203-030055/baseline/circuit_vanilla.json
2025-12-03 05:07:20,819 INFO: Loaded robust circuit from results/run_20251203-030055/compare/run_0/circuit_robust.json
2025-12-03 05:07:20,819 INFO: 
  Testing baseline circuit (n_repetitions=5):
2025-12-03 05:07:21,945 INFO:     p=0.001: recovered=0.0010±0.0000 (n=5), fidelity=0.9747±0.0002
2025-12-03 05:07:22,911 INFO:     p=0.005: recovered=0.0050±0.0000 (n=5), fidelity=0.8809±0.0002
2025-12-03 05:07:23,785 INFO:     p=0.010: recovered=0.0100±0.0000 (n=5), fidelity=0.7776±0.0002
2025-12-03 05:07:24,735 INFO:     p=0.020: recovered=0.0200±0.0000 (n=5), fidelity=0.6111±0.0002
2025-12-03 05:07:25,692 INFO:     p=0.050: recovered=0.0500±0.0001 (n=5), fidelity=0.3265±0.0004
2025-12-03 05:07:26,603 INFO:     p=0.080: recovered=0.0800±0.0001 (n=5), fidelity=0.2083±0.0002
2025-12-03 05:07:27,478 INFO:     p=0.100: recovered=0.1000±0.0002 (n=5), fidelity=0.1711±0.0003
2025-12-03 05:07:27,479 INFO: 
  Testing robust circuit (n_repetitions=5):
2025-12-03 05:07:27,699 INFO:     p=0.001: recovered=0.0010±0.0000 (n=5), fidelity=0.9953±0.0001
2025-12-03 05:07:27,889 INFO:     p=0.005: recovered=0.0050±0.0000 (n=5), fidelity=0.9769±0.0001
2025-12-03 05:07:28,067 INFO:     p=0.010: recovered=0.0100±0.0000 (n=5), fidelity=0.9543±0.0001
2025-12-03 05:07:28,224 INFO:     p=0.020: recovered=0.0200±0.0001 (n=5), fidelity=0.9109±0.0002
2025-12-03 05:07:28,380 INFO:     p=0.050: recovered=0.0500±0.0001 (n=5), fidelity=0.7914±0.0004
2025-12-03 05:07:28,538 INFO:     p=0.080: recovered=0.0801±0.0002 (n=5), fidelity=0.6872±0.0005
2025-12-03 05:07:28,694 INFO:     p=0.100: recovered=0.0999±0.0002 (n=5), fidelity=0.6263±0.0005
2025-12-03 05:07:28,698 INFO: 
Results saved to results/run_20251203-030055/parameter_recovery/parameter_recovery_results.json
2025-12-03 05:07:28,996 INFO: Plot saved to results/run_20251203-030055/parameter_recovery/parameter_recovery_plot.png
2025-12-03 05:07:29,002 INFO: Summary saved to results/run_20251203-030055/parameter_recovery/parameter_recovery_summary.txt
2025-12-03 05:07:29,002 INFO: 
=== Parameter Recovery Experiment Complete ===
2025-12-03 05:07:29,002 INFO: Running cross-noise robustness experiment
2025-12-03 05:07:29,003 INFO: === Cross-Noise Robustness Experiment (ExpPlan Part 2, Exp 2.1) ===
2025-12-03 05:07:29,003 INFO: Baseline circuit: results/run_20251203-030055/compare/run_0/circuit_vanilla.json
2025-12-03 05:07:29,003 INFO: Robust circuit: results/run_20251203-030055/compare/run_0/circuit_robust.json
2025-12-03 05:07:29,003 INFO: Output directory: results/run_20251203-030055/cross_noise/cross_noise_20251203-050729
2025-12-03 05:07:29,003 INFO: Number of qubits: 3
2025-12-03 05:07:29,003 INFO: Number of seeds: 5
2025-12-03 05:07:29,003 INFO: Base seed: 42
2025-12-03 05:07:29,003 INFO: Loaded baseline circuit with 16 operations
2025-12-03 05:07:29,004 INFO: Loaded robust circuit with 3 operations
2025-12-03 05:07:29,007 INFO: Clean fidelities — baseline: 1.0000, robust: 1.0000; using shared reference 1.0000
2025-12-03 05:07:29,007 INFO: 
--- Over-rotation sweep (ε ∈ [0.0, 0.2]) ---
2025-12-03 05:07:29,190 INFO: Baseline avg retention ratio (over-rotation): 0.5763
2025-12-03 05:07:29,190 INFO: Robust avg retention ratio (over-rotation): 0.9798
2025-12-03 05:07:29,190 INFO: 
--- Asymmetric Pauli noise sweep (p_x in [0.05], p_y=0.0, p_z=0.0) ---
2025-12-03 05:07:29,293 INFO: p_x=0.050 | Baseline retention: 0.3728 | Robust retention: 0.8170
2025-12-03 05:07:29,295 INFO: 
Results saved to results/run_20251203-030055/cross_noise/cross_noise_20251203-050729/cross_noise_results.json
2025-12-03 05:07:29,546 INFO: Plot saved to results/run_20251203-030055/cross_noise/cross_noise_20251203-050729/cross_noise_robustness.png
2025-12-03 05:07:29,547 INFO: Summary saved to results/run_20251203-030055/cross_noise/cross_noise_20251203-050729/cross_noise_summary.txt
2025-12-03 05:07:29,552 INFO: 
=== Cross-Noise Robustness Experiment Complete ===
2025-12-03 05:07:29,573 WARNING: No fidelity data found to summarize.
2025-12-03 05:07:32,670 INFO: Robustness comparison written to results/run_20251203-030055/analysis/robustness_compare.json and results/run_20251203-030055/analysis/robustness_compare.csv
2025-12-03 05:07:32,671 INFO: Pipeline finished. Results in results/run_20251203-030055
