2025-11-27 07:49:02,160 INFO: Starting pipeline with metadata: {'timestamp': '20251127-074902', 'preset': 'full', 'n_qubits': 4, 'baseline_steps': 200000, 'saboteur_steps': 200000, 'adversarial_gens': 10, 'seed': None}
2025-11-27 07:49:02,161 INFO: Running baseline architect (noiseless)
2025-11-27 08:52:03,976 INFO: Running lambda sweep experiment (ExpPlan Part 1, Exp 1.1)
2025-11-27 08:52:03,977 INFO: === Lambda Sweep Experiment (ExpPlan Part 1, Exp 1.1) ===
2025-11-27 08:52:03,977 INFO: Lambda values: [0.01, 0.005, 0.01, 0.05, 0.1]
2025-11-27 08:52:03,977 INFO: Seeds per lambda: 1
2025-11-27 08:52:03,977 INFO: Qubits: 4
2025-11-27 08:52:03,977 INFO: Training steps per trial: 200000
2025-11-27 08:52:03,977 INFO: Results directory: results/run_20251127-074902/lambda_sweep
2025-11-27 08:52:03,978 INFO: 
--- Lambda = 0.01 ---
2025-11-27 08:52:03,978 INFO:   Seed 1/1...
2025-11-27 09:47:31,379 INFO:     Best fidelity: 1.0000, CNOT count: 7, Success: True
2025-11-27 09:47:31,382 INFO:   Summary for λ=0.01:
2025-11-27 09:47:31,383 INFO:     Success rate: 100.00%
2025-11-27 09:47:31,383 INFO:     CNOT count - mean: 7.00, median: 7.00, std: 0.00
2025-11-27 09:47:31,383 INFO:     Fidelity - mean: 1.0000, std: 0.0000
2025-11-27 09:47:31,383 INFO: 
--- Lambda = 0.005 ---
2025-11-27 09:47:31,383 INFO:   Seed 1/1...
2025-11-27 10:45:12,478 INFO:     Best fidelity: 1.0000, CNOT count: 5, Success: True
2025-11-27 10:45:12,482 INFO:   Summary for λ=0.005:
2025-11-27 10:45:12,482 INFO:     Success rate: 100.00%
2025-11-27 10:45:12,482 INFO:     CNOT count - mean: 5.00, median: 5.00, std: 0.00
2025-11-27 10:45:12,482 INFO:     Fidelity - mean: 1.0000, std: 0.0000
2025-11-27 10:45:12,482 INFO: 
--- Lambda = 0.01 ---
2025-11-27 10:45:12,482 INFO:   Seed 1/1...
2025-11-27 11:40:38,728 INFO:     Best fidelity: 1.0000, CNOT count: 3, Success: True
2025-11-27 11:40:38,732 INFO:   Summary for λ=0.01:
2025-11-27 11:40:38,732 INFO:     Success rate: 100.00%
2025-11-27 11:40:38,732 INFO:     CNOT count - mean: 3.00, median: 3.00, std: 0.00
2025-11-27 11:40:38,733 INFO:     Fidelity - mean: 1.0000, std: 0.0000
2025-11-27 11:40:38,733 INFO: 
--- Lambda = 0.05 ---
2025-11-27 11:40:38,733 INFO:   Seed 1/1...
2025-11-27 12:35:36,663 INFO:     Best fidelity: 1.0000, CNOT count: 6, Success: True
2025-11-27 12:35:36,666 INFO:   Summary for λ=0.05:
2025-11-27 12:35:36,666 INFO:     Success rate: 100.00%
2025-11-27 12:35:36,666 INFO:     CNOT count - mean: 6.00, median: 6.00, std: 0.00
2025-11-27 12:35:36,666 INFO:     Fidelity - mean: 1.0000, std: 0.0000
2025-11-27 12:35:36,666 INFO: 
--- Lambda = 0.1 ---
2025-11-27 12:35:36,666 INFO:   Seed 1/1...
2025-11-27 13:29:44,013 INFO:     Best fidelity: 1.0000, CNOT count: 3, Success: True
2025-11-27 13:29:44,013 INFO:   Summary for λ=0.1:
2025-11-27 13:29:44,014 INFO:     Success rate: 100.00%
2025-11-27 13:29:44,014 INFO:     CNOT count - mean: 3.00, median: 3.00, std: 0.00
2025-11-27 13:29:44,014 INFO:     Fidelity - mean: 1.0000, std: 0.0000
2025-11-27 13:29:44,015 INFO: 
Results saved to results/run_20251127-074902/lambda_sweep/lambda_sweep_results.json
2025-11-27 13:29:44,016 INFO: Summary saved to results/run_20251127-074902/lambda_sweep/lambda_sweep_summary.txt
2025-11-27 13:29:44,016 INFO: Lambda sweep complete. Results saved to results/run_20251127-074902/lambda_sweep
2025-11-27 13:29:44,017 INFO: Running saboteur-only (attacks baseline circuit)
2025-11-27 14:05:16,225 INFO: Running adversarial co-evolution
2025-11-27 19:05:07,030 INFO: Plotting coevolutionary process from results/run_20251127-074902/adversarial/adversarial_training_20251127-140516
2025-11-27 19:05:12,656 INFO: --- Generating Corrected Co-Evolution Plot for results/run_20251127-074902/adversarial/adversarial_training_20251127-140516 ---
Corrected plot saved to: results/run_20251127-074902/adversarial/adversarial_training_20251127-140516/coevolution_corrected.png

2025-11-27 19:05:12,660 INFO: Copied vanilla circuit to compare/run_0
2025-11-27 19:05:12,662 INFO: Copied robust circuit from results/run_20251127-074902/adversarial/adversarial_training_20251127-140516/circuit_robust.json to compare/run_0
2025-11-27 19:05:12,662 INFO: Running comparison across runs in results/run_20251127-074902/compare
2025-11-27 19:05:15,071 INFO: Running parameter recovery experiment
2025-11-27 19:05:15,072 INFO: === Parameter Recovery Experiment ===
2025-11-27 19:05:15,072 INFO: Qubits: 4
2025-11-27 19:05:15,072 INFO: Noise parameters to test: [0.001, 0.005, 0.01, 0.02, 0.05, 0.08, 0.1]
2025-11-27 19:05:15,072 INFO: Shots per trial: 1000
2025-11-27 19:05:15,072 INFO: Repetitions per p: 10
2025-11-27 19:05:15,072 INFO: Results directory: results/run_20251127-074902/parameter_recovery
2025-11-27 19:05:15,073 INFO: Loaded baseline circuit from results/run_20251127-074902/baseline/circuit_vanilla.json
2025-11-27 19:05:15,074 INFO: Loaded robust circuit from results/run_20251127-074902/adversarial/adversarial_training_20251127-140516/circuit_robust.json
2025-11-27 19:05:15,074 INFO: 
  Testing baseline circuit:
2025-11-27 19:05:16,333 INFO:     p=0.001: recovered=0.0010±0.0000, fidelity=0.9874±0.0001
2025-11-27 19:05:17,424 INFO:     p=0.005: recovered=0.0050±0.0000, fidelity=0.9388±0.0003
2025-11-27 19:05:18,453 INFO:     p=0.010: recovered=0.0100±0.0000, fidelity=0.8816±0.0002
2025-11-27 19:05:19,462 INFO:     p=0.020: recovered=0.0200±0.0000, fidelity=0.7788±0.0003
2025-11-27 19:05:20,398 INFO:     p=0.050: recovered=0.0500±0.0001, fidelity=0.5430±0.0005
2025-11-27 19:05:21,643 INFO:     p=0.080: recovered=0.0799±0.0002, fidelity=0.3876±0.0006
2025-11-27 19:05:22,568 INFO:     p=0.100: recovered=0.1000±0.0002, fidelity=0.3138±0.0005
2025-11-27 19:05:22,568 INFO: 
  Testing robust circuit:
2025-11-27 19:05:23,359 INFO:     p=0.001: recovered=0.0010±0.0000, fidelity=0.9910±0.0001
2025-11-27 19:05:24,094 INFO:     p=0.005: recovered=0.0050±0.0000, fidelity=0.9561±0.0001
2025-11-27 19:05:24,775 INFO:     p=0.010: recovered=0.0100±0.0000, fidelity=0.9139±0.0002
2025-11-27 19:05:25,401 INFO:     p=0.020: recovered=0.0200±0.0000, fidelity=0.8356±0.0002
2025-11-27 19:05:25,966 INFO:     p=0.050: recovered=0.0500±0.0001, fidelity=0.6400±0.0004
2025-11-27 19:05:26,594 INFO:     p=0.080: recovered=0.0800±0.0001, fidelity=0.4926±0.0004
2025-11-27 19:05:27,159 INFO:     p=0.100: recovered=0.1000±0.0001, fidelity=0.4152±0.0005
2025-11-27 19:05:27,161 INFO: 
Results saved to results/run_20251127-074902/parameter_recovery/parameter_recovery_results.json
2025-11-27 19:05:27,383 INFO: Plot saved to results/run_20251127-074902/parameter_recovery/parameter_recovery_plot.png
2025-11-27 19:05:27,384 INFO: Summary saved to results/run_20251127-074902/parameter_recovery/parameter_recovery_summary.txt
2025-11-27 19:05:27,384 INFO: 
=== Parameter Recovery Experiment Complete ===
2025-11-27 19:05:27,384 INFO: Parameter recovery experiment complete. Results saved to results/run_20251127-074902/parameter_recovery
2025-11-27 19:05:27,384 INFO: Running cross-noise robustness experiment (ExpPlan Part 2, Exp 2.1)
2025-11-27 19:05:27,384 INFO: === Cross-Noise Robustness Experiment (ExpPlan Part 2, Exp 2.1) ===
2025-11-27 19:05:27,385 INFO: Baseline circuit: results/run_20251127-074902/compare/run_0/circuit_vanilla.json
2025-11-27 19:05:27,385 INFO: Robust circuit: results/run_20251127-074902/compare/run_0/circuit_robust.json
2025-11-27 19:05:27,385 INFO: Output directory: results/run_20251127-074902/cross_noise/cross_noise_20251127-190527
2025-11-27 19:05:27,385 INFO: Number of qubits: 4
2025-11-27 19:05:27,385 INFO: Loaded baseline circuit with 12 operations
2025-11-27 19:05:27,385 INFO: Loaded robust circuit with 6 operations
2025-11-27 19:05:27,386 INFO: 
--- Over-rotation sweep (ε ∈ [0.0, 0.1]) ---
2025-11-27 19:05:27,512 INFO: Baseline avg retention ratio (over-rotation): 0.9873
2025-11-27 19:05:27,512 INFO: Robust avg retention ratio (over-rotation): 0.9991
2025-11-27 19:05:27,512 INFO: 
--- Asymmetric Pauli noise (p_x=0.05, p_y=0.0, p_z=0.0) ---
2025-11-27 19:05:27,529 INFO: Baseline retention ratio (asymmetric): 0.4975
2025-11-27 19:05:27,529 INFO: Robust retention ratio (asymmetric): 0.6400
2025-11-27 19:05:27,531 INFO: 
Results saved to results/run_20251127-074902/cross_noise/cross_noise_20251127-190527/cross_noise_results.json
2025-11-27 19:05:27,758 INFO: Plot saved to results/run_20251127-074902/cross_noise/cross_noise_20251127-190527/cross_noise_robustness.png
2025-11-27 19:05:27,759 INFO: Summary saved to results/run_20251127-074902/cross_noise/cross_noise_20251127-190527/cross_noise_summary.txt
2025-11-27 19:05:27,759 INFO: 
=== Cross-Noise Robustness Experiment Complete ===
2025-11-27 19:05:27,759 INFO: Cross-noise robustness complete. Results saved to results/run_20251127-074902/cross_noise
2025-11-27 19:05:27,759 INFO: Pipeline finished. Results in results/run_20251127-074902
